[0.017s] Invoking command in '/home/oumuika/Documents/mirs_msgs/build/mirs_msgs': CMAKE_PREFIX_PATH=/opt/ros/humble /usr/bin/cmake /home/oumuika/Documents/mirs_msgs -DCMAKE_INSTALL_PREFIX=/home/oumuika/Documents/mirs_msgs/install/mirs_msgs
[0.264s] -- The C compiler identification is GNU 11.4.0
[0.411s] -- The CXX compiler identification is GNU 11.4.0
[0.429s] -- Detecting C compiler ABI info
[0.529s] -- Detecting C compiler ABI info - done
[0.540s] -- Check for working C compiler: /usr/bin/cc - skipped
[0.540s] -- Detecting C compile features
[0.541s] -- Detecting C compile features - done
[0.547s] -- Detecting CXX compiler ABI info
[0.655s] -- Detecting CXX compiler ABI info - done
[0.674s] -- Check for working CXX compiler: /usr/bin/c++ - skipped
[0.675s] -- Detecting CXX compile features
[0.676s] -- Detecting CXX compile features - done
[0.685s] -- Found ament_cmake: 1.3.10 (/opt/ros/humble/share/ament_cmake/cmake)
[0.910s] -- Found Python3: /usr/bin/python3 (found version "3.10.12") found components: Interpreter 
[1.070s] -- Found rosidl_default_generators: 1.2.0 (/opt/ros/humble/share/rosidl_default_generators/cmake)
[1.077s] -- Using all available rosidl_typesupport_c: rosidl_typesupport_fastrtps_c;rosidl_typesupport_introspection_c
[1.088s] -- Found rosidl_adapter: 3.1.5 (/opt/ros/humble/share/rosidl_adapter/cmake)
[1.161s] -- Using all available rosidl_typesupport_cpp: rosidl_typesupport_fastrtps_cpp;rosidl_typesupport_introspection_cpp
[1.621s] -- Found ament_cmake_ros: 0.10.0 (/opt/ros/humble/share/ament_cmake_ros/cmake)
[1.905s] -- Using all available rosidl_typesupport_c: rosidl_typesupport_fastrtps_c;rosidl_typesupport_introspection_c
[2.254s] -- Using all available rosidl_typesupport_cpp: rosidl_typesupport_fastrtps_cpp;rosidl_typesupport_introspection_cpp
[2.292s] -- Found PythonInterp: /usr/bin/python3 (found suitable version "3.10.12", minimum required is "3.6") 
[2.294s] -- Found python_cmake_module: 0.10.0 (/opt/ros/humble/share/python_cmake_module/cmake)
[2.340s] -- Found PythonLibs: /usr/lib/x86_64-linux-gnu/libpython3.10.so (found suitable version "3.10.12", minimum required is "3.5") 
[2.340s] -- Using PYTHON_EXECUTABLE: /usr/bin/python3
[2.341s] -- Using PYTHON_INCLUDE_DIRS: /usr/include/python3.10
[2.341s] -- Using PYTHON_LIBRARIES: /usr/lib/x86_64-linux-gnu/libpython3.10.so
[2.374s] -- Found PythonExtra: .so  
[2.429s] -- Configuring done
[2.477s] -- Generating done
[2.481s] -- Build files have been written to: /home/oumuika/Documents/mirs_msgs/build/mirs_msgs
[2.488s] Invoked command in '/home/oumuika/Documents/mirs_msgs/build/mirs_msgs' returned '0': CMAKE_PREFIX_PATH=/opt/ros/humble /usr/bin/cmake /home/oumuika/Documents/mirs_msgs -DCMAKE_INSTALL_PREFIX=/home/oumuika/Documents/mirs_msgs/install/mirs_msgs
[2.490s] Invoking command in '/home/oumuika/Documents/mirs_msgs/build/mirs_msgs': CMAKE_PREFIX_PATH=/opt/ros/humble /usr/bin/cmake --build /home/oumuika/Documents/mirs_msgs/build/mirs_msgs -- -j6 -l6
[2.551s] [  1%] [34m[1mGenerating C code for ROS interfaces[0m
[2.565s] [  2%] [34m[1mGenerating C++ code for ROS interfaces[0m
[2.572s] [  2%] Built target ament_cmake_python_copy_mirs_msgs
[2.890s] running egg_info
[2.891s] creating mirs_msgs.egg-info
[2.891s] writing mirs_msgs.egg-info/PKG-INFO
[2.891s] writing dependency_links to mirs_msgs.egg-info/dependency_links.txt
[2.891s] writing top-level names to mirs_msgs.egg-info/top_level.txt
[2.892s] writing manifest file 'mirs_msgs.egg-info/SOURCES.txt'
[2.895s] reading manifest file 'mirs_msgs.egg-info/SOURCES.txt'
[2.896s] writing manifest file 'mirs_msgs.egg-info/SOURCES.txt'
[2.935s] [  2%] Built target ament_cmake_python_build_mirs_msgs_egg
[3.395s] [  2%] Built target mirs_msgs__cpp
[3.408s] [  4%] [34m[1mGenerating C++ type support dispatch for ROS interfaces[0m
[3.413s] [  5%] [34m[1mGenerating C++ type support for eProsima Fast-RTPS[0m
[3.418s] [  7%] [34m[1mGenerating C++ introspection for ROS interfaces[0m
[3.499s] [  9%] [32mBuilding C object CMakeFiles/mirs_msgs__rosidl_generator_c.dir/rosidl_generator_c/mirs_msgs/srv/detail/params__functions.c.o[0m
[3.499s] [  9%] [32mBuilding C object CMakeFiles/mirs_msgs__rosidl_generator_c.dir/rosidl_generator_c/mirs_msgs/srv/detail/parameter_update__functions.c.o[0m
[3.499s] [ 11%] [32mBuilding C object CMakeFiles/mirs_msgs__rosidl_generator_c.dir/rosidl_generator_c/mirs_msgs/srv/detail/simple_command__functions.c.o[0m
[3.581s] [ 12%] [32mBuilding C object CMakeFiles/mirs_msgs__rosidl_generator_c.dir/rosidl_generator_c/mirs_msgs/srv/detail/basic_command__functions.c.o[0m
[3.581s] [ 14%] [32mBuilding C object CMakeFiles/mirs_msgs__rosidl_generator_c.dir/rosidl_generator_c/mirs_msgs/srv/detail/number_command__functions.c.o[0m
[3.583s] [ 15%] [32mBuilding C object CMakeFiles/mirs_msgs__rosidl_generator_c.dir/rosidl_generator_c/mirs_msgs/msg/detail/basic_param__functions.c.o[0m
[3.649s] [ 16%] [32m[1mLinking C shared library libmirs_msgs__rosidl_generator_c.so[0m
[3.696s] [ 16%] Built target mirs_msgs__rosidl_generator_c
[3.710s] [ 18%] [34m[1mGenerating C type support for eProsima Fast-RTPS[0m
[3.710s] [ 19%] [34m[1mGenerating C type support dispatch for ROS interfaces[0m
[3.712s] [ 21%] [34m[1mGenerating C introspection for ROS interfaces[0m
[3.990s] [ 22%] [32mBuilding CXX object CMakeFiles/mirs_msgs__rosidl_typesupport_cpp.dir/rosidl_typesupport_cpp/mirs_msgs/srv/params__type_support.cpp.o[0m
[4.184s] [ 23%] [32mBuilding CXX object CMakeFiles/mirs_msgs__rosidl_typesupport_introspection_cpp.dir/rosidl_typesupport_introspection_cpp/mirs_msgs/srv/detail/params__type_support.cpp.o[0m
[4.305s] [ 25%] [32mBuilding CXX object CMakeFiles/mirs_msgs__rosidl_typesupport_fastrtps_cpp.dir/rosidl_typesupport_fastrtps_cpp/mirs_msgs/srv/detail/dds_fastrtps/params__type_support.cpp.o[0m
[4.318s] [ 26%] [32mBuilding CXX object CMakeFiles/mirs_msgs__rosidl_typesupport_c.dir/rosidl_typesupport_c/mirs_msgs/srv/params__type_support.cpp.o[0m
[4.363s] [ 28%] [32mBuilding CXX object CMakeFiles/mirs_msgs__rosidl_typesupport_c.dir/rosidl_typesupport_c/mirs_msgs/srv/parameter_update__type_support.cpp.o[0m
[4.382s] [ 29%] [32mBuilding CXX object CMakeFiles/mirs_msgs__rosidl_typesupport_cpp.dir/rosidl_typesupport_cpp/mirs_msgs/srv/parameter_update__type_support.cpp.o[0m
[4.402s] [ 30%] [32mBuilding CXX object CMakeFiles/mirs_msgs__rosidl_typesupport_c.dir/rosidl_typesupport_c/mirs_msgs/srv/simple_command__type_support.cpp.o[0m
[4.441s] [ 32%] [32mBuilding CXX object CMakeFiles/mirs_msgs__rosidl_typesupport_c.dir/rosidl_typesupport_c/mirs_msgs/srv/basic_command__type_support.cpp.o[0m
[4.479s] [ 33%] [32mBuilding CXX object CMakeFiles/mirs_msgs__rosidl_typesupport_c.dir/rosidl_typesupport_c/mirs_msgs/srv/number_command__type_support.cpp.o[0m
[4.517s] [ 35%] [32mBuilding CXX object CMakeFiles/mirs_msgs__rosidl_typesupport_c.dir/rosidl_typesupport_c/mirs_msgs/msg/basic_param__type_support.cpp.o[0m
[4.543s] [ 36%] [32mBuilding C object CMakeFiles/mirs_msgs__rosidl_typesupport_introspection_c.dir/rosidl_typesupport_introspection_c/mirs_msgs/srv/detail/params__type_support.c.o[0m
[4.553s] [ 38%] [32m[1mLinking CXX shared library libmirs_msgs__rosidl_typesupport_c.so[0m
[4.556s] [ 39%] [32mBuilding CXX object CMakeFiles/mirs_msgs__rosidl_typesupport_fastrtps_c.dir/rosidl_typesupport_fastrtps_c/mirs_msgs/srv/detail/params__type_support_c.cpp.o[0m
[4.593s] [ 40%] [32mBuilding C object CMakeFiles/mirs_msgs__rosidl_typesupport_introspection_c.dir/rosidl_typesupport_introspection_c/mirs_msgs/srv/detail/parameter_update__type_support.c.o[0m
[4.609s] [ 40%] Built target mirs_msgs__rosidl_typesupport_c
[4.621s] [ 42%] [32mBuilding CXX object CMakeFiles/mirs_msgs__rosidl_typesupport_cpp.dir/rosidl_typesupport_cpp/mirs_msgs/srv/simple_command__type_support.cpp.o[0m
[4.637s] [ 43%] [32mBuilding C object CMakeFiles/mirs_msgs__rosidl_typesupport_introspection_c.dir/rosidl_typesupport_introspection_c/mirs_msgs/srv/detail/simple_command__type_support.c.o[0m
[4.682s] [ 45%] [32mBuilding CXX object CMakeFiles/mirs_msgs__rosidl_typesupport_introspection_cpp.dir/rosidl_typesupport_introspection_cpp/mirs_msgs/srv/detail/parameter_update__type_support.cpp.o[0m
[4.686s] [ 46%] [32mBuilding C object CMakeFiles/mirs_msgs__rosidl_typesupport_introspection_c.dir/rosidl_typesupport_introspection_c/mirs_msgs/srv/detail/basic_command__type_support.c.o[0m
[4.728s] [ 47%] [32mBuilding C object CMakeFiles/mirs_msgs__rosidl_typesupport_introspection_c.dir/rosidl_typesupport_introspection_c/mirs_msgs/srv/detail/number_command__type_support.c.o[0m
[4.731s] [ 49%] [32mBuilding CXX object CMakeFiles/mirs_msgs__rosidl_typesupport_introspection_cpp.dir/rosidl_typesupport_introspection_cpp/mirs_msgs/srv/detail/simple_command__type_support.cpp.o[0m
[4.772s] [ 50%] [32mBuilding C object CMakeFiles/mirs_msgs__rosidl_typesupport_introspection_c.dir/rosidl_typesupport_introspection_c/mirs_msgs/msg/detail/basic_param__type_support.c.o[0m
[4.809s] [ 52%] [32m[1mLinking C shared library libmirs_msgs__rosidl_typesupport_introspection_c.so[0m
[4.853s] [ 52%] Built target mirs_msgs__rosidl_typesupport_introspection_c
[4.853s] [ 53%] [32mBuilding CXX object CMakeFiles/mirs_msgs__rosidl_typesupport_fastrtps_cpp.dir/rosidl_typesupport_fastrtps_cpp/mirs_msgs/srv/detail/dds_fastrtps/parameter_update__type_support.cpp.o[0m
[4.862s] [ 54%] [32mBuilding CXX object CMakeFiles/mirs_msgs__rosidl_typesupport_fastrtps_c.dir/rosidl_typesupport_fastrtps_c/mirs_msgs/srv/detail/parameter_update__type_support_c.cpp.o[0m
[4.951s] [ 56%] [32mBuilding CXX object CMakeFiles/mirs_msgs__rosidl_typesupport_cpp.dir/rosidl_typesupport_cpp/mirs_msgs/srv/basic_command__type_support.cpp.o[0m
[5.013s] [ 57%] [32mBuilding CXX object CMakeFiles/mirs_msgs__rosidl_typesupport_cpp.dir/rosidl_typesupport_cpp/mirs_msgs/srv/number_command__type_support.cpp.o[0m
[5.172s] [ 59%] [32mBuilding CXX object CMakeFiles/mirs_msgs__rosidl_typesupport_cpp.dir/rosidl_typesupport_cpp/mirs_msgs/msg/basic_param__type_support.cpp.o[0m
[5.202s] [ 60%] [32mBuilding CXX object CMakeFiles/mirs_msgs__rosidl_typesupport_introspection_cpp.dir/rosidl_typesupport_introspection_cpp/mirs_msgs/srv/detail/basic_command__type_support.cpp.o[0m
[5.280s] [ 61%] [32mBuilding CXX object CMakeFiles/mirs_msgs__rosidl_typesupport_fastrtps_cpp.dir/rosidl_typesupport_fastrtps_cpp/mirs_msgs/srv/detail/dds_fastrtps/simple_command__type_support.cpp.o[0m
[5.303s] [ 63%] [32mBuilding CXX object CMakeFiles/mirs_msgs__rosidl_typesupport_fastrtps_c.dir/rosidl_typesupport_fastrtps_c/mirs_msgs/srv/detail/simple_command__type_support_c.cpp.o[0m
[5.350s] [ 64%] [32mBuilding CXX object CMakeFiles/mirs_msgs__rosidl_typesupport_introspection_cpp.dir/rosidl_typesupport_introspection_cpp/mirs_msgs/srv/detail/number_command__type_support.cpp.o[0m
[5.361s] [ 66%] [32mBuilding CXX object CMakeFiles/mirs_msgs__rosidl_typesupport_fastrtps_cpp.dir/rosidl_typesupport_fastrtps_cpp/mirs_msgs/srv/detail/dds_fastrtps/basic_command__type_support.cpp.o[0m
[5.497s] [ 67%] [32m[1mLinking CXX shared library libmirs_msgs__rosidl_typesupport_cpp.so[0m
[5.553s] [ 67%] Built target mirs_msgs__rosidl_typesupport_cpp
[5.564s] [ 69%] [32mBuilding CXX object CMakeFiles/mirs_msgs__rosidl_typesupport_fastrtps_c.dir/rosidl_typesupport_fastrtps_c/mirs_msgs/srv/detail/basic_command__type_support_c.cpp.o[0m
[5.673s] [ 70%] [32mBuilding CXX object CMakeFiles/mirs_msgs__rosidl_typesupport_fastrtps_cpp.dir/rosidl_typesupport_fastrtps_cpp/mirs_msgs/srv/detail/dds_fastrtps/number_command__type_support.cpp.o[0m
[5.734s] [ 71%] [32mBuilding CXX object CMakeFiles/mirs_msgs__rosidl_typesupport_introspection_cpp.dir/rosidl_typesupport_introspection_cpp/mirs_msgs/msg/detail/basic_param__type_support.cpp.o[0m
[5.788s] [ 73%] [32mBuilding CXX object CMakeFiles/mirs_msgs__rosidl_typesupport_fastrtps_c.dir/rosidl_typesupport_fastrtps_c/mirs_msgs/srv/detail/number_command__type_support_c.cpp.o[0m
[5.834s] [ 74%] [32mBuilding CXX object CMakeFiles/mirs_msgs__rosidl_typesupport_fastrtps_c.dir/rosidl_typesupport_fastrtps_c/mirs_msgs/msg/detail/basic_param__type_support_c.cpp.o[0m
[5.875s] [ 76%] [32mBuilding CXX object CMakeFiles/mirs_msgs__rosidl_typesupport_fastrtps_cpp.dir/rosidl_typesupport_fastrtps_cpp/mirs_msgs/msg/detail/dds_fastrtps/basic_param__type_support.cpp.o[0m
[6.204s] [ 77%] [32m[1mLinking CXX shared library libmirs_msgs__rosidl_typesupport_introspection_cpp.so[0m
[6.245s] [ 78%] [32m[1mLinking CXX shared library libmirs_msgs__rosidl_typesupport_fastrtps_c.so[0m
[6.257s] [ 78%] Built target mirs_msgs__rosidl_typesupport_introspection_cpp
[6.361s] [ 78%] Built target mirs_msgs__rosidl_typesupport_fastrtps_c
[6.372s] [ 80%] [32m[1mLinking CXX shared library libmirs_msgs__rosidl_typesupport_fastrtps_cpp.so[0m
[6.488s] [ 80%] Built target mirs_msgs__rosidl_typesupport_fastrtps_cpp
[6.518s] [ 80%] Built target mirs_msgs
[6.549s] [ 81%] [34m[1mGenerating Python code for ROS interfaces[0m
[7.973s] [ 81%] Built target mirs_msgs__py
[7.999s] [ 87%] [32mBuilding C object CMakeFiles/mirs_msgs__rosidl_generator_py.dir/rosidl_generator_py/mirs_msgs/srv/_simple_command_s.c.o[0m
[7.999s] [ 87%] [32mBuilding C object CMakeFiles/mirs_msgs__rosidl_generator_py.dir/rosidl_generator_py/mirs_msgs/srv/_params_s.c.o[0m
[8.000s] [ 87%] [32mBuilding C object CMakeFiles/mirs_msgs__rosidl_generator_py.dir/rosidl_generator_py/mirs_msgs/srv/_parameter_update_s.c.o[0m
[8.000s] [ 87%] [32mBuilding C object CMakeFiles/mirs_msgs__rosidl_generator_py.dir/rosidl_generator_py/mirs_msgs/srv/_basic_command_s.c.o[0m
[8.000s] [ 90%] [32mBuilding C object CMakeFiles/mirs_msgs__rosidl_generator_py.dir/rosidl_generator_py/mirs_msgs/msg/_basic_param_s.c.o[0m
[8.000s] [ 90%] [32mBuilding C object CMakeFiles/mirs_msgs__rosidl_generator_py.dir/rosidl_generator_py/mirs_msgs/srv/_number_command_s.c.o[0m
[8.170s] [ 91%] [32m[1mLinking C shared library rosidl_generator_py/mirs_msgs/libmirs_msgs__rosidl_generator_py.so[0m
[8.223s] [ 91%] Built target mirs_msgs__rosidl_generator_py
[8.247s] [ 95%] [32mBuilding C object CMakeFiles/mirs_msgs__rosidl_typesupport_c__pyext.dir/rosidl_generator_py/mirs_msgs/_mirs_msgs_s.ep.rosidl_typesupport_c.c.o[0m
[8.248s] [ 95%] [32mBuilding C object CMakeFiles/mirs_msgs__rosidl_typesupport_introspection_c__pyext.dir/rosidl_generator_py/mirs_msgs/_mirs_msgs_s.ep.rosidl_typesupport_introspection_c.c.o[0m
[8.248s] [ 95%] [32mBuilding C object CMakeFiles/mirs_msgs__rosidl_typesupport_fastrtps_c__pyext.dir/rosidl_generator_py/mirs_msgs/_mirs_msgs_s.ep.rosidl_typesupport_fastrtps_c.c.o[0m
[8.399s] [ 97%] [32m[1mLinking C shared library rosidl_generator_py/mirs_msgs/mirs_msgs_s__rosidl_typesupport_introspection_c.cpython-310-x86_64-linux-gnu.so[0m
[8.402s] [ 98%] [32m[1mLinking C shared library rosidl_generator_py/mirs_msgs/mirs_msgs_s__rosidl_typesupport_c.cpython-310-x86_64-linux-gnu.so[0m
[8.407s] [100%] [32m[1mLinking C shared library rosidl_generator_py/mirs_msgs/mirs_msgs_s__rosidl_typesupport_fastrtps_c.cpython-310-x86_64-linux-gnu.so[0m
[8.439s] [100%] Built target mirs_msgs__rosidl_typesupport_introspection_c__pyext
[8.447s] [100%] Built target mirs_msgs__rosidl_typesupport_c__pyext
[8.448s] [100%] Built target mirs_msgs__rosidl_typesupport_fastrtps_c__pyext
[8.462s] Invoked command in '/home/oumuika/Documents/mirs_msgs/build/mirs_msgs' returned '0': CMAKE_PREFIX_PATH=/opt/ros/humble /usr/bin/cmake --build /home/oumuika/Documents/mirs_msgs/build/mirs_msgs -- -j6 -l6
[8.618s] Invoking command in '/home/oumuika/Documents/mirs_msgs/build/mirs_msgs': CMAKE_PREFIX_PATH=/opt/ros/humble /usr/bin/cmake --install /home/oumuika/Documents/mirs_msgs/build/mirs_msgs
[8.628s] -- Install configuration: ""
[8.628s] -- Installing: /home/oumuika/Documents/mirs_msgs/install/mirs_msgs/share/ament_index/resource_index/rosidl_interfaces/mirs_msgs
[8.628s] -- Installing: /home/oumuika/Documents/mirs_msgs/install/mirs_msgs/include/mirs_msgs/mirs_msgs
[8.628s] -- Installing: /home/oumuika/Documents/mirs_msgs/install/mirs_msgs/include/mirs_msgs/mirs_msgs/msg
[8.628s] -- Installing: /home/oumuika/Documents/mirs_msgs/install/mirs_msgs/include/mirs_msgs/mirs_msgs/msg/detail
[8.628s] -- Installing: /home/oumuika/Documents/mirs_msgs/install/mirs_msgs/include/mirs_msgs/mirs_msgs/msg/detail/basic_param__functions.c
[8.629s] -- Installing: /home/oumuika/Documents/mirs_msgs/install/mirs_msgs/include/mirs_msgs/mirs_msgs/msg/detail/basic_param__type_support.h
[8.629s] -- Installing: /home/oumuika/Documents/mirs_msgs/install/mirs_msgs/include/mirs_msgs/mirs_msgs/msg/detail/basic_param__struct.h
[8.629s] -- Installing: /home/oumuika/Documents/mirs_msgs/install/mirs_msgs/include/mirs_msgs/mirs_msgs/msg/detail/basic_param__functions.h
[8.629s] -- Installing: /home/oumuika/Documents/mirs_msgs/install/mirs_msgs/include/mirs_msgs/mirs_msgs/msg/rosidl_generator_c__visibility_control.h
[8.629s] -- Installing: /home/oumuika/Documents/mirs_msgs/install/mirs_msgs/include/mirs_msgs/mirs_msgs/msg/basic_param.h
[8.629s] -- Installing: /home/oumuika/Documents/mirs_msgs/install/mirs_msgs/include/mirs_msgs/mirs_msgs/srv
[8.630s] -- Installing: /home/oumuika/Documents/mirs_msgs/install/mirs_msgs/include/mirs_msgs/mirs_msgs/srv/number_command.h
[8.630s] -- Installing: /home/oumuika/Documents/mirs_msgs/install/mirs_msgs/include/mirs_msgs/mirs_msgs/srv/simple_command.h
[8.630s] -- Installing: /home/oumuika/Documents/mirs_msgs/install/mirs_msgs/include/mirs_msgs/mirs_msgs/srv/detail
[8.630s] -- Installing: /home/oumuika/Documents/mirs_msgs/install/mirs_msgs/include/mirs_msgs/mirs_msgs/srv/detail/parameter_update__functions.c
[8.631s] -- Installing: /home/oumuika/Documents/mirs_msgs/install/mirs_msgs/include/mirs_msgs/mirs_msgs/srv/detail/number_command__functions.h
[8.631s] -- Installing: /home/oumuika/Documents/mirs_msgs/install/mirs_msgs/include/mirs_msgs/mirs_msgs/srv/detail/simple_command__functions.h
[8.631s] -- Installing: /home/oumuika/Documents/mirs_msgs/install/mirs_msgs/include/mirs_msgs/mirs_msgs/srv/detail/basic_command__struct.h
[8.631s] -- Installing: /home/oumuika/Documents/mirs_msgs/install/mirs_msgs/include/mirs_msgs/mirs_msgs/srv/detail/simple_command__struct.h
[8.631s] -- Installing: /home/oumuika/Documents/mirs_msgs/install/mirs_msgs/include/mirs_msgs/mirs_msgs/srv/detail/number_command__type_support.h
[8.631s] -- Installing: /home/oumuika/Documents/mirs_msgs/install/mirs_msgs/include/mirs_msgs/mirs_msgs/srv/detail/number_command__struct.h
[8.632s] -- Installing: /home/oumuika/Documents/mirs_msgs/install/mirs_msgs/include/mirs_msgs/mirs_msgs/srv/detail/params__functions.h
[8.632s] -- Installing: /home/oumuika/Documents/mirs_msgs/install/mirs_msgs/include/mirs_msgs/mirs_msgs/srv/detail/simple_command__functions.c
[8.632s] -- Installing: /home/oumuika/Documents/mirs_msgs/install/mirs_msgs/include/mirs_msgs/mirs_msgs/srv/detail/params__functions.c
[8.632s] -- Installing: /home/oumuika/Documents/mirs_msgs/install/mirs_msgs/include/mirs_msgs/mirs_msgs/srv/detail/parameter_update__struct.h
[8.632s] -- Installing: /home/oumuika/Documents/mirs_msgs/install/mirs_msgs/include/mirs_msgs/mirs_msgs/srv/detail/parameter_update__type_support.h
[8.632s] -- Installing: /home/oumuika/Documents/mirs_msgs/install/mirs_msgs/include/mirs_msgs/mirs_msgs/srv/detail/basic_command__functions.h
[8.632s] -- Installing: /home/oumuika/Documents/mirs_msgs/install/mirs_msgs/include/mirs_msgs/mirs_msgs/srv/detail/number_command__functions.c
[8.633s] -- Installing: /home/oumuika/Documents/mirs_msgs/install/mirs_msgs/include/mirs_msgs/mirs_msgs/srv/detail/simple_command__type_support.h
[8.633s] -- Installing: /home/oumuika/Documents/mirs_msgs/install/mirs_msgs/include/mirs_msgs/mirs_msgs/srv/detail/basic_command__type_support.h
[8.633s] -- Installing: /home/oumuika/Documents/mirs_msgs/install/mirs_msgs/include/mirs_msgs/mirs_msgs/srv/detail/params__struct.h
[8.633s] -- Installing: /home/oumuika/Documents/mirs_msgs/install/mirs_msgs/include/mirs_msgs/mirs_msgs/srv/detail/basic_command__functions.c
[8.633s] -- Installing: /home/oumuika/Documents/mirs_msgs/install/mirs_msgs/include/mirs_msgs/mirs_msgs/srv/detail/params__type_support.h
[8.633s] -- Installing: /home/oumuika/Documents/mirs_msgs/install/mirs_msgs/include/mirs_msgs/mirs_msgs/srv/detail/parameter_update__functions.h
[8.634s] -- Installing: /home/oumuika/Documents/mirs_msgs/install/mirs_msgs/include/mirs_msgs/mirs_msgs/srv/params.h
[8.634s] -- Installing: /home/oumuika/Documents/mirs_msgs/install/mirs_msgs/include/mirs_msgs/mirs_msgs/srv/parameter_update.h
[8.634s] -- Installing: /home/oumuika/Documents/mirs_msgs/install/mirs_msgs/include/mirs_msgs/mirs_msgs/srv/basic_command.h
[8.634s] -- Installing: /home/oumuika/Documents/mirs_msgs/install/mirs_msgs/share/mirs_msgs/environment/library_path.sh
[8.634s] -- Installing: /home/oumuika/Documents/mirs_msgs/install/mirs_msgs/share/mirs_msgs/environment/library_path.dsv
[8.634s] -- Installing: /home/oumuika/Documents/mirs_msgs/install/mirs_msgs/lib/libmirs_msgs__rosidl_generator_c.so
[8.634s] -- Set runtime path of "/home/oumuika/Documents/mirs_msgs/install/mirs_msgs/lib/libmirs_msgs__rosidl_generator_c.so" to ""
[8.635s] -- Up-to-date: /home/oumuika/Documents/mirs_msgs/install/mirs_msgs/include/mirs_msgs/mirs_msgs
[8.635s] -- Up-to-date: /home/oumuika/Documents/mirs_msgs/install/mirs_msgs/include/mirs_msgs/mirs_msgs/msg
[8.635s] -- Up-to-date: /home/oumuika/Documents/mirs_msgs/install/mirs_msgs/include/mirs_msgs/mirs_msgs/msg/detail
[8.635s] -- Installing: /home/oumuika/Documents/mirs_msgs/install/mirs_msgs/include/mirs_msgs/mirs_msgs/msg/detail/basic_param__rosidl_typesupport_fastrtps_c.h
[8.635s] -- Installing: /home/oumuika/Documents/mirs_msgs/install/mirs_msgs/include/mirs_msgs/mirs_msgs/msg/rosidl_typesupport_fastrtps_c__visibility_control.h
[8.635s] -- Up-to-date: /home/oumuika/Documents/mirs_msgs/install/mirs_msgs/include/mirs_msgs/mirs_msgs/srv
[8.636s] -- Up-to-date: /home/oumuika/Documents/mirs_msgs/install/mirs_msgs/include/mirs_msgs/mirs_msgs/srv/detail
[8.636s] -- Installing: /home/oumuika/Documents/mirs_msgs/install/mirs_msgs/include/mirs_msgs/mirs_msgs/srv/detail/params__rosidl_typesupport_fastrtps_c.h
[8.636s] -- Installing: /home/oumuika/Documents/mirs_msgs/install/mirs_msgs/include/mirs_msgs/mirs_msgs/srv/detail/simple_command__rosidl_typesupport_fastrtps_c.h
[8.636s] -- Installing: /home/oumuika/Documents/mirs_msgs/install/mirs_msgs/include/mirs_msgs/mirs_msgs/srv/detail/number_command__rosidl_typesupport_fastrtps_c.h
[8.636s] -- Installing: /home/oumuika/Documents/mirs_msgs/install/mirs_msgs/include/mirs_msgs/mirs_msgs/srv/detail/parameter_update__rosidl_typesupport_fastrtps_c.h
[8.636s] -- Installing: /home/oumuika/Documents/mirs_msgs/install/mirs_msgs/include/mirs_msgs/mirs_msgs/srv/detail/basic_command__rosidl_typesupport_fastrtps_c.h
[8.636s] -- Installing: /home/oumuika/Documents/mirs_msgs/install/mirs_msgs/lib/libmirs_msgs__rosidl_typesupport_fastrtps_c.so
[8.637s] -- Set runtime path of "/home/oumuika/Documents/mirs_msgs/install/mirs_msgs/lib/libmirs_msgs__rosidl_typesupport_fastrtps_c.so" to ""
[8.637s] -- Up-to-date: /home/oumuika/Documents/mirs_msgs/install/mirs_msgs/include/mirs_msgs/mirs_msgs
[8.637s] -- Up-to-date: /home/oumuika/Documents/mirs_msgs/install/mirs_msgs/include/mirs_msgs/mirs_msgs/msg
[8.637s] -- Up-to-date: /home/oumuika/Documents/mirs_msgs/install/mirs_msgs/include/mirs_msgs/mirs_msgs/msg/detail
[8.637s] -- Installing: /home/oumuika/Documents/mirs_msgs/install/mirs_msgs/include/mirs_msgs/mirs_msgs/msg/detail/basic_param__rosidl_typesupport_introspection_c.h
[8.637s] -- Installing: /home/oumuika/Documents/mirs_msgs/install/mirs_msgs/include/mirs_msgs/mirs_msgs/msg/detail/basic_param__type_support.c
[8.638s] -- Installing: /home/oumuika/Documents/mirs_msgs/install/mirs_msgs/include/mirs_msgs/mirs_msgs/msg/rosidl_typesupport_introspection_c__visibility_control.h
[8.638s] -- Up-to-date: /home/oumuika/Documents/mirs_msgs/install/mirs_msgs/include/mirs_msgs/mirs_msgs/srv
[8.638s] -- Up-to-date: /home/oumuika/Documents/mirs_msgs/install/mirs_msgs/include/mirs_msgs/mirs_msgs/srv/detail
[8.638s] -- Installing: /home/oumuika/Documents/mirs_msgs/install/mirs_msgs/include/mirs_msgs/mirs_msgs/srv/detail/basic_command__type_support.c
[8.638s] -- Installing: /home/oumuika/Documents/mirs_msgs/install/mirs_msgs/include/mirs_msgs/mirs_msgs/srv/detail/basic_command__rosidl_typesupport_introspection_c.h
[8.638s] -- Installing: /home/oumuika/Documents/mirs_msgs/install/mirs_msgs/include/mirs_msgs/mirs_msgs/srv/detail/parameter_update__rosidl_typesupport_introspection_c.h
[8.638s] -- Installing: /home/oumuika/Documents/mirs_msgs/install/mirs_msgs/include/mirs_msgs/mirs_msgs/srv/detail/parameter_update__type_support.c
[8.639s] -- Installing: /home/oumuika/Documents/mirs_msgs/install/mirs_msgs/include/mirs_msgs/mirs_msgs/srv/detail/params__type_support.c
[8.639s] -- Installing: /home/oumuika/Documents/mirs_msgs/install/mirs_msgs/include/mirs_msgs/mirs_msgs/srv/detail/number_command__type_support.c
[8.639s] -- Installing: /home/oumuika/Documents/mirs_msgs/install/mirs_msgs/include/mirs_msgs/mirs_msgs/srv/detail/params__rosidl_typesupport_introspection_c.h
[8.639s] -- Installing: /home/oumuika/Documents/mirs_msgs/install/mirs_msgs/include/mirs_msgs/mirs_msgs/srv/detail/simple_command__rosidl_typesupport_introspection_c.h
[8.639s] -- Installing: /home/oumuika/Documents/mirs_msgs/install/mirs_msgs/include/mirs_msgs/mirs_msgs/srv/detail/simple_command__type_support.c
[8.640s] -- Installing: /home/oumuika/Documents/mirs_msgs/install/mirs_msgs/include/mirs_msgs/mirs_msgs/srv/detail/number_command__rosidl_typesupport_introspection_c.h
[8.640s] -- Installing: /home/oumuika/Documents/mirs_msgs/install/mirs_msgs/lib/libmirs_msgs__rosidl_typesupport_introspection_c.so
[8.640s] -- Set runtime path of "/home/oumuika/Documents/mirs_msgs/install/mirs_msgs/lib/libmirs_msgs__rosidl_typesupport_introspection_c.so" to ""
[8.640s] -- Installing: /home/oumuika/Documents/mirs_msgs/install/mirs_msgs/lib/libmirs_msgs__rosidl_typesupport_c.so
[8.640s] -- Set runtime path of "/home/oumuika/Documents/mirs_msgs/install/mirs_msgs/lib/libmirs_msgs__rosidl_typesupport_c.so" to ""
[8.640s] -- Up-to-date: /home/oumuika/Documents/mirs_msgs/install/mirs_msgs/include/mirs_msgs/mirs_msgs
[8.640s] -- Up-to-date: /home/oumuika/Documents/mirs_msgs/install/mirs_msgs/include/mirs_msgs/mirs_msgs/msg
[8.641s] -- Up-to-date: /home/oumuika/Documents/mirs_msgs/install/mirs_msgs/include/mirs_msgs/mirs_msgs/msg/detail
[8.641s] -- Installing: /home/oumuika/Documents/mirs_msgs/install/mirs_msgs/include/mirs_msgs/mirs_msgs/msg/detail/basic_param__traits.hpp
[8.641s] -- Installing: /home/oumuika/Documents/mirs_msgs/install/mirs_msgs/include/mirs_msgs/mirs_msgs/msg/detail/basic_param__struct.hpp
[8.642s] -- Installing: /home/oumuika/Documents/mirs_msgs/install/mirs_msgs/include/mirs_msgs/mirs_msgs/msg/detail/basic_param__builder.hpp
[8.642s] -- Installing: /home/oumuika/Documents/mirs_msgs/install/mirs_msgs/include/mirs_msgs/mirs_msgs/msg/basic_param.hpp
[8.642s] -- Up-to-date: /home/oumuika/Documents/mirs_msgs/install/mirs_msgs/include/mirs_msgs/mirs_msgs/srv
[8.642s] -- Installing: /home/oumuika/Documents/mirs_msgs/install/mirs_msgs/include/mirs_msgs/mirs_msgs/srv/simple_command.hpp
[8.642s] -- Up-to-date: /home/oumuika/Documents/mirs_msgs/install/mirs_msgs/include/mirs_msgs/mirs_msgs/srv/detail
[8.642s] -- Installing: /home/oumuika/Documents/mirs_msgs/install/mirs_msgs/include/mirs_msgs/mirs_msgs/srv/detail/parameter_update__traits.hpp
[8.642s] -- Installing: /home/oumuika/Documents/mirs_msgs/install/mirs_msgs/include/mirs_msgs/mirs_msgs/srv/detail/parameter_update__struct.hpp
[8.642s] -- Installing: /home/oumuika/Documents/mirs_msgs/install/mirs_msgs/include/mirs_msgs/mirs_msgs/srv/detail/simple_command__builder.hpp
[8.643s] -- Installing: /home/oumuika/Documents/mirs_msgs/install/mirs_msgs/include/mirs_msgs/mirs_msgs/srv/detail/number_command__builder.hpp
[8.643s] -- Installing: /home/oumuika/Documents/mirs_msgs/install/mirs_msgs/include/mirs_msgs/mirs_msgs/srv/detail/parameter_update__builder.hpp
[8.643s] -- Installing: /home/oumuika/Documents/mirs_msgs/install/mirs_msgs/include/mirs_msgs/mirs_msgs/srv/detail/number_command__traits.hpp
[8.643s] -- Installing: /home/oumuika/Documents/mirs_msgs/install/mirs_msgs/include/mirs_msgs/mirs_msgs/srv/detail/basic_command__traits.hpp
[8.643s] -- Installing: /home/oumuika/Documents/mirs_msgs/install/mirs_msgs/include/mirs_msgs/mirs_msgs/srv/detail/params__struct.hpp
[8.644s] -- Installing: /home/oumuika/Documents/mirs_msgs/install/mirs_msgs/include/mirs_msgs/mirs_msgs/srv/detail/number_command__struct.hpp
[8.644s] -- Installing: /home/oumuika/Documents/mirs_msgs/install/mirs_msgs/include/mirs_msgs/mirs_msgs/srv/detail/basic_command__builder.hpp
[8.644s] -- Installing: /home/oumuika/Documents/mirs_msgs/install/mirs_msgs/include/mirs_msgs/mirs_msgs/srv/detail/params__traits.hpp
[8.644s] -- Installing: /home/oumuika/Documents/mirs_msgs/install/mirs_msgs/include/mirs_msgs/mirs_msgs/srv/detail/params__builder.hpp
[8.644s] -- Installing: /home/oumuika/Documents/mirs_msgs/install/mirs_msgs/include/mirs_msgs/mirs_msgs/srv/detail/simple_command__struct.hpp
[8.644s] -- Installing: /home/oumuika/Documents/mirs_msgs/install/mirs_msgs/include/mirs_msgs/mirs_msgs/srv/detail/simple_command__traits.hpp
[8.644s] -- Installing: /home/oumuika/Documents/mirs_msgs/install/mirs_msgs/include/mirs_msgs/mirs_msgs/srv/detail/basic_command__struct.hpp
[8.644s] -- Installing: /home/oumuika/Documents/mirs_msgs/install/mirs_msgs/include/mirs_msgs/mirs_msgs/srv/basic_command.hpp
[8.645s] -- Installing: /home/oumuika/Documents/mirs_msgs/install/mirs_msgs/include/mirs_msgs/mirs_msgs/srv/params.hpp
[8.645s] -- Installing: /home/oumuika/Documents/mirs_msgs/install/mirs_msgs/include/mirs_msgs/mirs_msgs/srv/number_command.hpp
[8.645s] -- Installing: /home/oumuika/Documents/mirs_msgs/install/mirs_msgs/include/mirs_msgs/mirs_msgs/srv/parameter_update.hpp
[8.645s] -- Up-to-date: /home/oumuika/Documents/mirs_msgs/install/mirs_msgs/include/mirs_msgs/mirs_msgs
[8.645s] -- Up-to-date: /home/oumuika/Documents/mirs_msgs/install/mirs_msgs/include/mirs_msgs/mirs_msgs/msg
[8.645s] -- Up-to-date: /home/oumuika/Documents/mirs_msgs/install/mirs_msgs/include/mirs_msgs/mirs_msgs/msg/detail
[8.645s] -- Installing: /home/oumuika/Documents/mirs_msgs/install/mirs_msgs/include/mirs_msgs/mirs_msgs/msg/detail/basic_param__rosidl_typesupport_fastrtps_cpp.hpp
[8.646s] -- Installing: /home/oumuika/Documents/mirs_msgs/install/mirs_msgs/include/mirs_msgs/mirs_msgs/msg/detail/dds_fastrtps
[8.646s] -- Installing: /home/oumuika/Documents/mirs_msgs/install/mirs_msgs/include/mirs_msgs/mirs_msgs/msg/rosidl_typesupport_fastrtps_cpp__visibility_control.h
[8.646s] -- Up-to-date: /home/oumuika/Documents/mirs_msgs/install/mirs_msgs/include/mirs_msgs/mirs_msgs/srv
[8.646s] -- Up-to-date: /home/oumuika/Documents/mirs_msgs/install/mirs_msgs/include/mirs_msgs/mirs_msgs/srv/detail
[8.646s] -- Installing: /home/oumuika/Documents/mirs_msgs/install/mirs_msgs/include/mirs_msgs/mirs_msgs/srv/detail/basic_command__rosidl_typesupport_fastrtps_cpp.hpp
[8.646s] -- Installing: /home/oumuika/Documents/mirs_msgs/install/mirs_msgs/include/mirs_msgs/mirs_msgs/srv/detail/parameter_update__rosidl_typesupport_fastrtps_cpp.hpp
[8.647s] -- Installing: /home/oumuika/Documents/mirs_msgs/install/mirs_msgs/include/mirs_msgs/mirs_msgs/srv/detail/number_command__rosidl_typesupport_fastrtps_cpp.hpp
[8.647s] -- Installing: /home/oumuika/Documents/mirs_msgs/install/mirs_msgs/include/mirs_msgs/mirs_msgs/srv/detail/dds_fastrtps
[8.647s] -- Installing: /home/oumuika/Documents/mirs_msgs/install/mirs_msgs/include/mirs_msgs/mirs_msgs/srv/detail/params__rosidl_typesupport_fastrtps_cpp.hpp
[8.647s] -- Installing: /home/oumuika/Documents/mirs_msgs/install/mirs_msgs/include/mirs_msgs/mirs_msgs/srv/detail/simple_command__rosidl_typesupport_fastrtps_cpp.hpp
[8.647s] -- Installing: /home/oumuika/Documents/mirs_msgs/install/mirs_msgs/lib/libmirs_msgs__rosidl_typesupport_fastrtps_cpp.so
[8.647s] -- Set runtime path of "/home/oumuika/Documents/mirs_msgs/install/mirs_msgs/lib/libmirs_msgs__rosidl_typesupport_fastrtps_cpp.so" to ""
[8.647s] -- Up-to-date: /home/oumuika/Documents/mirs_msgs/install/mirs_msgs/include/mirs_msgs/mirs_msgs
[8.648s] -- Up-to-date: /home/oumuika/Documents/mirs_msgs/install/mirs_msgs/include/mirs_msgs/mirs_msgs/msg
[8.648s] -- Up-to-date: /home/oumuika/Documents/mirs_msgs/install/mirs_msgs/include/mirs_msgs/mirs_msgs/msg/detail
[8.648s] -- Installing: /home/oumuika/Documents/mirs_msgs/install/mirs_msgs/include/mirs_msgs/mirs_msgs/msg/detail/basic_param__rosidl_typesupport_introspection_cpp.hpp
[8.648s] -- Installing: /home/oumuika/Documents/mirs_msgs/install/mirs_msgs/include/mirs_msgs/mirs_msgs/msg/detail/basic_param__type_support.cpp
[8.648s] -- Up-to-date: /home/oumuika/Documents/mirs_msgs/install/mirs_msgs/include/mirs_msgs/mirs_msgs/srv
[8.648s] -- Up-to-date: /home/oumuika/Documents/mirs_msgs/install/mirs_msgs/include/mirs_msgs/mirs_msgs/srv/detail
[8.648s] -- Installing: /home/oumuika/Documents/mirs_msgs/install/mirs_msgs/include/mirs_msgs/mirs_msgs/srv/detail/basic_command__type_support.cpp
[8.649s] -- Installing: /home/oumuika/Documents/mirs_msgs/install/mirs_msgs/include/mirs_msgs/mirs_msgs/srv/detail/number_command__rosidl_typesupport_introspection_cpp.hpp
[8.649s] -- Installing: /home/oumuika/Documents/mirs_msgs/install/mirs_msgs/include/mirs_msgs/mirs_msgs/srv/detail/simple_command__rosidl_typesupport_introspection_cpp.hpp
[8.649s] -- Installing: /home/oumuika/Documents/mirs_msgs/install/mirs_msgs/include/mirs_msgs/mirs_msgs/srv/detail/parameter_update__type_support.cpp
[8.649s] -- Installing: /home/oumuika/Documents/mirs_msgs/install/mirs_msgs/include/mirs_msgs/mirs_msgs/srv/detail/params__rosidl_typesupport_introspection_cpp.hpp
[8.649s] -- Installing: /home/oumuika/Documents/mirs_msgs/install/mirs_msgs/include/mirs_msgs/mirs_msgs/srv/detail/number_command__type_support.cpp
[8.649s] -- Installing: /home/oumuika/Documents/mirs_msgs/install/mirs_msgs/include/mirs_msgs/mirs_msgs/srv/detail/params__type_support.cpp
[8.649s] -- Installing: /home/oumuika/Documents/mirs_msgs/install/mirs_msgs/include/mirs_msgs/mirs_msgs/srv/detail/parameter_update__rosidl_typesupport_introspection_cpp.hpp
[8.650s] -- Installing: /home/oumuika/Documents/mirs_msgs/install/mirs_msgs/include/mirs_msgs/mirs_msgs/srv/detail/simple_command__type_support.cpp
[8.650s] -- Installing: /home/oumuika/Documents/mirs_msgs/install/mirs_msgs/include/mirs_msgs/mirs_msgs/srv/detail/basic_command__rosidl_typesupport_introspection_cpp.hpp
[8.650s] -- Installing: /home/oumuika/Documents/mirs_msgs/install/mirs_msgs/lib/libmirs_msgs__rosidl_typesupport_introspection_cpp.so
[8.650s] -- Set runtime path of "/home/oumuika/Documents/mirs_msgs/install/mirs_msgs/lib/libmirs_msgs__rosidl_typesupport_introspection_cpp.so" to ""
[8.650s] -- Installing: /home/oumuika/Documents/mirs_msgs/install/mirs_msgs/lib/libmirs_msgs__rosidl_typesupport_cpp.so
[8.650s] -- Set runtime path of "/home/oumuika/Documents/mirs_msgs/install/mirs_msgs/lib/libmirs_msgs__rosidl_typesupport_cpp.so" to ""
[8.650s] -- Installing: /home/oumuika/Documents/mirs_msgs/install/mirs_msgs/share/mirs_msgs/environment/pythonpath.sh
[8.650s] -- Installing: /home/oumuika/Documents/mirs_msgs/install/mirs_msgs/share/mirs_msgs/environment/pythonpath.dsv
[8.651s] -- Installing: /home/oumuika/Documents/mirs_msgs/install/mirs_msgs/local/lib/python3.10/dist-packages/mirs_msgs-0.0.1-py3.10.egg-info
[8.651s] -- Installing: /home/oumuika/Documents/mirs_msgs/install/mirs_msgs/local/lib/python3.10/dist-packages/mirs_msgs-0.0.1-py3.10.egg-info/SOURCES.txt
[8.651s] -- Installing: /home/oumuika/Documents/mirs_msgs/install/mirs_msgs/local/lib/python3.10/dist-packages/mirs_msgs-0.0.1-py3.10.egg-info/top_level.txt
[8.651s] -- Installing: /home/oumuika/Documents/mirs_msgs/install/mirs_msgs/local/lib/python3.10/dist-packages/mirs_msgs-0.0.1-py3.10.egg-info/PKG-INFO
[8.651s] -- Installing: /home/oumuika/Documents/mirs_msgs/install/mirs_msgs/local/lib/python3.10/dist-packages/mirs_msgs-0.0.1-py3.10.egg-info/dependency_links.txt
[8.651s] -- Installing: /home/oumuika/Documents/mirs_msgs/install/mirs_msgs/local/lib/python3.10/dist-packages/mirs_msgs
[8.651s] -- Installing: /home/oumuika/Documents/mirs_msgs/install/mirs_msgs/local/lib/python3.10/dist-packages/mirs_msgs/__init__.py
[8.652s] -- Installing: /home/oumuika/Documents/mirs_msgs/install/mirs_msgs/local/lib/python3.10/dist-packages/mirs_msgs/libmirs_msgs__rosidl_generator_py.so
[8.652s] -- Installing: /home/oumuika/Documents/mirs_msgs/install/mirs_msgs/local/lib/python3.10/dist-packages/mirs_msgs/mirs_msgs_s__rosidl_typesupport_c.cpython-310-x86_64-linux-gnu.so
[8.652s] -- Installing: /home/oumuika/Documents/mirs_msgs/install/mirs_msgs/local/lib/python3.10/dist-packages/mirs_msgs/msg
[8.652s] -- Installing: /home/oumuika/Documents/mirs_msgs/install/mirs_msgs/local/lib/python3.10/dist-packages/mirs_msgs/msg/__init__.py
[8.652s] -- Installing: /home/oumuika/Documents/mirs_msgs/install/mirs_msgs/local/lib/python3.10/dist-packages/mirs_msgs/msg/_basic_param_s.c
[8.652s] -- Installing: /home/oumuika/Documents/mirs_msgs/install/mirs_msgs/local/lib/python3.10/dist-packages/mirs_msgs/msg/_basic_param.py
[8.652s] -- Installing: /home/oumuika/Documents/mirs_msgs/install/mirs_msgs/local/lib/python3.10/dist-packages/mirs_msgs/srv
[8.652s] -- Installing: /home/oumuika/Documents/mirs_msgs/install/mirs_msgs/local/lib/python3.10/dist-packages/mirs_msgs/srv/__init__.py
[8.653s] -- Installing: /home/oumuika/Documents/mirs_msgs/install/mirs_msgs/local/lib/python3.10/dist-packages/mirs_msgs/srv/_simple_command.py
[8.653s] -- Installing: /home/oumuika/Documents/mirs_msgs/install/mirs_msgs/local/lib/python3.10/dist-packages/mirs_msgs/srv/_basic_command_s.c
[8.653s] -- Installing: /home/oumuika/Documents/mirs_msgs/install/mirs_msgs/local/lib/python3.10/dist-packages/mirs_msgs/srv/_parameter_update.py
[8.653s] -- Installing: /home/oumuika/Documents/mirs_msgs/install/mirs_msgs/local/lib/python3.10/dist-packages/mirs_msgs/srv/_params.py
[8.653s] -- Installing: /home/oumuika/Documents/mirs_msgs/install/mirs_msgs/local/lib/python3.10/dist-packages/mirs_msgs/srv/_number_command.py
[8.653s] -- Installing: /home/oumuika/Documents/mirs_msgs/install/mirs_msgs/local/lib/python3.10/dist-packages/mirs_msgs/srv/_params_s.c
[8.653s] -- Installing: /home/oumuika/Documents/mirs_msgs/install/mirs_msgs/local/lib/python3.10/dist-packages/mirs_msgs/srv/_basic_command.py
[8.654s] -- Installing: /home/oumuika/Documents/mirs_msgs/install/mirs_msgs/local/lib/python3.10/dist-packages/mirs_msgs/srv/_parameter_update_s.c
[8.654s] -- Installing: /home/oumuika/Documents/mirs_msgs/install/mirs_msgs/local/lib/python3.10/dist-packages/mirs_msgs/srv/_simple_command_s.c
[8.654s] -- Installing: /home/oumuika/Documents/mirs_msgs/install/mirs_msgs/local/lib/python3.10/dist-packages/mirs_msgs/srv/_number_command_s.c
[8.654s] -- Installing: /home/oumuika/Documents/mirs_msgs/install/mirs_msgs/local/lib/python3.10/dist-packages/mirs_msgs/_mirs_msgs_s.ep.rosidl_typesupport_introspection_c.c
[8.654s] -- Installing: /home/oumuika/Documents/mirs_msgs/install/mirs_msgs/local/lib/python3.10/dist-packages/mirs_msgs/_mirs_msgs_s.ep.rosidl_typesupport_c.c
[8.654s] -- Installing: /home/oumuika/Documents/mirs_msgs/install/mirs_msgs/local/lib/python3.10/dist-packages/mirs_msgs/_mirs_msgs_s.ep.rosidl_typesupport_fastrtps_c.c
[8.654s] -- Installing: /home/oumuika/Documents/mirs_msgs/install/mirs_msgs/local/lib/python3.10/dist-packages/mirs_msgs/mirs_msgs_s__rosidl_typesupport_fastrtps_c.cpython-310-x86_64-linux-gnu.so
[8.654s] -- Installing: /home/oumuika/Documents/mirs_msgs/install/mirs_msgs/local/lib/python3.10/dist-packages/mirs_msgs/mirs_msgs_s__rosidl_typesupport_introspection_c.cpython-310-x86_64-linux-gnu.so
[8.700s] Listing '/home/oumuika/Documents/mirs_msgs/install/mirs_msgs/local/lib/python3.10/dist-packages/mirs_msgs'...
[8.700s] Compiling '/home/oumuika/Documents/mirs_msgs/install/mirs_msgs/local/lib/python3.10/dist-packages/mirs_msgs/__init__.py'...
[8.700s] Listing '/home/oumuika/Documents/mirs_msgs/install/mirs_msgs/local/lib/python3.10/dist-packages/mirs_msgs/msg'...
[8.700s] Compiling '/home/oumuika/Documents/mirs_msgs/install/mirs_msgs/local/lib/python3.10/dist-packages/mirs_msgs/msg/__init__.py'...
[8.700s] Compiling '/home/oumuika/Documents/mirs_msgs/install/mirs_msgs/local/lib/python3.10/dist-packages/mirs_msgs/msg/_basic_param.py'...
[8.700s] Listing '/home/oumuika/Documents/mirs_msgs/install/mirs_msgs/local/lib/python3.10/dist-packages/mirs_msgs/srv'...
[8.700s] Compiling '/home/oumuika/Documents/mirs_msgs/install/mirs_msgs/local/lib/python3.10/dist-packages/mirs_msgs/srv/__init__.py'...
[8.700s] Compiling '/home/oumuika/Documents/mirs_msgs/install/mirs_msgs/local/lib/python3.10/dist-packages/mirs_msgs/srv/_basic_command.py'...
[8.700s] Compiling '/home/oumuika/Documents/mirs_msgs/install/mirs_msgs/local/lib/python3.10/dist-packages/mirs_msgs/srv/_number_command.py'...
[8.700s] Compiling '/home/oumuika/Documents/mirs_msgs/install/mirs_msgs/local/lib/python3.10/dist-packages/mirs_msgs/srv/_parameter_update.py'...
[8.700s] Compiling '/home/oumuika/Documents/mirs_msgs/install/mirs_msgs/local/lib/python3.10/dist-packages/mirs_msgs/srv/_params.py'...
[8.701s] Compiling '/home/oumuika/Documents/mirs_msgs/install/mirs_msgs/local/lib/python3.10/dist-packages/mirs_msgs/srv/_simple_command.py'...
[8.706s] -- Installing: /home/oumuika/Documents/mirs_msgs/install/mirs_msgs/local/lib/python3.10/dist-packages/mirs_msgs/mirs_msgs_s__rosidl_typesupport_fastrtps_c.cpython-310-x86_64-linux-gnu.so
[8.706s] -- Set runtime path of "/home/oumuika/Documents/mirs_msgs/install/mirs_msgs/local/lib/python3.10/dist-packages/mirs_msgs/mirs_msgs_s__rosidl_typesupport_fastrtps_c.cpython-310-x86_64-linux-gnu.so" to ""
[8.707s] -- Installing: /home/oumuika/Documents/mirs_msgs/install/mirs_msgs/local/lib/python3.10/dist-packages/mirs_msgs/mirs_msgs_s__rosidl_typesupport_introspection_c.cpython-310-x86_64-linux-gnu.so
[8.707s] -- Set runtime path of "/home/oumuika/Documents/mirs_msgs/install/mirs_msgs/local/lib/python3.10/dist-packages/mirs_msgs/mirs_msgs_s__rosidl_typesupport_introspection_c.cpython-310-x86_64-linux-gnu.so" to ""
[8.708s] -- Installing: /home/oumuika/Documents/mirs_msgs/install/mirs_msgs/local/lib/python3.10/dist-packages/mirs_msgs/mirs_msgs_s__rosidl_typesupport_c.cpython-310-x86_64-linux-gnu.so
[8.708s] -- Set runtime path of "/home/oumuika/Documents/mirs_msgs/install/mirs_msgs/local/lib/python3.10/dist-packages/mirs_msgs/mirs_msgs_s__rosidl_typesupport_c.cpython-310-x86_64-linux-gnu.so" to ""
[8.708s] -- Installing: /home/oumuika/Documents/mirs_msgs/install/mirs_msgs/lib/libmirs_msgs__rosidl_generator_py.so
[8.709s] -- Set runtime path of "/home/oumuika/Documents/mirs_msgs/install/mirs_msgs/lib/libmirs_msgs__rosidl_generator_py.so" to ""
[8.709s] -- Installing: /home/oumuika/Documents/mirs_msgs/install/mirs_msgs/share/mirs_msgs/srv/Params.idl
[8.709s] -- Installing: /home/oumuika/Documents/mirs_msgs/install/mirs_msgs/share/mirs_msgs/srv/ParameterUpdate.idl
[8.709s] -- Installing: /home/oumuika/Documents/mirs_msgs/install/mirs_msgs/share/mirs_msgs/srv/SimpleCommand.idl
[8.709s] -- Installing: /home/oumuika/Documents/mirs_msgs/install/mirs_msgs/share/mirs_msgs/srv/BasicCommand.idl
[8.710s] -- Installing: /home/oumuika/Documents/mirs_msgs/install/mirs_msgs/share/mirs_msgs/srv/NumberCommand.idl
[8.710s] -- Installing: /home/oumuika/Documents/mirs_msgs/install/mirs_msgs/share/mirs_msgs/msg/BasicParam.idl
[8.710s] -- Installing: /home/oumuika/Documents/mirs_msgs/install/mirs_msgs/share/mirs_msgs/srv/Params.srv
[8.710s] -- Installing: /home/oumuika/Documents/mirs_msgs/install/mirs_msgs/share/mirs_msgs/srv/Params_Request.msg
[8.710s] -- Installing: /home/oumuika/Documents/mirs_msgs/install/mirs_msgs/share/mirs_msgs/srv/Params_Response.msg
[8.710s] -- Installing: /home/oumuika/Documents/mirs_msgs/install/mirs_msgs/share/mirs_msgs/srv/ParameterUpdate.srv
[8.711s] -- Installing: /home/oumuika/Documents/mirs_msgs/install/mirs_msgs/share/mirs_msgs/srv/ParameterUpdate_Request.msg
[8.711s] -- Installing: /home/oumuika/Documents/mirs_msgs/install/mirs_msgs/share/mirs_msgs/srv/ParameterUpdate_Response.msg
[8.711s] -- Installing: /home/oumuika/Documents/mirs_msgs/install/mirs_msgs/share/mirs_msgs/srv/SimpleCommand.srv
[8.711s] -- Installing: /home/oumuika/Documents/mirs_msgs/install/mirs_msgs/share/mirs_msgs/srv/SimpleCommand_Request.msg
[8.711s] -- Installing: /home/oumuika/Documents/mirs_msgs/install/mirs_msgs/share/mirs_msgs/srv/SimpleCommand_Response.msg
[8.711s] -- Installing: /home/oumuika/Documents/mirs_msgs/install/mirs_msgs/share/mirs_msgs/srv/BasicCommand.srv
[8.712s] -- Installing: /home/oumuika/Documents/mirs_msgs/install/mirs_msgs/share/mirs_msgs/srv/BasicCommand_Request.msg
[8.712s] -- Installing: /home/oumuika/Documents/mirs_msgs/install/mirs_msgs/share/mirs_msgs/srv/BasicCommand_Response.msg
[8.712s] -- Installing: /home/oumuika/Documents/mirs_msgs/install/mirs_msgs/share/mirs_msgs/srv/NumberCommand.srv
[8.712s] -- Installing: /home/oumuika/Documents/mirs_msgs/install/mirs_msgs/share/mirs_msgs/srv/NumberCommand_Request.msg
[8.712s] -- Installing: /home/oumuika/Documents/mirs_msgs/install/mirs_msgs/share/mirs_msgs/srv/NumberCommand_Response.msg
[8.712s] -- Installing: /home/oumuika/Documents/mirs_msgs/install/mirs_msgs/share/mirs_msgs/msg/BasicParam.msg
[8.713s] -- Installing: /home/oumuika/Documents/mirs_msgs/install/mirs_msgs/share/ament_index/resource_index/package_run_dependencies/mirs_msgs
[8.713s] -- Installing: /home/oumuika/Documents/mirs_msgs/install/mirs_msgs/share/ament_index/resource_index/parent_prefix_path/mirs_msgs
[8.713s] -- Installing: /home/oumuika/Documents/mirs_msgs/install/mirs_msgs/share/mirs_msgs/environment/ament_prefix_path.sh
[8.713s] -- Installing: /home/oumuika/Documents/mirs_msgs/install/mirs_msgs/share/mirs_msgs/environment/ament_prefix_path.dsv
[8.713s] -- Installing: /home/oumuika/Documents/mirs_msgs/install/mirs_msgs/share/mirs_msgs/environment/path.sh
[8.713s] -- Installing: /home/oumuika/Documents/mirs_msgs/install/mirs_msgs/share/mirs_msgs/environment/path.dsv
[8.714s] -- Installing: /home/oumuika/Documents/mirs_msgs/install/mirs_msgs/share/mirs_msgs/local_setup.bash
[8.714s] -- Installing: /home/oumuika/Documents/mirs_msgs/install/mirs_msgs/share/mirs_msgs/local_setup.sh
[8.714s] -- Installing: /home/oumuika/Documents/mirs_msgs/install/mirs_msgs/share/mirs_msgs/local_setup.zsh
[8.714s] -- Installing: /home/oumuika/Documents/mirs_msgs/install/mirs_msgs/share/mirs_msgs/local_setup.dsv
[8.714s] -- Installing: /home/oumuika/Documents/mirs_msgs/install/mirs_msgs/share/mirs_msgs/package.dsv
[8.714s] -- Installing: /home/oumuika/Documents/mirs_msgs/install/mirs_msgs/share/ament_index/resource_index/packages/mirs_msgs
[8.715s] -- Installing: /home/oumuika/Documents/mirs_msgs/install/mirs_msgs/share/mirs_msgs/cmake/export_mirs_msgs__rosidl_generator_cExport.cmake
[8.715s] -- Installing: /home/oumuika/Documents/mirs_msgs/install/mirs_msgs/share/mirs_msgs/cmake/export_mirs_msgs__rosidl_generator_cExport-noconfig.cmake
[8.715s] -- Installing: /home/oumuika/Documents/mirs_msgs/install/mirs_msgs/share/mirs_msgs/cmake/export_mirs_msgs__rosidl_typesupport_fastrtps_cExport.cmake
[8.715s] -- Installing: /home/oumuika/Documents/mirs_msgs/install/mirs_msgs/share/mirs_msgs/cmake/export_mirs_msgs__rosidl_typesupport_fastrtps_cExport-noconfig.cmake
[8.715s] -- Installing: /home/oumuika/Documents/mirs_msgs/install/mirs_msgs/share/mirs_msgs/cmake/mirs_msgs__rosidl_typesupport_introspection_cExport.cmake
[8.715s] -- Installing: /home/oumuika/Documents/mirs_msgs/install/mirs_msgs/share/mirs_msgs/cmake/mirs_msgs__rosidl_typesupport_introspection_cExport-noconfig.cmake
[8.716s] -- Installing: /home/oumuika/Documents/mirs_msgs/install/mirs_msgs/share/mirs_msgs/cmake/mirs_msgs__rosidl_typesupport_cExport.cmake
[8.716s] -- Installing: /home/oumuika/Documents/mirs_msgs/install/mirs_msgs/share/mirs_msgs/cmake/mirs_msgs__rosidl_typesupport_cExport-noconfig.cmake
[8.716s] -- Installing: /home/oumuika/Documents/mirs_msgs/install/mirs_msgs/share/mirs_msgs/cmake/export_mirs_msgs__rosidl_generator_cppExport.cmake
[8.716s] -- Installing: /home/oumuika/Documents/mirs_msgs/install/mirs_msgs/share/mirs_msgs/cmake/export_mirs_msgs__rosidl_typesupport_fastrtps_cppExport.cmake
[8.716s] -- Installing: /home/oumuika/Documents/mirs_msgs/install/mirs_msgs/share/mirs_msgs/cmake/export_mirs_msgs__rosidl_typesupport_fastrtps_cppExport-noconfig.cmake
[8.716s] -- Installing: /home/oumuika/Documents/mirs_msgs/install/mirs_msgs/share/mirs_msgs/cmake/mirs_msgs__rosidl_typesupport_introspection_cppExport.cmake
[8.717s] -- Installing: /home/oumuika/Documents/mirs_msgs/install/mirs_msgs/share/mirs_msgs/cmake/mirs_msgs__rosidl_typesupport_introspection_cppExport-noconfig.cmake
[8.717s] -- Installing: /home/oumuika/Documents/mirs_msgs/install/mirs_msgs/share/mirs_msgs/cmake/mirs_msgs__rosidl_typesupport_cppExport.cmake
[8.717s] -- Installing: /home/oumuika/Documents/mirs_msgs/install/mirs_msgs/share/mirs_msgs/cmake/mirs_msgs__rosidl_typesupport_cppExport-noconfig.cmake
[8.717s] -- Installing: /home/oumuika/Documents/mirs_msgs/install/mirs_msgs/share/mirs_msgs/cmake/export_mirs_msgs__rosidl_generator_pyExport.cmake
[8.717s] -- Installing: /home/oumuika/Documents/mirs_msgs/install/mirs_msgs/share/mirs_msgs/cmake/export_mirs_msgs__rosidl_generator_pyExport-noconfig.cmake
[8.718s] -- Installing: /home/oumuika/Documents/mirs_msgs/install/mirs_msgs/share/mirs_msgs/cmake/rosidl_cmake-extras.cmake
[8.718s] -- Installing: /home/oumuika/Documents/mirs_msgs/install/mirs_msgs/share/mirs_msgs/cmake/ament_cmake_export_include_directories-extras.cmake
[8.718s] -- Installing: /home/oumuika/Documents/mirs_msgs/install/mirs_msgs/share/mirs_msgs/cmake/ament_cmake_export_libraries-extras.cmake
[8.718s] -- Installing: /home/oumuika/Documents/mirs_msgs/install/mirs_msgs/share/mirs_msgs/cmake/ament_cmake_export_targets-extras.cmake
[8.718s] -- Installing: /home/oumuika/Documents/mirs_msgs/install/mirs_msgs/share/mirs_msgs/cmake/rosidl_cmake_export_typesupport_targets-extras.cmake
[8.718s] -- Installing: /home/oumuika/Documents/mirs_msgs/install/mirs_msgs/share/mirs_msgs/cmake/ament_cmake_export_dependencies-extras.cmake
[8.718s] -- Installing: /home/oumuika/Documents/mirs_msgs/install/mirs_msgs/share/mirs_msgs/cmake/rosidl_cmake_export_typesupport_libraries-extras.cmake
[8.718s] -- Installing: /home/oumuika/Documents/mirs_msgs/install/mirs_msgs/share/mirs_msgs/cmake/mirs_msgsConfig.cmake
[8.719s] -- Installing: /home/oumuika/Documents/mirs_msgs/install/mirs_msgs/share/mirs_msgs/cmake/mirs_msgsConfig-version.cmake
[8.719s] -- Installing: /home/oumuika/Documents/mirs_msgs/install/mirs_msgs/share/mirs_msgs/package.xml
[8.720s] Invoked command in '/home/oumuika/Documents/mirs_msgs/build/mirs_msgs' returned '0': CMAKE_PREFIX_PATH=/opt/ros/humble /usr/bin/cmake --install /home/oumuika/Documents/mirs_msgs/build/mirs_msgs
