[0.360s] DEBUG:colcon:Command line arguments: ['/usr/bin/colcon', 'build']
[0.360s] DEBUG:colcon:Parsed command line arguments: Namespace(log_base=None, log_level=None, verb_name='build', build_base='build', install_base='install', merge_install=False, symlink_install=False, test_result_base=None, continue_on_error=False, executor='parallel', parallel_workers=6, event_handlers=None, ignore_user_meta=False, metas=['./colcon.meta'], base_paths=['.'], packages_ignore=None, packages_ignore_regex=None, paths=None, packages_up_to=None, packages_up_to_regex=None, packages_above=None, packages_above_and_dependencies=None, packages_above_depth=None, packages_select_by_dep=None, packages_skip_by_dep=None, packages_skip_up_to=None, packages_select_build_failed=False, packages_skip_build_finished=False, packages_select_test_failures=False, packages_skip_test_passed=False, packages_select=None, packages_skip=None, packages_select_regex=None, packages_skip_regex=None, packages_start=None, packages_end=None, allow_overriding=[], cmake_args=None, cmake_target=None, cmake_target_skip_unavailable=False, cmake_clean_cache=False, cmake_clean_first=False, cmake_force_configure=False, ament_cmake_args=None, catkin_cmake_args=None, catkin_skip_building_tests=False, verb_parser=<colcon_defaults.argument_parser.defaults.DefaultArgumentsDecorator object at 0x7ee383844d60>, verb_extension=<colcon_core.verb.build.BuildVerb object at 0x7ee3838444f0>, main=<bound method BuildVerb.main of <colcon_core.verb.build.BuildVerb object at 0x7ee3838444f0>>)
[0.733s] Level 1:colcon.colcon_core.package_discovery:discover_packages(colcon_meta) check parameters
[0.733s] Level 1:colcon.colcon_core.package_discovery:discover_packages(recursive) check parameters
[0.733s] Level 1:colcon.colcon_core.package_discovery:discover_packages(ignore) check parameters
[0.733s] Level 1:colcon.colcon_core.package_discovery:discover_packages(path) check parameters
[0.733s] Level 1:colcon.colcon_core.package_discovery:discover_packages(colcon_meta) discover
[0.733s] Level 1:colcon.colcon_core.package_discovery:discover_packages(recursive) discover
[0.733s] INFO:colcon.colcon_core.package_discovery:Crawling recursively for packages in '/home/oumuika/Documents/mirs_msgs'
[0.733s] Level 1:colcon.colcon_core.package_identification:_identify(.) by extensions ['ignore', 'ignore_ament_install']
[0.733s] Level 1:colcon.colcon_core.package_identification:_identify(.) by extension 'ignore'
[0.734s] Level 1:colcon.colcon_core.package_identification:_identify(.) by extension 'ignore_ament_install'
[0.734s] Level 1:colcon.colcon_core.package_identification:_identify(.) by extensions ['colcon_pkg']
[0.734s] Level 1:colcon.colcon_core.package_identification:_identify(.) by extension 'colcon_pkg'
[0.734s] Level 1:colcon.colcon_core.package_identification:_identify(.) by extensions ['colcon_meta']
[0.734s] Level 1:colcon.colcon_core.package_identification:_identify(.) by extension 'colcon_meta'
[0.734s] Level 1:colcon.colcon_core.package_identification:_identify(.) by extensions ['ros']
[0.734s] Level 1:colcon.colcon_core.package_identification:_identify(.) by extension 'ros'
[0.755s] DEBUG:colcon.colcon_core.package_identification:Package '.' with type 'ros.ament_cmake' and name 'mirs_msgs'
[0.755s] Level 1:colcon.colcon_core.package_discovery:discover_packages(recursive) using defaults
[0.756s] Level 1:colcon.colcon_core.package_discovery:discover_packages(ignore) discover
[0.756s] Level 1:colcon.colcon_core.package_discovery:discover_packages(ignore) using defaults
[0.756s] Level 1:colcon.colcon_core.package_discovery:discover_packages(path) discover
[0.756s] Level 1:colcon.colcon_core.package_discovery:discover_packages(path) using defaults
[0.799s] Level 1:colcon.colcon_core.package_discovery:discover_packages(prefix_path) check parameters
[0.799s] Level 1:colcon.colcon_core.package_discovery:discover_packages(prefix_path) discover
[0.804s] DEBUG:colcon.colcon_installed_package_information.package_discovery:Found 346 installed packages in /opt/ros/humble
[0.828s] Level 1:colcon.colcon_core.package_discovery:discover_packages(prefix_path) using defaults
[0.889s] Level 5:colcon.colcon_core.verb:set package 'mirs_msgs' build argument 'cmake_args' from command line to 'None'
[0.889s] Level 5:colcon.colcon_core.verb:set package 'mirs_msgs' build argument 'cmake_target' from command line to 'None'
[0.889s] Level 5:colcon.colcon_core.verb:set package 'mirs_msgs' build argument 'cmake_target_skip_unavailable' from command line to 'False'
[0.889s] Level 5:colcon.colcon_core.verb:set package 'mirs_msgs' build argument 'cmake_clean_cache' from command line to 'False'
[0.889s] Level 5:colcon.colcon_core.verb:set package 'mirs_msgs' build argument 'cmake_clean_first' from command line to 'False'
[0.889s] Level 5:colcon.colcon_core.verb:set package 'mirs_msgs' build argument 'cmake_force_configure' from command line to 'False'
[0.889s] Level 5:colcon.colcon_core.verb:set package 'mirs_msgs' build argument 'ament_cmake_args' from command line to 'None'
[0.889s] Level 5:colcon.colcon_core.verb:set package 'mirs_msgs' build argument 'catkin_cmake_args' from command line to 'None'
[0.889s] Level 5:colcon.colcon_core.verb:set package 'mirs_msgs' build argument 'catkin_skip_building_tests' from command line to 'False'
[0.889s] DEBUG:colcon.colcon_core.verb:Building package 'mirs_msgs' with the following arguments: {'ament_cmake_args': None, 'build_base': '/home/oumuika/Documents/mirs_msgs/build/mirs_msgs', 'catkin_cmake_args': None, 'catkin_skip_building_tests': False, 'cmake_args': None, 'cmake_clean_cache': False, 'cmake_clean_first': False, 'cmake_force_configure': False, 'cmake_target': None, 'cmake_target_skip_unavailable': False, 'install_base': '/home/oumuika/Documents/mirs_msgs/install/mirs_msgs', 'merge_install': False, 'path': '/home/oumuika/Documents/mirs_msgs', 'symlink_install': False, 'test_result_base': None}
[0.889s] INFO:colcon.colcon_core.executor:Executing jobs using 'parallel' executor
[0.891s] DEBUG:colcon.colcon_parallel_executor.executor.parallel:run_until_complete
[0.891s] INFO:colcon.colcon_ros.task.ament_cmake.build:Building ROS package in '/home/oumuika/Documents/mirs_msgs' with build type 'ament_cmake'
[0.891s] INFO:colcon.colcon_cmake.task.cmake.build:Building CMake package in '/home/oumuika/Documents/mirs_msgs'
[0.898s] INFO:colcon.colcon_core.plugin_system:Skipping extension 'colcon_core.shell.bat': Not used on non-Windows systems
[0.898s] INFO:colcon.colcon_core.shell:Skip shell extension 'powershell' for command environment: Not usable outside of PowerShell
[0.898s] DEBUG:colcon.colcon_core.shell:Skip shell extension 'dsv' for command environment
[0.909s] DEBUG:colcon.colcon_core.event_handler.log_command:Invoking command in '/home/oumuika/Documents/mirs_msgs/build/mirs_msgs': CMAKE_PREFIX_PATH=/opt/ros/humble /usr/bin/cmake /home/oumuika/Documents/mirs_msgs -DCMAKE_INSTALL_PREFIX=/home/oumuika/Documents/mirs_msgs/install/mirs_msgs
[3.380s] DEBUG:colcon.colcon_core.event_handler.log_command:Invoked command in '/home/oumuika/Documents/mirs_msgs/build/mirs_msgs' returned '0': CMAKE_PREFIX_PATH=/opt/ros/humble /usr/bin/cmake /home/oumuika/Documents/mirs_msgs -DCMAKE_INSTALL_PREFIX=/home/oumuika/Documents/mirs_msgs/install/mirs_msgs
[3.382s] DEBUG:colcon.colcon_core.event_handler.log_command:Invoking command in '/home/oumuika/Documents/mirs_msgs/build/mirs_msgs': CMAKE_PREFIX_PATH=/opt/ros/humble /usr/bin/cmake --build /home/oumuika/Documents/mirs_msgs/build/mirs_msgs -- -j6 -l6
[9.355s] DEBUG:colcon.colcon_core.event_handler.log_command:Invoked command in '/home/oumuika/Documents/mirs_msgs/build/mirs_msgs' returned '0': CMAKE_PREFIX_PATH=/opt/ros/humble /usr/bin/cmake --build /home/oumuika/Documents/mirs_msgs/build/mirs_msgs -- -j6 -l6
[9.510s] DEBUG:colcon.colcon_core.event_handler.log_command:Invoking command in '/home/oumuika/Documents/mirs_msgs/build/mirs_msgs': CMAKE_PREFIX_PATH=/opt/ros/humble /usr/bin/cmake --install /home/oumuika/Documents/mirs_msgs/build/mirs_msgs
[9.612s] Level 1:colcon.colcon_core.environment:create_environment_scripts_only(mirs_msgs)
[9.613s] DEBUG:colcon.colcon_core.event_handler.log_command:Invoked command in '/home/oumuika/Documents/mirs_msgs/build/mirs_msgs' returned '0': CMAKE_PREFIX_PATH=/opt/ros/humble /usr/bin/cmake --install /home/oumuika/Documents/mirs_msgs/build/mirs_msgs
[9.619s] Level 1:colcon.colcon_core.environment:checking '/home/oumuika/Documents/mirs_msgs/install/mirs_msgs' for CMake module files
[9.620s] Level 1:colcon.colcon_core.environment:checking '/home/oumuika/Documents/mirs_msgs/install/mirs_msgs' for CMake config files
[9.620s] Level 1:colcon.colcon_core.shell:create_environment_hook('mirs_msgs', 'cmake_prefix_path')
[9.621s] INFO:colcon.colcon_core.shell:Creating environment hook '/home/oumuika/Documents/mirs_msgs/install/mirs_msgs/share/mirs_msgs/hook/cmake_prefix_path.ps1'
[9.622s] INFO:colcon.colcon_core.shell:Creating environment descriptor '/home/oumuika/Documents/mirs_msgs/install/mirs_msgs/share/mirs_msgs/hook/cmake_prefix_path.dsv'
[9.623s] INFO:colcon.colcon_core.shell:Creating environment hook '/home/oumuika/Documents/mirs_msgs/install/mirs_msgs/share/mirs_msgs/hook/cmake_prefix_path.sh'
[9.624s] Level 1:colcon.colcon_core.environment:checking '/home/oumuika/Documents/mirs_msgs/install/mirs_msgs/lib'
[9.625s] Level 1:colcon.colcon_core.shell:create_environment_hook('mirs_msgs', 'ld_library_path_lib')
[9.625s] INFO:colcon.colcon_core.shell:Creating environment hook '/home/oumuika/Documents/mirs_msgs/install/mirs_msgs/share/mirs_msgs/hook/ld_library_path_lib.ps1'
[9.625s] INFO:colcon.colcon_core.shell:Creating environment descriptor '/home/oumuika/Documents/mirs_msgs/install/mirs_msgs/share/mirs_msgs/hook/ld_library_path_lib.dsv'
[9.626s] INFO:colcon.colcon_core.shell:Creating environment hook '/home/oumuika/Documents/mirs_msgs/install/mirs_msgs/share/mirs_msgs/hook/ld_library_path_lib.sh'
[9.626s] Level 1:colcon.colcon_core.environment:checking '/home/oumuika/Documents/mirs_msgs/install/mirs_msgs/bin'
[9.626s] Level 1:colcon.colcon_core.environment:checking '/home/oumuika/Documents/mirs_msgs/install/mirs_msgs/lib/pkgconfig/mirs_msgs.pc'
[9.626s] Level 1:colcon.colcon_core.environment:checking '/home/oumuika/Documents/mirs_msgs/install/mirs_msgs/lib/python3.10/site-packages'
[9.627s] Level 1:colcon.colcon_core.environment:checking '/home/oumuika/Documents/mirs_msgs/install/mirs_msgs/bin'
[9.627s] INFO:colcon.colcon_core.shell:Creating package script '/home/oumuika/Documents/mirs_msgs/install/mirs_msgs/share/mirs_msgs/package.ps1'
[9.628s] INFO:colcon.colcon_core.shell:Creating package descriptor '/home/oumuika/Documents/mirs_msgs/install/mirs_msgs/share/mirs_msgs/package.dsv'
[9.629s] INFO:colcon.colcon_core.shell:Creating package script '/home/oumuika/Documents/mirs_msgs/install/mirs_msgs/share/mirs_msgs/package.sh'
[9.630s] INFO:colcon.colcon_core.shell:Creating package script '/home/oumuika/Documents/mirs_msgs/install/mirs_msgs/share/mirs_msgs/package.bash'
[9.632s] INFO:colcon.colcon_core.shell:Creating package script '/home/oumuika/Documents/mirs_msgs/install/mirs_msgs/share/mirs_msgs/package.zsh'
[9.633s] Level 1:colcon.colcon_core.environment:create_file_with_runtime_dependencies(/home/oumuika/Documents/mirs_msgs/install/mirs_msgs/share/colcon-core/packages/mirs_msgs)
[9.832s] Level 1:colcon.colcon_core.environment:create_environment_scripts_only(mirs_msgs)
[9.832s] Level 1:colcon.colcon_core.environment:checking '/home/oumuika/Documents/mirs_msgs/install/mirs_msgs' for CMake module files
[9.833s] Level 1:colcon.colcon_core.environment:checking '/home/oumuika/Documents/mirs_msgs/install/mirs_msgs' for CMake config files
[9.835s] Level 1:colcon.colcon_core.shell:create_environment_hook('mirs_msgs', 'cmake_prefix_path')
[9.835s] INFO:colcon.colcon_core.shell:Creating environment hook '/home/oumuika/Documents/mirs_msgs/install/mirs_msgs/share/mirs_msgs/hook/cmake_prefix_path.ps1'
[9.836s] INFO:colcon.colcon_core.shell:Creating environment descriptor '/home/oumuika/Documents/mirs_msgs/install/mirs_msgs/share/mirs_msgs/hook/cmake_prefix_path.dsv'
[9.837s] INFO:colcon.colcon_core.shell:Creating environment hook '/home/oumuika/Documents/mirs_msgs/install/mirs_msgs/share/mirs_msgs/hook/cmake_prefix_path.sh'
[9.838s] Level 1:colcon.colcon_core.environment:checking '/home/oumuika/Documents/mirs_msgs/install/mirs_msgs/lib'
[9.838s] Level 1:colcon.colcon_core.shell:create_environment_hook('mirs_msgs', 'ld_library_path_lib')
[9.838s] INFO:colcon.colcon_core.shell:Creating environment hook '/home/oumuika/Documents/mirs_msgs/install/mirs_msgs/share/mirs_msgs/hook/ld_library_path_lib.ps1'
[9.839s] INFO:colcon.colcon_core.shell:Creating environment descriptor '/home/oumuika/Documents/mirs_msgs/install/mirs_msgs/share/mirs_msgs/hook/ld_library_path_lib.dsv'
[9.840s] INFO:colcon.colcon_core.shell:Creating environment hook '/home/oumuika/Documents/mirs_msgs/install/mirs_msgs/share/mirs_msgs/hook/ld_library_path_lib.sh'
[9.840s] Level 1:colcon.colcon_core.environment:checking '/home/oumuika/Documents/mirs_msgs/install/mirs_msgs/bin'
[9.841s] Level 1:colcon.colcon_core.environment:checking '/home/oumuika/Documents/mirs_msgs/install/mirs_msgs/lib/pkgconfig/mirs_msgs.pc'
[9.841s] Level 1:colcon.colcon_core.environment:checking '/home/oumuika/Documents/mirs_msgs/install/mirs_msgs/lib/python3.10/site-packages'
[9.841s] Level 1:colcon.colcon_core.environment:checking '/home/oumuika/Documents/mirs_msgs/install/mirs_msgs/bin'
[9.842s] INFO:colcon.colcon_core.shell:Creating package script '/home/oumuika/Documents/mirs_msgs/install/mirs_msgs/share/mirs_msgs/package.ps1'
[9.843s] INFO:colcon.colcon_core.shell:Creating package descriptor '/home/oumuika/Documents/mirs_msgs/install/mirs_msgs/share/mirs_msgs/package.dsv'
[9.844s] INFO:colcon.colcon_core.shell:Creating package script '/home/oumuika/Documents/mirs_msgs/install/mirs_msgs/share/mirs_msgs/package.sh'
[9.845s] INFO:colcon.colcon_core.shell:Creating package script '/home/oumuika/Documents/mirs_msgs/install/mirs_msgs/share/mirs_msgs/package.bash'
[9.846s] INFO:colcon.colcon_core.shell:Creating package script '/home/oumuika/Documents/mirs_msgs/install/mirs_msgs/share/mirs_msgs/package.zsh'
[9.847s] Level 1:colcon.colcon_core.environment:create_file_with_runtime_dependencies(/home/oumuika/Documents/mirs_msgs/install/mirs_msgs/share/colcon-core/packages/mirs_msgs)
[9.847s] DEBUG:colcon.colcon_parallel_executor.executor.parallel:closing loop
[9.848s] DEBUG:colcon.colcon_parallel_executor.executor.parallel:loop closed
[9.848s] DEBUG:colcon.colcon_parallel_executor.executor.parallel:run_until_complete finished with '0'
[9.848s] DEBUG:colcon.colcon_core.event_reactor:joining thread
[9.864s] INFO:colcon.colcon_core.plugin_system:Skipping extension 'colcon_notification.desktop_notification.terminal_notifier': Not used on non-Darwin systems
[9.865s] INFO:colcon.colcon_core.plugin_system:Skipping extension 'colcon_notification.desktop_notification.win32': Not used on non-Windows systems
[9.865s] INFO:colcon.colcon_notification.desktop_notification:Sending desktop notification using 'notify2'
[9.915s] DEBUG:colcon.colcon_core.event_reactor:joined thread
[9.916s] INFO:colcon.colcon_core.shell:Creating prefix script '/home/oumuika/Documents/mirs_msgs/install/local_setup.ps1'
[9.918s] INFO:colcon.colcon_core.shell:Creating prefix util module '/home/oumuika/Documents/mirs_msgs/install/_local_setup_util_ps1.py'
[9.922s] INFO:colcon.colcon_core.shell:Creating prefix chain script '/home/oumuika/Documents/mirs_msgs/install/setup.ps1'
[9.924s] INFO:colcon.colcon_core.shell:Creating prefix script '/home/oumuika/Documents/mirs_msgs/install/local_setup.sh'
[9.926s] INFO:colcon.colcon_core.shell:Creating prefix util module '/home/oumuika/Documents/mirs_msgs/install/_local_setup_util_sh.py'
[9.927s] INFO:colcon.colcon_core.shell:Creating prefix chain script '/home/oumuika/Documents/mirs_msgs/install/setup.sh'
[9.929s] INFO:colcon.colcon_core.shell:Creating prefix script '/home/oumuika/Documents/mirs_msgs/install/local_setup.bash'
[9.931s] INFO:colcon.colcon_core.shell:Creating prefix chain script '/home/oumuika/Documents/mirs_msgs/install/setup.bash'
[9.933s] INFO:colcon.colcon_core.shell:Creating prefix script '/home/oumuika/Documents/mirs_msgs/install/local_setup.zsh'
[9.935s] INFO:colcon.colcon_core.shell:Creating prefix chain script '/home/oumuika/Documents/mirs_msgs/install/setup.zsh'
