-- Found ament_cmake: 1.3.10 (/opt/ros/humble/share/ament_cmake/cmake)
-- Found rosidl_default_generators: 1.2.0 (/opt/ros/humble/share/rosidl_default_generators/cmake)
-- Using all available rosidl_typesupport_c: rosidl_typesupport_fastrtps_c;rosidl_typesupport_introspection_c
-- Found rosidl_adapter: 3.1.5 (/opt/ros/humble/share/rosidl_adapter/cmake)
-- Using all available rosidl_typesupport_cpp: rosidl_typesupport_fastrtps_cpp;rosidl_typesupport_introspection_cpp
-- Found ament_cmake_ros: 0.10.0 (/opt/ros/humble/share/ament_cmake_ros/cmake)
-- Using all available rosidl_typesupport_c: rosidl_typesupport_fastrtps_c;rosidl_typesupport_introspection_c
-- Using all available rosidl_typesupport_cpp: rosidl_typesupport_fastrtps_cpp;rosidl_typesupport_introspection_cpp
-- Found python_cmake_module: 0.10.0 (/opt/ros/humble/share/python_cmake_module/cmake)
-- Using PYTHON_EXECUTABLE: /usr/bin/python3
-- Using PYTHON_INCLUDE_DIRS: /usr/include/python3.10
-- Using PYTHON_LIBRARIES: /usr/lib/x86_64-linux-gnu/libpython3.10.so
-- Configuring done
-- Generating done
-- Build files have been written to: /home/oumuika/Documents/mirs_msgs/build/mirs_msgs
[35m[1mConsolidate compiler generated dependencies of target mirs_msgs__rosidl_generator_c[0m
[  1%] Built target mirs_msgs__cpp
[ 12%] Built target mirs_msgs__rosidl_generator_c
[35m[1mConsolidate compiler generated dependencies of target mirs_msgs__rosidl_typesupport_cpp[0m
[35m[1mConsolidate compiler generated dependencies of target mirs_msgs__rosidl_typesupport_introspection_cpp[0m
[35m[1mConsolidate compiler generated dependencies of target mirs_msgs__rosidl_typesupport_fastrtps_cpp[0m
[ 12%] Built target ament_cmake_python_copy_mirs_msgs
[35m[1mConsolidate compiler generated dependencies of target mirs_msgs__rosidl_typesupport_introspection_c[0m
[35m[1mConsolidate compiler generated dependencies of target mirs_msgs__rosidl_typesupport_fastrtps_c[0m
[35m[1mConsolidate compiler generated dependencies of target mirs_msgs__rosidl_typesupport_c[0m
[ 23%] Built target mirs_msgs__rosidl_typesupport_cpp
[ 35%] Built target mirs_msgs__rosidl_typesupport_c
[ 56%] Built target mirs_msgs__rosidl_typesupport_introspection_cpp
[ 57%] Built target mirs_msgs__rosidl_typesupport_introspection_c
[ 69%] Built target mirs_msgs__rosidl_typesupport_fastrtps_cpp
[ 80%] Built target mirs_msgs__rosidl_typesupport_fastrtps_c
[ 80%] Built target mirs_msgs
[ 81%] Built target mirs_msgs__py
[35m[1mConsolidate compiler generated dependencies of target mirs_msgs__rosidl_generator_py[0m
[ 91%] Built target mirs_msgs__rosidl_generator_py
[35m[1mConsolidate compiler generated dependencies of target mirs_msgs__rosidl_typesupport_fastrtps_c__pyext[0m
[35m[1mConsolidate compiler generated dependencies of target mirs_msgs__rosidl_typesupport_introspection_c__pyext[0m
[35m[1mConsolidate compiler generated dependencies of target mirs_msgs__rosidl_typesupport_c__pyext[0m
[ 97%] Built target mirs_msgs__rosidl_typesupport_introspection_c__pyext
[ 97%] Built target mirs_msgs__rosidl_typesupport_fastrtps_c__pyext
[100%] Built target mirs_msgs__rosidl_typesupport_c__pyext
running egg_info
writing mirs_msgs.egg-info/PKG-INFO
writing dependency_links to mirs_msgs.egg-info/dependency_links.txt
writing top-level names to mirs_msgs.egg-info/top_level.txt
reading manifest file 'mirs_msgs.egg-info/SOURCES.txt'
writing manifest file 'mirs_msgs.egg-info/SOURCES.txt'
[100%] Built target ament_cmake_python_build_mirs_msgs_egg
-- Install configuration: ""
-- Up-to-date: /home/oumuika/Documents/mirs_msgs/install/mirs_msgs/share/ament_index/resource_index/rosidl_interfaces/mirs_msgs
-- Up-to-date: /home/oumuika/Documents/mirs_msgs/install/mirs_msgs/include/mirs_msgs/mirs_msgs
-- Up-to-date: /home/oumuika/Documents/mirs_msgs/install/mirs_msgs/include/mirs_msgs/mirs_msgs/msg
-- Up-to-date: /home/oumuika/Documents/mirs_msgs/install/mirs_msgs/include/mirs_msgs/mirs_msgs/msg/detail
-- Up-to-date: /home/oumuika/Documents/mirs_msgs/install/mirs_msgs/include/mirs_msgs/mirs_msgs/msg/detail/basic_param__functions.c
-- Up-to-date: /home/oumuika/Documents/mirs_msgs/install/mirs_msgs/include/mirs_msgs/mirs_msgs/msg/detail/basic_param__type_support.h
-- Up-to-date: /home/oumuika/Documents/mirs_msgs/install/mirs_msgs/include/mirs_msgs/mirs_msgs/msg/detail/basic_param__struct.h
-- Up-to-date: /home/oumuika/Documents/mirs_msgs/install/mirs_msgs/include/mirs_msgs/mirs_msgs/msg/detail/basic_param__functions.h
-- Up-to-date: /home/oumuika/Documents/mirs_msgs/install/mirs_msgs/include/mirs_msgs/mirs_msgs/msg/rosidl_generator_c__visibility_control.h
-- Up-to-date: /home/oumuika/Documents/mirs_msgs/install/mirs_msgs/include/mirs_msgs/mirs_msgs/msg/basic_param.h
-- Up-to-date: /home/oumuika/Documents/mirs_msgs/install/mirs_msgs/include/mirs_msgs/mirs_msgs/srv
-- Up-to-date: /home/oumuika/Documents/mirs_msgs/install/mirs_msgs/include/mirs_msgs/mirs_msgs/srv/number_command.h
-- Up-to-date: /home/oumuika/Documents/mirs_msgs/install/mirs_msgs/include/mirs_msgs/mirs_msgs/srv/simple_command.h
-- Up-to-date: /home/oumuika/Documents/mirs_msgs/install/mirs_msgs/include/mirs_msgs/mirs_msgs/srv/detail
-- Up-to-date: /home/oumuika/Documents/mirs_msgs/install/mirs_msgs/include/mirs_msgs/mirs_msgs/srv/detail/parameter_update__functions.c
-- Up-to-date: /home/oumuika/Documents/mirs_msgs/install/mirs_msgs/include/mirs_msgs/mirs_msgs/srv/detail/number_command__functions.h
-- Up-to-date: /home/oumuika/Documents/mirs_msgs/install/mirs_msgs/include/mirs_msgs/mirs_msgs/srv/detail/simple_command__functions.h
-- Up-to-date: /home/oumuika/Documents/mirs_msgs/install/mirs_msgs/include/mirs_msgs/mirs_msgs/srv/detail/basic_command__struct.h
-- Up-to-date: /home/oumuika/Documents/mirs_msgs/install/mirs_msgs/include/mirs_msgs/mirs_msgs/srv/detail/simple_command__struct.h
-- Up-to-date: /home/oumuika/Documents/mirs_msgs/install/mirs_msgs/include/mirs_msgs/mirs_msgs/srv/detail/number_command__type_support.h
-- Up-to-date: /home/oumuika/Documents/mirs_msgs/install/mirs_msgs/include/mirs_msgs/mirs_msgs/srv/detail/number_command__struct.h
-- Up-to-date: /home/oumuika/Documents/mirs_msgs/install/mirs_msgs/include/mirs_msgs/mirs_msgs/srv/detail/params__functions.h
-- Up-to-date: /home/oumuika/Documents/mirs_msgs/install/mirs_msgs/include/mirs_msgs/mirs_msgs/srv/detail/simple_command__functions.c
-- Up-to-date: /home/oumuika/Documents/mirs_msgs/install/mirs_msgs/include/mirs_msgs/mirs_msgs/srv/detail/params__functions.c
-- Up-to-date: /home/oumuika/Documents/mirs_msgs/install/mirs_msgs/include/mirs_msgs/mirs_msgs/srv/detail/parameter_update__struct.h
-- Up-to-date: /home/oumuika/Documents/mirs_msgs/install/mirs_msgs/include/mirs_msgs/mirs_msgs/srv/detail/parameter_update__type_support.h
-- Up-to-date: /home/oumuika/Documents/mirs_msgs/install/mirs_msgs/include/mirs_msgs/mirs_msgs/srv/detail/basic_command__functions.h
-- Up-to-date: /home/oumuika/Documents/mirs_msgs/install/mirs_msgs/include/mirs_msgs/mirs_msgs/srv/detail/number_command__functions.c
-- Up-to-date: /home/oumuika/Documents/mirs_msgs/install/mirs_msgs/include/mirs_msgs/mirs_msgs/srv/detail/simple_command__type_support.h
-- Up-to-date: /home/oumuika/Documents/mirs_msgs/install/mirs_msgs/include/mirs_msgs/mirs_msgs/srv/detail/basic_command__type_support.h
-- Up-to-date: /home/oumuika/Documents/mirs_msgs/install/mirs_msgs/include/mirs_msgs/mirs_msgs/srv/detail/params__struct.h
-- Up-to-date: /home/oumuika/Documents/mirs_msgs/install/mirs_msgs/include/mirs_msgs/mirs_msgs/srv/detail/basic_command__functions.c
-- Up-to-date: /home/oumuika/Documents/mirs_msgs/install/mirs_msgs/include/mirs_msgs/mirs_msgs/srv/detail/params__type_support.h
-- Up-to-date: /home/oumuika/Documents/mirs_msgs/install/mirs_msgs/include/mirs_msgs/mirs_msgs/srv/detail/parameter_update__functions.h
-- Up-to-date: /home/oumuika/Documents/mirs_msgs/install/mirs_msgs/include/mirs_msgs/mirs_msgs/srv/params.h
-- Up-to-date: /home/oumuika/Documents/mirs_msgs/install/mirs_msgs/include/mirs_msgs/mirs_msgs/srv/parameter_update.h
-- Up-to-date: /home/oumuika/Documents/mirs_msgs/install/mirs_msgs/include/mirs_msgs/mirs_msgs/srv/basic_command.h
-- Up-to-date: /home/oumuika/Documents/mirs_msgs/install/mirs_msgs/share/mirs_msgs/environment/library_path.sh
-- Installing: /home/oumuika/Documents/mirs_msgs/install/mirs_msgs/share/mirs_msgs/environment/library_path.dsv
-- Up-to-date: /home/oumuika/Documents/mirs_msgs/install/mirs_msgs/lib/libmirs_msgs__rosidl_generator_c.so
-- Up-to-date: /home/oumuika/Documents/mirs_msgs/install/mirs_msgs/include/mirs_msgs/mirs_msgs
-- Up-to-date: /home/oumuika/Documents/mirs_msgs/install/mirs_msgs/include/mirs_msgs/mirs_msgs/msg
-- Up-to-date: /home/oumuika/Documents/mirs_msgs/install/mirs_msgs/include/mirs_msgs/mirs_msgs/msg/detail
-- Up-to-date: /home/oumuika/Documents/mirs_msgs/install/mirs_msgs/include/mirs_msgs/mirs_msgs/msg/detail/basic_param__rosidl_typesupport_fastrtps_c.h
-- Up-to-date: /home/oumuika/Documents/mirs_msgs/install/mirs_msgs/include/mirs_msgs/mirs_msgs/msg/rosidl_typesupport_fastrtps_c__visibility_control.h
-- Up-to-date: /home/oumuika/Documents/mirs_msgs/install/mirs_msgs/include/mirs_msgs/mirs_msgs/srv
-- Up-to-date: /home/oumuika/Documents/mirs_msgs/install/mirs_msgs/include/mirs_msgs/mirs_msgs/srv/detail
-- Up-to-date: /home/oumuika/Documents/mirs_msgs/install/mirs_msgs/include/mirs_msgs/mirs_msgs/srv/detail/params__rosidl_typesupport_fastrtps_c.h
-- Up-to-date: /home/oumuika/Documents/mirs_msgs/install/mirs_msgs/include/mirs_msgs/mirs_msgs/srv/detail/simple_command__rosidl_typesupport_fastrtps_c.h
-- Up-to-date: /home/oumuika/Documents/mirs_msgs/install/mirs_msgs/include/mirs_msgs/mirs_msgs/srv/detail/number_command__rosidl_typesupport_fastrtps_c.h
-- Up-to-date: /home/oumuika/Documents/mirs_msgs/install/mirs_msgs/include/mirs_msgs/mirs_msgs/srv/detail/parameter_update__rosidl_typesupport_fastrtps_c.h
-- Up-to-date: /home/oumuika/Documents/mirs_msgs/install/mirs_msgs/include/mirs_msgs/mirs_msgs/srv/detail/basic_command__rosidl_typesupport_fastrtps_c.h
-- Up-to-date: /home/oumuika/Documents/mirs_msgs/install/mirs_msgs/lib/libmirs_msgs__rosidl_typesupport_fastrtps_c.so
-- Up-to-date: /home/oumuika/Documents/mirs_msgs/install/mirs_msgs/include/mirs_msgs/mirs_msgs
-- Up-to-date: /home/oumuika/Documents/mirs_msgs/install/mirs_msgs/include/mirs_msgs/mirs_msgs/msg
-- Up-to-date: /home/oumuika/Documents/mirs_msgs/install/mirs_msgs/include/mirs_msgs/mirs_msgs/msg/detail
-- Up-to-date: /home/oumuika/Documents/mirs_msgs/install/mirs_msgs/include/mirs_msgs/mirs_msgs/msg/detail/basic_param__rosidl_typesupport_introspection_c.h
-- Up-to-date: /home/oumuika/Documents/mirs_msgs/install/mirs_msgs/include/mirs_msgs/mirs_msgs/msg/detail/basic_param__type_support.c
-- Up-to-date: /home/oumuika/Documents/mirs_msgs/install/mirs_msgs/include/mirs_msgs/mirs_msgs/msg/rosidl_typesupport_introspection_c__visibility_control.h
-- Up-to-date: /home/oumuika/Documents/mirs_msgs/install/mirs_msgs/include/mirs_msgs/mirs_msgs/srv
-- Up-to-date: /home/oumuika/Documents/mirs_msgs/install/mirs_msgs/include/mirs_msgs/mirs_msgs/srv/detail
-- Up-to-date: /home/oumuika/Documents/mirs_msgs/install/mirs_msgs/include/mirs_msgs/mirs_msgs/srv/detail/basic_command__type_support.c
-- Up-to-date: /home/oumuika/Documents/mirs_msgs/install/mirs_msgs/include/mirs_msgs/mirs_msgs/srv/detail/basic_command__rosidl_typesupport_introspection_c.h
-- Up-to-date: /home/oumuika/Documents/mirs_msgs/install/mirs_msgs/include/mirs_msgs/mirs_msgs/srv/detail/parameter_update__rosidl_typesupport_introspection_c.h
-- Up-to-date: /home/oumuika/Documents/mirs_msgs/install/mirs_msgs/include/mirs_msgs/mirs_msgs/srv/detail/parameter_update__type_support.c
-- Up-to-date: /home/oumuika/Documents/mirs_msgs/install/mirs_msgs/include/mirs_msgs/mirs_msgs/srv/detail/params__type_support.c
-- Up-to-date: /home/oumuika/Documents/mirs_msgs/install/mirs_msgs/include/mirs_msgs/mirs_msgs/srv/detail/number_command__type_support.c
-- Up-to-date: /home/oumuika/Documents/mirs_msgs/install/mirs_msgs/include/mirs_msgs/mirs_msgs/srv/detail/params__rosidl_typesupport_introspection_c.h
-- Up-to-date: /home/oumuika/Documents/mirs_msgs/install/mirs_msgs/include/mirs_msgs/mirs_msgs/srv/detail/simple_command__rosidl_typesupport_introspection_c.h
-- Up-to-date: /home/oumuika/Documents/mirs_msgs/install/mirs_msgs/include/mirs_msgs/mirs_msgs/srv/detail/simple_command__type_support.c
-- Up-to-date: /home/oumuika/Documents/mirs_msgs/install/mirs_msgs/include/mirs_msgs/mirs_msgs/srv/detail/number_command__rosidl_typesupport_introspection_c.h
-- Up-to-date: /home/oumuika/Documents/mirs_msgs/install/mirs_msgs/lib/libmirs_msgs__rosidl_typesupport_introspection_c.so
-- Up-to-date: /home/oumuika/Documents/mirs_msgs/install/mirs_msgs/lib/libmirs_msgs__rosidl_typesupport_c.so
-- Up-to-date: /home/oumuika/Documents/mirs_msgs/install/mirs_msgs/include/mirs_msgs/mirs_msgs
-- Up-to-date: /home/oumuika/Documents/mirs_msgs/install/mirs_msgs/include/mirs_msgs/mirs_msgs/msg
-- Up-to-date: /home/oumuika/Documents/mirs_msgs/install/mirs_msgs/include/mirs_msgs/mirs_msgs/msg/detail
-- Up-to-date: /home/oumuika/Documents/mirs_msgs/install/mirs_msgs/include/mirs_msgs/mirs_msgs/msg/detail/basic_param__traits.hpp
-- Up-to-date: /home/oumuika/Documents/mirs_msgs/install/mirs_msgs/include/mirs_msgs/mirs_msgs/msg/detail/basic_param__struct.hpp
-- Up-to-date: /home/oumuika/Documents/mirs_msgs/install/mirs_msgs/include/mirs_msgs/mirs_msgs/msg/detail/basic_param__builder.hpp
-- Up-to-date: /home/oumuika/Documents/mirs_msgs/install/mirs_msgs/include/mirs_msgs/mirs_msgs/msg/basic_param.hpp
-- Up-to-date: /home/oumuika/Documents/mirs_msgs/install/mirs_msgs/include/mirs_msgs/mirs_msgs/srv
-- Up-to-date: /home/oumuika/Documents/mirs_msgs/install/mirs_msgs/include/mirs_msgs/mirs_msgs/srv/simple_command.hpp
-- Up-to-date: /home/oumuika/Documents/mirs_msgs/install/mirs_msgs/include/mirs_msgs/mirs_msgs/srv/detail
-- Up-to-date: /home/oumuika/Documents/mirs_msgs/install/mirs_msgs/include/mirs_msgs/mirs_msgs/srv/detail/parameter_update__traits.hpp
-- Up-to-date: /home/oumuika/Documents/mirs_msgs/install/mirs_msgs/include/mirs_msgs/mirs_msgs/srv/detail/parameter_update__struct.hpp
-- Up-to-date: /home/oumuika/Documents/mirs_msgs/install/mirs_msgs/include/mirs_msgs/mirs_msgs/srv/detail/simple_command__builder.hpp
-- Up-to-date: /home/oumuika/Documents/mirs_msgs/install/mirs_msgs/include/mirs_msgs/mirs_msgs/srv/detail/number_command__builder.hpp
-- Up-to-date: /home/oumuika/Documents/mirs_msgs/install/mirs_msgs/include/mirs_msgs/mirs_msgs/srv/detail/parameter_update__builder.hpp
-- Up-to-date: /home/oumuika/Documents/mirs_msgs/install/mirs_msgs/include/mirs_msgs/mirs_msgs/srv/detail/number_command__traits.hpp
-- Up-to-date: /home/oumuika/Documents/mirs_msgs/install/mirs_msgs/include/mirs_msgs/mirs_msgs/srv/detail/basic_command__traits.hpp
-- Up-to-date: /home/oumuika/Documents/mirs_msgs/install/mirs_msgs/include/mirs_msgs/mirs_msgs/srv/detail/params__struct.hpp
-- Up-to-date: /home/oumuika/Documents/mirs_msgs/install/mirs_msgs/include/mirs_msgs/mirs_msgs/srv/detail/number_command__struct.hpp
-- Up-to-date: /home/oumuika/Documents/mirs_msgs/install/mirs_msgs/include/mirs_msgs/mirs_msgs/srv/detail/basic_command__builder.hpp
-- Up-to-date: /home/oumuika/Documents/mirs_msgs/install/mirs_msgs/include/mirs_msgs/mirs_msgs/srv/detail/params__traits.hpp
-- Up-to-date: /home/oumuika/Documents/mirs_msgs/install/mirs_msgs/include/mirs_msgs/mirs_msgs/srv/detail/params__builder.hpp
-- Up-to-date: /home/oumuika/Documents/mirs_msgs/install/mirs_msgs/include/mirs_msgs/mirs_msgs/srv/detail/simple_command__struct.hpp
-- Up-to-date: /home/oumuika/Documents/mirs_msgs/install/mirs_msgs/include/mirs_msgs/mirs_msgs/srv/detail/simple_command__traits.hpp
-- Up-to-date: /home/oumuika/Documents/mirs_msgs/install/mirs_msgs/include/mirs_msgs/mirs_msgs/srv/detail/basic_command__struct.hpp
-- Up-to-date: /home/oumuika/Documents/mirs_msgs/install/mirs_msgs/include/mirs_msgs/mirs_msgs/srv/basic_command.hpp
-- Up-to-date: /home/oumuika/Documents/mirs_msgs/install/mirs_msgs/include/mirs_msgs/mirs_msgs/srv/params.hpp
-- Up-to-date: /home/oumuika/Documents/mirs_msgs/install/mirs_msgs/include/mirs_msgs/mirs_msgs/srv/number_command.hpp
-- Up-to-date: /home/oumuika/Documents/mirs_msgs/install/mirs_msgs/include/mirs_msgs/mirs_msgs/srv/parameter_update.hpp
-- Up-to-date: /home/oumuika/Documents/mirs_msgs/install/mirs_msgs/include/mirs_msgs/mirs_msgs
-- Up-to-date: /home/oumuika/Documents/mirs_msgs/install/mirs_msgs/include/mirs_msgs/mirs_msgs/msg
-- Up-to-date: /home/oumuika/Documents/mirs_msgs/install/mirs_msgs/include/mirs_msgs/mirs_msgs/msg/detail
-- Up-to-date: /home/oumuika/Documents/mirs_msgs/install/mirs_msgs/include/mirs_msgs/mirs_msgs/msg/detail/basic_param__rosidl_typesupport_fastrtps_cpp.hpp
-- Up-to-date: /home/oumuika/Documents/mirs_msgs/install/mirs_msgs/include/mirs_msgs/mirs_msgs/msg/detail/dds_fastrtps
-- Up-to-date: /home/oumuika/Documents/mirs_msgs/install/mirs_msgs/include/mirs_msgs/mirs_msgs/msg/rosidl_typesupport_fastrtps_cpp__visibility_control.h
-- Up-to-date: /home/oumuika/Documents/mirs_msgs/install/mirs_msgs/include/mirs_msgs/mirs_msgs/srv
-- Up-to-date: /home/oumuika/Documents/mirs_msgs/install/mirs_msgs/include/mirs_msgs/mirs_msgs/srv/detail
-- Up-to-date: /home/oumuika/Documents/mirs_msgs/install/mirs_msgs/include/mirs_msgs/mirs_msgs/srv/detail/basic_command__rosidl_typesupport_fastrtps_cpp.hpp
-- Up-to-date: /home/oumuika/Documents/mirs_msgs/install/mirs_msgs/include/mirs_msgs/mirs_msgs/srv/detail/parameter_update__rosidl_typesupport_fastrtps_cpp.hpp
-- Up-to-date: /home/oumuika/Documents/mirs_msgs/install/mirs_msgs/include/mirs_msgs/mirs_msgs/srv/detail/number_command__rosidl_typesupport_fastrtps_cpp.hpp
-- Up-to-date: /home/oumuika/Documents/mirs_msgs/install/mirs_msgs/include/mirs_msgs/mirs_msgs/srv/detail/dds_fastrtps
-- Up-to-date: /home/oumuika/Documents/mirs_msgs/install/mirs_msgs/include/mirs_msgs/mirs_msgs/srv/detail/params__rosidl_typesupport_fastrtps_cpp.hpp
-- Up-to-date: /home/oumuika/Documents/mirs_msgs/install/mirs_msgs/include/mirs_msgs/mirs_msgs/srv/detail/simple_command__rosidl_typesupport_fastrtps_cpp.hpp
-- Up-to-date: /home/oumuika/Documents/mirs_msgs/install/mirs_msgs/lib/libmirs_msgs__rosidl_typesupport_fastrtps_cpp.so
-- Up-to-date: /home/oumuika/Documents/mirs_msgs/install/mirs_msgs/include/mirs_msgs/mirs_msgs
-- Up-to-date: /home/oumuika/Documents/mirs_msgs/install/mirs_msgs/include/mirs_msgs/mirs_msgs/msg
-- Up-to-date: /home/oumuika/Documents/mirs_msgs/install/mirs_msgs/include/mirs_msgs/mirs_msgs/msg/detail
-- Up-to-date: /home/oumuika/Documents/mirs_msgs/install/mirs_msgs/include/mirs_msgs/mirs_msgs/msg/detail/basic_param__rosidl_typesupport_introspection_cpp.hpp
-- Up-to-date: /home/oumuika/Documents/mirs_msgs/install/mirs_msgs/include/mirs_msgs/mirs_msgs/msg/detail/basic_param__type_support.cpp
-- Up-to-date: /home/oumuika/Documents/mirs_msgs/install/mirs_msgs/include/mirs_msgs/mirs_msgs/srv
-- Up-to-date: /home/oumuika/Documents/mirs_msgs/install/mirs_msgs/include/mirs_msgs/mirs_msgs/srv/detail
-- Up-to-date: /home/oumuika/Documents/mirs_msgs/install/mirs_msgs/include/mirs_msgs/mirs_msgs/srv/detail/basic_command__type_support.cpp
-- Up-to-date: /home/oumuika/Documents/mirs_msgs/install/mirs_msgs/include/mirs_msgs/mirs_msgs/srv/detail/number_command__rosidl_typesupport_introspection_cpp.hpp
-- Up-to-date: /home/oumuika/Documents/mirs_msgs/install/mirs_msgs/include/mirs_msgs/mirs_msgs/srv/detail/simple_command__rosidl_typesupport_introspection_cpp.hpp
-- Up-to-date: /home/oumuika/Documents/mirs_msgs/install/mirs_msgs/include/mirs_msgs/mirs_msgs/srv/detail/parameter_update__type_support.cpp
-- Up-to-date: /home/oumuika/Documents/mirs_msgs/install/mirs_msgs/include/mirs_msgs/mirs_msgs/srv/detail/params__rosidl_typesupport_introspection_cpp.hpp
-- Up-to-date: /home/oumuika/Documents/mirs_msgs/install/mirs_msgs/include/mirs_msgs/mirs_msgs/srv/detail/number_command__type_support.cpp
-- Up-to-date: /home/oumuika/Documents/mirs_msgs/install/mirs_msgs/include/mirs_msgs/mirs_msgs/srv/detail/params__type_support.cpp
-- Up-to-date: /home/oumuika/Documents/mirs_msgs/install/mirs_msgs/include/mirs_msgs/mirs_msgs/srv/detail/parameter_update__rosidl_typesupport_introspection_cpp.hpp
-- Up-to-date: /home/oumuika/Documents/mirs_msgs/install/mirs_msgs/include/mirs_msgs/mirs_msgs/srv/detail/simple_command__type_support.cpp
-- Up-to-date: /home/oumuika/Documents/mirs_msgs/install/mirs_msgs/include/mirs_msgs/mirs_msgs/srv/detail/basic_command__rosidl_typesupport_introspection_cpp.hpp
-- Up-to-date: /home/oumuika/Documents/mirs_msgs/install/mirs_msgs/lib/libmirs_msgs__rosidl_typesupport_introspection_cpp.so
-- Up-to-date: /home/oumuika/Documents/mirs_msgs/install/mirs_msgs/lib/libmirs_msgs__rosidl_typesupport_cpp.so
-- Up-to-date: /home/oumuika/Documents/mirs_msgs/install/mirs_msgs/share/mirs_msgs/environment/pythonpath.sh
-- Installing: /home/oumuika/Documents/mirs_msgs/install/mirs_msgs/share/mirs_msgs/environment/pythonpath.dsv
-- Up-to-date: /home/oumuika/Documents/mirs_msgs/install/mirs_msgs/local/lib/python3.10/dist-packages/mirs_msgs-0.0.1-py3.10.egg-info
-- Installing: /home/oumuika/Documents/mirs_msgs/install/mirs_msgs/local/lib/python3.10/dist-packages/mirs_msgs-0.0.1-py3.10.egg-info/SOURCES.txt
-- Installing: /home/oumuika/Documents/mirs_msgs/install/mirs_msgs/local/lib/python3.10/dist-packages/mirs_msgs-0.0.1-py3.10.egg-info/top_level.txt
-- Installing: /home/oumuika/Documents/mirs_msgs/install/mirs_msgs/local/lib/python3.10/dist-packages/mirs_msgs-0.0.1-py3.10.egg-info/PKG-INFO
-- Installing: /home/oumuika/Documents/mirs_msgs/install/mirs_msgs/local/lib/python3.10/dist-packages/mirs_msgs-0.0.1-py3.10.egg-info/dependency_links.txt
-- Up-to-date: /home/oumuika/Documents/mirs_msgs/install/mirs_msgs/local/lib/python3.10/dist-packages/mirs_msgs
-- Installing: /home/oumuika/Documents/mirs_msgs/install/mirs_msgs/local/lib/python3.10/dist-packages/mirs_msgs/__init__.py
-- Up-to-date: /home/oumuika/Documents/mirs_msgs/install/mirs_msgs/local/lib/python3.10/dist-packages/mirs_msgs/libmirs_msgs__rosidl_generator_py.so
-- Up-to-date: /home/oumuika/Documents/mirs_msgs/install/mirs_msgs/local/lib/python3.10/dist-packages/mirs_msgs/mirs_msgs_s__rosidl_typesupport_c.cpython-310-x86_64-linux-gnu.so
-- Up-to-date: /home/oumuika/Documents/mirs_msgs/install/mirs_msgs/local/lib/python3.10/dist-packages/mirs_msgs/msg
-- Up-to-date: /home/oumuika/Documents/mirs_msgs/install/mirs_msgs/local/lib/python3.10/dist-packages/mirs_msgs/msg/__init__.py
-- Up-to-date: /home/oumuika/Documents/mirs_msgs/install/mirs_msgs/local/lib/python3.10/dist-packages/mirs_msgs/msg/_basic_param_s.c
-- Up-to-date: /home/oumuika/Documents/mirs_msgs/install/mirs_msgs/local/lib/python3.10/dist-packages/mirs_msgs/msg/_basic_param.py
-- Up-to-date: /home/oumuika/Documents/mirs_msgs/install/mirs_msgs/local/lib/python3.10/dist-packages/mirs_msgs/srv
-- Up-to-date: /home/oumuika/Documents/mirs_msgs/install/mirs_msgs/local/lib/python3.10/dist-packages/mirs_msgs/srv/__init__.py
-- Up-to-date: /home/oumuika/Documents/mirs_msgs/install/mirs_msgs/local/lib/python3.10/dist-packages/mirs_msgs/srv/_simple_command.py
-- Up-to-date: /home/oumuika/Documents/mirs_msgs/install/mirs_msgs/local/lib/python3.10/dist-packages/mirs_msgs/srv/_basic_command_s.c
-- Up-to-date: /home/oumuika/Documents/mirs_msgs/install/mirs_msgs/local/lib/python3.10/dist-packages/mirs_msgs/srv/_parameter_update.py
-- Up-to-date: /home/oumuika/Documents/mirs_msgs/install/mirs_msgs/local/lib/python3.10/dist-packages/mirs_msgs/srv/_params.py
-- Up-to-date: /home/oumuika/Documents/mirs_msgs/install/mirs_msgs/local/lib/python3.10/dist-packages/mirs_msgs/srv/_number_command.py
-- Up-to-date: /home/oumuika/Documents/mirs_msgs/install/mirs_msgs/local/lib/python3.10/dist-packages/mirs_msgs/srv/_params_s.c
-- Up-to-date: /home/oumuika/Documents/mirs_msgs/install/mirs_msgs/local/lib/python3.10/dist-packages/mirs_msgs/srv/_basic_command.py
-- Up-to-date: /home/oumuika/Documents/mirs_msgs/install/mirs_msgs/local/lib/python3.10/dist-packages/mirs_msgs/srv/_parameter_update_s.c
-- Up-to-date: /home/oumuika/Documents/mirs_msgs/install/mirs_msgs/local/lib/python3.10/dist-packages/mirs_msgs/srv/_simple_command_s.c
-- Up-to-date: /home/oumuika/Documents/mirs_msgs/install/mirs_msgs/local/lib/python3.10/dist-packages/mirs_msgs/srv/_number_command_s.c
-- Up-to-date: /home/oumuika/Documents/mirs_msgs/install/mirs_msgs/local/lib/python3.10/dist-packages/mirs_msgs/_mirs_msgs_s.ep.rosidl_typesupport_introspection_c.c
-- Up-to-date: /home/oumuika/Documents/mirs_msgs/install/mirs_msgs/local/lib/python3.10/dist-packages/mirs_msgs/_mirs_msgs_s.ep.rosidl_typesupport_c.c
-- Up-to-date: /home/oumuika/Documents/mirs_msgs/install/mirs_msgs/local/lib/python3.10/dist-packages/mirs_msgs/_mirs_msgs_s.ep.rosidl_typesupport_fastrtps_c.c
-- Up-to-date: /home/oumuika/Documents/mirs_msgs/install/mirs_msgs/local/lib/python3.10/dist-packages/mirs_msgs/mirs_msgs_s__rosidl_typesupport_fastrtps_c.cpython-310-x86_64-linux-gnu.so
-- Up-to-date: /home/oumuika/Documents/mirs_msgs/install/mirs_msgs/local/lib/python3.10/dist-packages/mirs_msgs/mirs_msgs_s__rosidl_typesupport_introspection_c.cpython-310-x86_64-linux-gnu.so
Listing '/home/oumuika/Documents/mirs_msgs/install/mirs_msgs/local/lib/python3.10/dist-packages/mirs_msgs'...
Compiling '/home/oumuika/Documents/mirs_msgs/install/mirs_msgs/local/lib/python3.10/dist-packages/mirs_msgs/__init__.py'...
Listing '/home/oumuika/Documents/mirs_msgs/install/mirs_msgs/local/lib/python3.10/dist-packages/mirs_msgs/msg'...
Listing '/home/oumuika/Documents/mirs_msgs/install/mirs_msgs/local/lib/python3.10/dist-packages/mirs_msgs/srv'...
-- Up-to-date: /home/oumuika/Documents/mirs_msgs/install/mirs_msgs/local/lib/python3.10/dist-packages/mirs_msgs/mirs_msgs_s__rosidl_typesupport_fastrtps_c.cpython-310-x86_64-linux-gnu.so
-- Up-to-date: /home/oumuika/Documents/mirs_msgs/install/mirs_msgs/local/lib/python3.10/dist-packages/mirs_msgs/mirs_msgs_s__rosidl_typesupport_introspection_c.cpython-310-x86_64-linux-gnu.so
-- Up-to-date: /home/oumuika/Documents/mirs_msgs/install/mirs_msgs/local/lib/python3.10/dist-packages/mirs_msgs/mirs_msgs_s__rosidl_typesupport_c.cpython-310-x86_64-linux-gnu.so
-- Up-to-date: /home/oumuika/Documents/mirs_msgs/install/mirs_msgs/lib/libmirs_msgs__rosidl_generator_py.so
-- Up-to-date: /home/oumuika/Documents/mirs_msgs/install/mirs_msgs/share/mirs_msgs/srv/Params.idl
-- Up-to-date: /home/oumuika/Documents/mirs_msgs/install/mirs_msgs/share/mirs_msgs/srv/ParameterUpdate.idl
-- Up-to-date: /home/oumuika/Documents/mirs_msgs/install/mirs_msgs/share/mirs_msgs/srv/SimpleCommand.idl
-- Up-to-date: /home/oumuika/Documents/mirs_msgs/install/mirs_msgs/share/mirs_msgs/srv/BasicCommand.idl
-- Up-to-date: /home/oumuika/Documents/mirs_msgs/install/mirs_msgs/share/mirs_msgs/srv/NumberCommand.idl
-- Up-to-date: /home/oumuika/Documents/mirs_msgs/install/mirs_msgs/share/mirs_msgs/msg/BasicParam.idl
-- Up-to-date: /home/oumuika/Documents/mirs_msgs/install/mirs_msgs/share/mirs_msgs/srv/Params.srv
-- Up-to-date: /home/oumuika/Documents/mirs_msgs/install/mirs_msgs/share/mirs_msgs/srv/Params_Request.msg
-- Up-to-date: /home/oumuika/Documents/mirs_msgs/install/mirs_msgs/share/mirs_msgs/srv/Params_Response.msg
-- Up-to-date: /home/oumuika/Documents/mirs_msgs/install/mirs_msgs/share/mirs_msgs/srv/ParameterUpdate.srv
-- Up-to-date: /home/oumuika/Documents/mirs_msgs/install/mirs_msgs/share/mirs_msgs/srv/ParameterUpdate_Request.msg
-- Up-to-date: /home/oumuika/Documents/mirs_msgs/install/mirs_msgs/share/mirs_msgs/srv/ParameterUpdate_Response.msg
-- Up-to-date: /home/oumuika/Documents/mirs_msgs/install/mirs_msgs/share/mirs_msgs/srv/SimpleCommand.srv
-- Up-to-date: /home/oumuika/Documents/mirs_msgs/install/mirs_msgs/share/mirs_msgs/srv/SimpleCommand_Request.msg
-- Up-to-date: /home/oumuika/Documents/mirs_msgs/install/mirs_msgs/share/mirs_msgs/srv/SimpleCommand_Response.msg
-- Up-to-date: /home/oumuika/Documents/mirs_msgs/install/mirs_msgs/share/mirs_msgs/srv/BasicCommand.srv
-- Up-to-date: /home/oumuika/Documents/mirs_msgs/install/mirs_msgs/share/mirs_msgs/srv/BasicCommand_Request.msg
-- Up-to-date: /home/oumuika/Documents/mirs_msgs/install/mirs_msgs/share/mirs_msgs/srv/BasicCommand_Response.msg
-- Up-to-date: /home/oumuika/Documents/mirs_msgs/install/mirs_msgs/share/mirs_msgs/srv/NumberCommand.srv
-- Up-to-date: /home/oumuika/Documents/mirs_msgs/install/mirs_msgs/share/mirs_msgs/srv/NumberCommand_Request.msg
-- Up-to-date: /home/oumuika/Documents/mirs_msgs/install/mirs_msgs/share/mirs_msgs/srv/NumberCommand_Response.msg
-- Up-to-date: /home/oumuika/Documents/mirs_msgs/install/mirs_msgs/share/mirs_msgs/msg/BasicParam.msg
-- Installing: /home/oumuika/Documents/mirs_msgs/install/mirs_msgs/share/ament_index/resource_index/package_run_dependencies/mirs_msgs
-- Up-to-date: /home/oumuika/Documents/mirs_msgs/install/mirs_msgs/share/ament_index/resource_index/parent_prefix_path/mirs_msgs
-- Up-to-date: /home/oumuika/Documents/mirs_msgs/install/mirs_msgs/share/mirs_msgs/environment/ament_prefix_path.sh
-- Installing: /home/oumuika/Documents/mirs_msgs/install/mirs_msgs/share/mirs_msgs/environment/ament_prefix_path.dsv
-- Up-to-date: /home/oumuika/Documents/mirs_msgs/install/mirs_msgs/share/mirs_msgs/environment/path.sh
-- Installing: /home/oumuika/Documents/mirs_msgs/install/mirs_msgs/share/mirs_msgs/environment/path.dsv
-- Up-to-date: /home/oumuika/Documents/mirs_msgs/install/mirs_msgs/share/mirs_msgs/local_setup.bash
-- Up-to-date: /home/oumuika/Documents/mirs_msgs/install/mirs_msgs/share/mirs_msgs/local_setup.sh
-- Up-to-date: /home/oumuika/Documents/mirs_msgs/install/mirs_msgs/share/mirs_msgs/local_setup.zsh
-- Installing: /home/oumuika/Documents/mirs_msgs/install/mirs_msgs/share/mirs_msgs/local_setup.dsv
-- Installing: /home/oumuika/Documents/mirs_msgs/install/mirs_msgs/share/mirs_msgs/package.dsv
-- Up-to-date: /home/oumuika/Documents/mirs_msgs/install/mirs_msgs/share/ament_index/resource_index/packages/mirs_msgs
-- Up-to-date: /home/oumuika/Documents/mirs_msgs/install/mirs_msgs/share/mirs_msgs/cmake/export_mirs_msgs__rosidl_generator_cExport.cmake
-- Up-to-date: /home/oumuika/Documents/mirs_msgs/install/mirs_msgs/share/mirs_msgs/cmake/export_mirs_msgs__rosidl_generator_cExport-noconfig.cmake
-- Up-to-date: /home/oumuika/Documents/mirs_msgs/install/mirs_msgs/share/mirs_msgs/cmake/export_mirs_msgs__rosidl_typesupport_fastrtps_cExport.cmake
-- Up-to-date: /home/oumuika/Documents/mirs_msgs/install/mirs_msgs/share/mirs_msgs/cmake/export_mirs_msgs__rosidl_typesupport_fastrtps_cExport-noconfig.cmake
-- Up-to-date: /home/oumuika/Documents/mirs_msgs/install/mirs_msgs/share/mirs_msgs/cmake/mirs_msgs__rosidl_typesupport_introspection_cExport.cmake
-- Up-to-date: /home/oumuika/Documents/mirs_msgs/install/mirs_msgs/share/mirs_msgs/cmake/mirs_msgs__rosidl_typesupport_introspection_cExport-noconfig.cmake
-- Up-to-date: /home/oumuika/Documents/mirs_msgs/install/mirs_msgs/share/mirs_msgs/cmake/mirs_msgs__rosidl_typesupport_cExport.cmake
-- Up-to-date: /home/oumuika/Documents/mirs_msgs/install/mirs_msgs/share/mirs_msgs/cmake/mirs_msgs__rosidl_typesupport_cExport-noconfig.cmake
-- Up-to-date: /home/oumuika/Documents/mirs_msgs/install/mirs_msgs/share/mirs_msgs/cmake/export_mirs_msgs__rosidl_generator_cppExport.cmake
-- Up-to-date: /home/oumuika/Documents/mirs_msgs/install/mirs_msgs/share/mirs_msgs/cmake/export_mirs_msgs__rosidl_typesupport_fastrtps_cppExport.cmake
-- Up-to-date: /home/oumuika/Documents/mirs_msgs/install/mirs_msgs/share/mirs_msgs/cmake/export_mirs_msgs__rosidl_typesupport_fastrtps_cppExport-noconfig.cmake
-- Up-to-date: /home/oumuika/Documents/mirs_msgs/install/mirs_msgs/share/mirs_msgs/cmake/mirs_msgs__rosidl_typesupport_introspection_cppExport.cmake
-- Up-to-date: /home/oumuika/Documents/mirs_msgs/install/mirs_msgs/share/mirs_msgs/cmake/mirs_msgs__rosidl_typesupport_introspection_cppExport-noconfig.cmake
-- Up-to-date: /home/oumuika/Documents/mirs_msgs/install/mirs_msgs/share/mirs_msgs/cmake/mirs_msgs__rosidl_typesupport_cppExport.cmake
-- Up-to-date: /home/oumuika/Documents/mirs_msgs/install/mirs_msgs/share/mirs_msgs/cmake/mirs_msgs__rosidl_typesupport_cppExport-noconfig.cmake
-- Up-to-date: /home/oumuika/Documents/mirs_msgs/install/mirs_msgs/share/mirs_msgs/cmake/export_mirs_msgs__rosidl_generator_pyExport.cmake
-- Up-to-date: /home/oumuika/Documents/mirs_msgs/install/mirs_msgs/share/mirs_msgs/cmake/export_mirs_msgs__rosidl_generator_pyExport-noconfig.cmake
-- Up-to-date: /home/oumuika/Documents/mirs_msgs/install/mirs_msgs/share/mirs_msgs/cmake/rosidl_cmake-extras.cmake
-- Up-to-date: /home/oumuika/Documents/mirs_msgs/install/mirs_msgs/share/mirs_msgs/cmake/ament_cmake_export_include_directories-extras.cmake
-- Up-to-date: /home/oumuika/Documents/mirs_msgs/install/mirs_msgs/share/mirs_msgs/cmake/ament_cmake_export_libraries-extras.cmake
-- Up-to-date: /home/oumuika/Documents/mirs_msgs/install/mirs_msgs/share/mirs_msgs/cmake/ament_cmake_export_targets-extras.cmake
-- Up-to-date: /home/oumuika/Documents/mirs_msgs/install/mirs_msgs/share/mirs_msgs/cmake/rosidl_cmake_export_typesupport_targets-extras.cmake
-- Up-to-date: /home/oumuika/Documents/mirs_msgs/install/mirs_msgs/share/mirs_msgs/cmake/ament_cmake_export_dependencies-extras.cmake
-- Up-to-date: /home/oumuika/Documents/mirs_msgs/install/mirs_msgs/share/mirs_msgs/cmake/rosidl_cmake_export_typesupport_libraries-extras.cmake
-- Up-to-date: /home/oumuika/Documents/mirs_msgs/install/mirs_msgs/share/mirs_msgs/cmake/mirs_msgsConfig.cmake
-- Up-to-date: /home/oumuika/Documents/mirs_msgs/install/mirs_msgs/share/mirs_msgs/cmake/mirs_msgsConfig-version.cmake
-- Installing: /home/oumuika/Documents/mirs_msgs/install/mirs_msgs/share/mirs_msgs/package.xml
