[0.009s] Invoking command in '/home/oumuika/Documents/mirs_msgs/build/mirs_msgs': CMAKE_PREFIX_PATH=/opt/ros/humble /usr/bin/cmake --build /home/oumuika/Documents/mirs_msgs/build/mirs_msgs -- -j16 -l16
[0.033s] -- Found ament_cmake: 1.3.10 (/opt/ros/humble/share/ament_cmake/cmake)
[0.130s] -- Found rosidl_default_generators: 1.2.0 (/opt/ros/humble/share/rosidl_default_generators/cmake)
[0.132s] -- Using all available rosidl_typesupport_c: rosidl_typesupport_fastrtps_c;rosidl_typesupport_introspection_c
[0.136s] -- Found rosidl_adapter: 3.1.5 (/opt/ros/humble/share/rosidl_adapter/cmake)
[0.173s] -- Using all available rosidl_typesupport_cpp: rosidl_typesupport_fastrtps_cpp;rosidl_typesupport_introspection_cpp
[0.417s] -- Found ament_cmake_ros: 0.10.0 (/opt/ros/humble/share/ament_cmake_ros/cmake)
[0.576s] -- Using all available rosidl_typesupport_c: rosidl_typesupport_fastrtps_c;rosidl_typesupport_introspection_c
[0.783s] -- Using all available rosidl_typesupport_cpp: rosidl_typesupport_fastrtps_cpp;rosidl_typesupport_introspection_cpp
[0.803s] -- Found python_cmake_module: 0.10.0 (/opt/ros/humble/share/python_cmake_module/cmake)
[0.825s] -- Using PYTHON_EXECUTABLE: /usr/bin/python3
[0.825s] -- Using PYTHON_INCLUDE_DIRS: /usr/include/python3.10
[0.825s] -- Using PYTHON_LIBRARIES: /usr/lib/x86_64-linux-gnu/libpython3.10.so
[0.844s] -- Configuring done
[0.894s] -- Generating done
[0.898s] -- Build files have been written to: /home/oumuika/Documents/mirs_msgs/build/mirs_msgs
[0.923s] [35m[1mConsolidate compiler generated dependencies of target mirs_msgs__rosidl_generator_c[0m
[0.930s] [  1%] Built target mirs_msgs__cpp
[0.935s] [ 12%] Built target mirs_msgs__rosidl_generator_c
[0.942s] [35m[1mConsolidate compiler generated dependencies of target mirs_msgs__rosidl_typesupport_cpp[0m
[0.942s] [35m[1mConsolidate compiler generated dependencies of target mirs_msgs__rosidl_typesupport_introspection_cpp[0m
[0.943s] [35m[1mConsolidate compiler generated dependencies of target mirs_msgs__rosidl_typesupport_fastrtps_cpp[0m
[0.946s] [ 12%] Built target ament_cmake_python_copy_mirs_msgs
[0.947s] [35m[1mConsolidate compiler generated dependencies of target mirs_msgs__rosidl_typesupport_introspection_c[0m
[0.947s] [35m[1mConsolidate compiler generated dependencies of target mirs_msgs__rosidl_typesupport_fastrtps_c[0m
[0.947s] [35m[1mConsolidate compiler generated dependencies of target mirs_msgs__rosidl_typesupport_c[0m
[0.958s] [ 23%] Built target mirs_msgs__rosidl_typesupport_cpp
[0.958s] [ 35%] Built target mirs_msgs__rosidl_typesupport_c
[0.959s] [ 56%] Built target mirs_msgs__rosidl_typesupport_introspection_cpp
[0.959s] [ 57%] Built target mirs_msgs__rosidl_typesupport_introspection_c
[0.961s] [ 69%] Built target mirs_msgs__rosidl_typesupport_fastrtps_cpp
[0.964s] [ 80%] Built target mirs_msgs__rosidl_typesupport_fastrtps_c
[0.982s] [ 80%] Built target mirs_msgs
[1.001s] [ 81%] Built target mirs_msgs__py
[1.012s] [35m[1mConsolidate compiler generated dependencies of target mirs_msgs__rosidl_generator_py[0m
[1.028s] [ 91%] Built target mirs_msgs__rosidl_generator_py
[1.037s] [35m[1mConsolidate compiler generated dependencies of target mirs_msgs__rosidl_typesupport_fastrtps_c__pyext[0m
[1.038s] [35m[1mConsolidate compiler generated dependencies of target mirs_msgs__rosidl_typesupport_introspection_c__pyext[0m
[1.039s] [35m[1mConsolidate compiler generated dependencies of target mirs_msgs__rosidl_typesupport_c__pyext[0m
[1.050s] [ 97%] Built target mirs_msgs__rosidl_typesupport_introspection_c__pyext
[1.050s] [ 97%] Built target mirs_msgs__rosidl_typesupport_fastrtps_c__pyext
[1.051s] [100%] Built target mirs_msgs__rosidl_typesupport_c__pyext
[1.153s] running egg_info
[1.154s] writing mirs_msgs.egg-info/PKG-INFO
[1.154s] writing dependency_links to mirs_msgs.egg-info/dependency_links.txt
[1.154s] writing top-level names to mirs_msgs.egg-info/top_level.txt
[1.156s] reading manifest file 'mirs_msgs.egg-info/SOURCES.txt'
[1.156s] writing manifest file 'mirs_msgs.egg-info/SOURCES.txt'
[1.176s] [100%] Built target ament_cmake_python_build_mirs_msgs_egg
[1.187s] Invoked command in '/home/oumuika/Documents/mirs_msgs/build/mirs_msgs' returned '0': CMAKE_PREFIX_PATH=/opt/ros/humble /usr/bin/cmake --build /home/oumuika/Documents/mirs_msgs/build/mirs_msgs -- -j16 -l16
[1.330s] Invoking command in '/home/oumuika/Documents/mirs_msgs/build/mirs_msgs': CMAKE_PREFIX_PATH=/opt/ros/humble /usr/bin/cmake --install /home/oumuika/Documents/mirs_msgs/build/mirs_msgs
[1.337s] -- Install configuration: ""
[1.337s] -- Up-to-date: /home/oumuika/Documents/mirs_msgs/install/mirs_msgs/share/ament_index/resource_index/rosidl_interfaces/mirs_msgs
[1.337s] -- Up-to-date: /home/oumuika/Documents/mirs_msgs/install/mirs_msgs/include/mirs_msgs/mirs_msgs
[1.338s] -- Up-to-date: /home/oumuika/Documents/mirs_msgs/install/mirs_msgs/include/mirs_msgs/mirs_msgs/msg
[1.338s] -- Up-to-date: /home/oumuika/Documents/mirs_msgs/install/mirs_msgs/include/mirs_msgs/mirs_msgs/msg/detail
[1.338s] -- Up-to-date: /home/oumuika/Documents/mirs_msgs/install/mirs_msgs/include/mirs_msgs/mirs_msgs/msg/detail/basic_param__functions.c
[1.338s] -- Up-to-date: /home/oumuika/Documents/mirs_msgs/install/mirs_msgs/include/mirs_msgs/mirs_msgs/msg/detail/basic_param__type_support.h
[1.338s] -- Up-to-date: /home/oumuika/Documents/mirs_msgs/install/mirs_msgs/include/mirs_msgs/mirs_msgs/msg/detail/basic_param__struct.h
[1.338s] -- Up-to-date: /home/oumuika/Documents/mirs_msgs/install/mirs_msgs/include/mirs_msgs/mirs_msgs/msg/detail/basic_param__functions.h
[1.338s] -- Up-to-date: /home/oumuika/Documents/mirs_msgs/install/mirs_msgs/include/mirs_msgs/mirs_msgs/msg/rosidl_generator_c__visibility_control.h
[1.338s] -- Up-to-date: /home/oumuika/Documents/mirs_msgs/install/mirs_msgs/include/mirs_msgs/mirs_msgs/msg/basic_param.h
[1.338s] -- Up-to-date: /home/oumuika/Documents/mirs_msgs/install/mirs_msgs/include/mirs_msgs/mirs_msgs/srv
[1.338s] -- Up-to-date: /home/oumuika/Documents/mirs_msgs/install/mirs_msgs/include/mirs_msgs/mirs_msgs/srv/number_command.h
[1.339s] -- Up-to-date: /home/oumuika/Documents/mirs_msgs/install/mirs_msgs/include/mirs_msgs/mirs_msgs/srv/simple_command.h
[1.339s] -- Up-to-date: /home/oumuika/Documents/mirs_msgs/install/mirs_msgs/include/mirs_msgs/mirs_msgs/srv/detail
[1.339s] -- Up-to-date: /home/oumuika/Documents/mirs_msgs/install/mirs_msgs/include/mirs_msgs/mirs_msgs/srv/detail/parameter_update__functions.c
[1.339s] -- Up-to-date: /home/oumuika/Documents/mirs_msgs/install/mirs_msgs/include/mirs_msgs/mirs_msgs/srv/detail/number_command__functions.h
[1.339s] -- Up-to-date: /home/oumuika/Documents/mirs_msgs/install/mirs_msgs/include/mirs_msgs/mirs_msgs/srv/detail/simple_command__functions.h
[1.339s] -- Up-to-date: /home/oumuika/Documents/mirs_msgs/install/mirs_msgs/include/mirs_msgs/mirs_msgs/srv/detail/basic_command__struct.h
[1.339s] -- Up-to-date: /home/oumuika/Documents/mirs_msgs/install/mirs_msgs/include/mirs_msgs/mirs_msgs/srv/detail/simple_command__struct.h
[1.339s] -- Up-to-date: /home/oumuika/Documents/mirs_msgs/install/mirs_msgs/include/mirs_msgs/mirs_msgs/srv/detail/number_command__type_support.h
[1.339s] -- Up-to-date: /home/oumuika/Documents/mirs_msgs/install/mirs_msgs/include/mirs_msgs/mirs_msgs/srv/detail/number_command__struct.h
[1.339s] -- Up-to-date: /home/oumuika/Documents/mirs_msgs/install/mirs_msgs/include/mirs_msgs/mirs_msgs/srv/detail/params__functions.h
[1.339s] -- Up-to-date: /home/oumuika/Documents/mirs_msgs/install/mirs_msgs/include/mirs_msgs/mirs_msgs/srv/detail/simple_command__functions.c
[1.339s] -- Up-to-date: /home/oumuika/Documents/mirs_msgs/install/mirs_msgs/include/mirs_msgs/mirs_msgs/srv/detail/params__functions.c
[1.340s] -- Up-to-date: /home/oumuika/Documents/mirs_msgs/install/mirs_msgs/include/mirs_msgs/mirs_msgs/srv/detail/parameter_update__struct.h
[1.340s] -- Up-to-date: /home/oumuika/Documents/mirs_msgs/install/mirs_msgs/include/mirs_msgs/mirs_msgs/srv/detail/parameter_update__type_support.h
[1.340s] -- Up-to-date: /home/oumuika/Documents/mirs_msgs/install/mirs_msgs/include/mirs_msgs/mirs_msgs/srv/detail/basic_command__functions.h
[1.340s] -- Up-to-date: /home/oumuika/Documents/mirs_msgs/install/mirs_msgs/include/mirs_msgs/mirs_msgs/srv/detail/number_command__functions.c
[1.340s] -- Up-to-date: /home/oumuika/Documents/mirs_msgs/install/mirs_msgs/include/mirs_msgs/mirs_msgs/srv/detail/simple_command__type_support.h
[1.340s] -- Up-to-date: /home/oumuika/Documents/mirs_msgs/install/mirs_msgs/include/mirs_msgs/mirs_msgs/srv/detail/basic_command__type_support.h
[1.340s] -- Up-to-date: /home/oumuika/Documents/mirs_msgs/install/mirs_msgs/include/mirs_msgs/mirs_msgs/srv/detail/params__struct.h
[1.340s] -- Up-to-date: /home/oumuika/Documents/mirs_msgs/install/mirs_msgs/include/mirs_msgs/mirs_msgs/srv/detail/basic_command__functions.c
[1.340s] -- Up-to-date: /home/oumuika/Documents/mirs_msgs/install/mirs_msgs/include/mirs_msgs/mirs_msgs/srv/detail/params__type_support.h
[1.340s] -- Up-to-date: /home/oumuika/Documents/mirs_msgs/install/mirs_msgs/include/mirs_msgs/mirs_msgs/srv/detail/parameter_update__functions.h
[1.340s] -- Up-to-date: /home/oumuika/Documents/mirs_msgs/install/mirs_msgs/include/mirs_msgs/mirs_msgs/srv/params.h
[1.341s] -- Up-to-date: /home/oumuika/Documents/mirs_msgs/install/mirs_msgs/include/mirs_msgs/mirs_msgs/srv/parameter_update.h
[1.341s] -- Up-to-date: /home/oumuika/Documents/mirs_msgs/install/mirs_msgs/include/mirs_msgs/mirs_msgs/srv/basic_command.h
[1.341s] -- Up-to-date: /home/oumuika/Documents/mirs_msgs/install/mirs_msgs/share/mirs_msgs/environment/library_path.sh
[1.341s] -- Installing: /home/oumuika/Documents/mirs_msgs/install/mirs_msgs/share/mirs_msgs/environment/library_path.dsv
[1.341s] -- Up-to-date: /home/oumuika/Documents/mirs_msgs/install/mirs_msgs/lib/libmirs_msgs__rosidl_generator_c.so
[1.341s] -- Up-to-date: /home/oumuika/Documents/mirs_msgs/install/mirs_msgs/include/mirs_msgs/mirs_msgs
[1.341s] -- Up-to-date: /home/oumuika/Documents/mirs_msgs/install/mirs_msgs/include/mirs_msgs/mirs_msgs/msg
[1.341s] -- Up-to-date: /home/oumuika/Documents/mirs_msgs/install/mirs_msgs/include/mirs_msgs/mirs_msgs/msg/detail
[1.341s] -- Up-to-date: /home/oumuika/Documents/mirs_msgs/install/mirs_msgs/include/mirs_msgs/mirs_msgs/msg/detail/basic_param__rosidl_typesupport_fastrtps_c.h
[1.341s] -- Up-to-date: /home/oumuika/Documents/mirs_msgs/install/mirs_msgs/include/mirs_msgs/mirs_msgs/msg/rosidl_typesupport_fastrtps_c__visibility_control.h
[1.341s] -- Up-to-date: /home/oumuika/Documents/mirs_msgs/install/mirs_msgs/include/mirs_msgs/mirs_msgs/srv
[1.341s] -- Up-to-date: /home/oumuika/Documents/mirs_msgs/install/mirs_msgs/include/mirs_msgs/mirs_msgs/srv/detail
[1.342s] -- Up-to-date: /home/oumuika/Documents/mirs_msgs/install/mirs_msgs/include/mirs_msgs/mirs_msgs/srv/detail/params__rosidl_typesupport_fastrtps_c.h
[1.342s] -- Up-to-date: /home/oumuika/Documents/mirs_msgs/install/mirs_msgs/include/mirs_msgs/mirs_msgs/srv/detail/simple_command__rosidl_typesupport_fastrtps_c.h
[1.342s] -- Up-to-date: /home/oumuika/Documents/mirs_msgs/install/mirs_msgs/include/mirs_msgs/mirs_msgs/srv/detail/number_command__rosidl_typesupport_fastrtps_c.h
[1.342s] -- Up-to-date: /home/oumuika/Documents/mirs_msgs/install/mirs_msgs/include/mirs_msgs/mirs_msgs/srv/detail/parameter_update__rosidl_typesupport_fastrtps_c.h
[1.342s] -- Up-to-date: /home/oumuika/Documents/mirs_msgs/install/mirs_msgs/include/mirs_msgs/mirs_msgs/srv/detail/basic_command__rosidl_typesupport_fastrtps_c.h
[1.342s] -- Up-to-date: /home/oumuika/Documents/mirs_msgs/install/mirs_msgs/lib/libmirs_msgs__rosidl_typesupport_fastrtps_c.so
[1.342s] -- Up-to-date: /home/oumuika/Documents/mirs_msgs/install/mirs_msgs/include/mirs_msgs/mirs_msgs
[1.342s] -- Up-to-date: /home/oumuika/Documents/mirs_msgs/install/mirs_msgs/include/mirs_msgs/mirs_msgs/msg
[1.342s] -- Up-to-date: /home/oumuika/Documents/mirs_msgs/install/mirs_msgs/include/mirs_msgs/mirs_msgs/msg/detail
[1.342s] -- Up-to-date: /home/oumuika/Documents/mirs_msgs/install/mirs_msgs/include/mirs_msgs/mirs_msgs/msg/detail/basic_param__rosidl_typesupport_introspection_c.h
[1.342s] -- Up-to-date: /home/oumuika/Documents/mirs_msgs/install/mirs_msgs/include/mirs_msgs/mirs_msgs/msg/detail/basic_param__type_support.c
[1.342s] -- Up-to-date: /home/oumuika/Documents/mirs_msgs/install/mirs_msgs/include/mirs_msgs/mirs_msgs/msg/rosidl_typesupport_introspection_c__visibility_control.h
[1.343s] -- Up-to-date: /home/oumuika/Documents/mirs_msgs/install/mirs_msgs/include/mirs_msgs/mirs_msgs/srv
[1.343s] -- Up-to-date: /home/oumuika/Documents/mirs_msgs/install/mirs_msgs/include/mirs_msgs/mirs_msgs/srv/detail
[1.343s] -- Up-to-date: /home/oumuika/Documents/mirs_msgs/install/mirs_msgs/include/mirs_msgs/mirs_msgs/srv/detail/basic_command__type_support.c
[1.343s] -- Up-to-date: /home/oumuika/Documents/mirs_msgs/install/mirs_msgs/include/mirs_msgs/mirs_msgs/srv/detail/basic_command__rosidl_typesupport_introspection_c.h
[1.343s] -- Up-to-date: /home/oumuika/Documents/mirs_msgs/install/mirs_msgs/include/mirs_msgs/mirs_msgs/srv/detail/parameter_update__rosidl_typesupport_introspection_c.h
[1.343s] -- Up-to-date: /home/oumuika/Documents/mirs_msgs/install/mirs_msgs/include/mirs_msgs/mirs_msgs/srv/detail/parameter_update__type_support.c
[1.343s] -- Up-to-date: /home/oumuika/Documents/mirs_msgs/install/mirs_msgs/include/mirs_msgs/mirs_msgs/srv/detail/params__type_support.c
[1.343s] -- Up-to-date: /home/oumuika/Documents/mirs_msgs/install/mirs_msgs/include/mirs_msgs/mirs_msgs/srv/detail/number_command__type_support.c
[1.343s] -- Up-to-date: /home/oumuika/Documents/mirs_msgs/install/mirs_msgs/include/mirs_msgs/mirs_msgs/srv/detail/params__rosidl_typesupport_introspection_c.h
[1.343s] -- Up-to-date: /home/oumuika/Documents/mirs_msgs/install/mirs_msgs/include/mirs_msgs/mirs_msgs/srv/detail/simple_command__rosidl_typesupport_introspection_c.h
[1.344s] -- Up-to-date: /home/oumuika/Documents/mirs_msgs/install/mirs_msgs/include/mirs_msgs/mirs_msgs/srv/detail/simple_command__type_support.c
[1.344s] -- Up-to-date: /home/oumuika/Documents/mirs_msgs/install/mirs_msgs/include/mirs_msgs/mirs_msgs/srv/detail/number_command__rosidl_typesupport_introspection_c.h
[1.344s] -- Up-to-date: /home/oumuika/Documents/mirs_msgs/install/mirs_msgs/lib/libmirs_msgs__rosidl_typesupport_introspection_c.so
[1.344s] -- Up-to-date: /home/oumuika/Documents/mirs_msgs/install/mirs_msgs/lib/libmirs_msgs__rosidl_typesupport_c.so
[1.344s] -- Up-to-date: /home/oumuika/Documents/mirs_msgs/install/mirs_msgs/include/mirs_msgs/mirs_msgs
[1.344s] -- Up-to-date: /home/oumuika/Documents/mirs_msgs/install/mirs_msgs/include/mirs_msgs/mirs_msgs/msg
[1.344s] -- Up-to-date: /home/oumuika/Documents/mirs_msgs/install/mirs_msgs/include/mirs_msgs/mirs_msgs/msg/detail
[1.344s] -- Up-to-date: /home/oumuika/Documents/mirs_msgs/install/mirs_msgs/include/mirs_msgs/mirs_msgs/msg/detail/basic_param__traits.hpp
[1.344s] -- Up-to-date: /home/oumuika/Documents/mirs_msgs/install/mirs_msgs/include/mirs_msgs/mirs_msgs/msg/detail/basic_param__struct.hpp
[1.345s] -- Up-to-date: /home/oumuika/Documents/mirs_msgs/install/mirs_msgs/include/mirs_msgs/mirs_msgs/msg/detail/basic_param__builder.hpp
[1.345s] -- Up-to-date: /home/oumuika/Documents/mirs_msgs/install/mirs_msgs/include/mirs_msgs/mirs_msgs/msg/basic_param.hpp
[1.345s] -- Up-to-date: /home/oumuika/Documents/mirs_msgs/install/mirs_msgs/include/mirs_msgs/mirs_msgs/srv
[1.345s] -- Up-to-date: /home/oumuika/Documents/mirs_msgs/install/mirs_msgs/include/mirs_msgs/mirs_msgs/srv/simple_command.hpp
[1.345s] -- Up-to-date: /home/oumuika/Documents/mirs_msgs/install/mirs_msgs/include/mirs_msgs/mirs_msgs/srv/detail
[1.345s] -- Up-to-date: /home/oumuika/Documents/mirs_msgs/install/mirs_msgs/include/mirs_msgs/mirs_msgs/srv/detail/parameter_update__traits.hpp
[1.345s] -- Up-to-date: /home/oumuika/Documents/mirs_msgs/install/mirs_msgs/include/mirs_msgs/mirs_msgs/srv/detail/parameter_update__struct.hpp
[1.345s] -- Up-to-date: /home/oumuika/Documents/mirs_msgs/install/mirs_msgs/include/mirs_msgs/mirs_msgs/srv/detail/simple_command__builder.hpp
[1.345s] -- Up-to-date: /home/oumuika/Documents/mirs_msgs/install/mirs_msgs/include/mirs_msgs/mirs_msgs/srv/detail/number_command__builder.hpp
[1.345s] -- Up-to-date: /home/oumuika/Documents/mirs_msgs/install/mirs_msgs/include/mirs_msgs/mirs_msgs/srv/detail/parameter_update__builder.hpp
[1.345s] -- Up-to-date: /home/oumuika/Documents/mirs_msgs/install/mirs_msgs/include/mirs_msgs/mirs_msgs/srv/detail/number_command__traits.hpp
[1.345s] -- Up-to-date: /home/oumuika/Documents/mirs_msgs/install/mirs_msgs/include/mirs_msgs/mirs_msgs/srv/detail/basic_command__traits.hpp
[1.346s] -- Up-to-date: /home/oumuika/Documents/mirs_msgs/install/mirs_msgs/include/mirs_msgs/mirs_msgs/srv/detail/params__struct.hpp
[1.346s] -- Up-to-date: /home/oumuika/Documents/mirs_msgs/install/mirs_msgs/include/mirs_msgs/mirs_msgs/srv/detail/number_command__struct.hpp
[1.346s] -- Up-to-date: /home/oumuika/Documents/mirs_msgs/install/mirs_msgs/include/mirs_msgs/mirs_msgs/srv/detail/basic_command__builder.hpp
[1.346s] -- Up-to-date: /home/oumuika/Documents/mirs_msgs/install/mirs_msgs/include/mirs_msgs/mirs_msgs/srv/detail/params__traits.hpp
[1.346s] -- Up-to-date: /home/oumuika/Documents/mirs_msgs/install/mirs_msgs/include/mirs_msgs/mirs_msgs/srv/detail/params__builder.hpp
[1.346s] -- Up-to-date: /home/oumuika/Documents/mirs_msgs/install/mirs_msgs/include/mirs_msgs/mirs_msgs/srv/detail/simple_command__struct.hpp
[1.346s] -- Up-to-date: /home/oumuika/Documents/mirs_msgs/install/mirs_msgs/include/mirs_msgs/mirs_msgs/srv/detail/simple_command__traits.hpp
[1.346s] -- Up-to-date: /home/oumuika/Documents/mirs_msgs/install/mirs_msgs/include/mirs_msgs/mirs_msgs/srv/detail/basic_command__struct.hpp
[1.346s] -- Up-to-date: /home/oumuika/Documents/mirs_msgs/install/mirs_msgs/include/mirs_msgs/mirs_msgs/srv/basic_command.hpp
[1.346s] -- Up-to-date: /home/oumuika/Documents/mirs_msgs/install/mirs_msgs/include/mirs_msgs/mirs_msgs/srv/params.hpp
[1.346s] -- Up-to-date: /home/oumuika/Documents/mirs_msgs/install/mirs_msgs/include/mirs_msgs/mirs_msgs/srv/number_command.hpp
[1.347s] -- Up-to-date: /home/oumuika/Documents/mirs_msgs/install/mirs_msgs/include/mirs_msgs/mirs_msgs/srv/parameter_update.hpp
[1.347s] -- Up-to-date: /home/oumuika/Documents/mirs_msgs/install/mirs_msgs/include/mirs_msgs/mirs_msgs
[1.347s] -- Up-to-date: /home/oumuika/Documents/mirs_msgs/install/mirs_msgs/include/mirs_msgs/mirs_msgs/msg
[1.347s] -- Up-to-date: /home/oumuika/Documents/mirs_msgs/install/mirs_msgs/include/mirs_msgs/mirs_msgs/msg/detail
[1.347s] -- Up-to-date: /home/oumuika/Documents/mirs_msgs/install/mirs_msgs/include/mirs_msgs/mirs_msgs/msg/detail/basic_param__rosidl_typesupport_fastrtps_cpp.hpp
[1.347s] -- Up-to-date: /home/oumuika/Documents/mirs_msgs/install/mirs_msgs/include/mirs_msgs/mirs_msgs/msg/detail/dds_fastrtps
[1.347s] -- Up-to-date: /home/oumuika/Documents/mirs_msgs/install/mirs_msgs/include/mirs_msgs/mirs_msgs/msg/rosidl_typesupport_fastrtps_cpp__visibility_control.h
[1.347s] -- Up-to-date: /home/oumuika/Documents/mirs_msgs/install/mirs_msgs/include/mirs_msgs/mirs_msgs/srv
[1.347s] -- Up-to-date: /home/oumuika/Documents/mirs_msgs/install/mirs_msgs/include/mirs_msgs/mirs_msgs/srv/detail
[1.347s] -- Up-to-date: /home/oumuika/Documents/mirs_msgs/install/mirs_msgs/include/mirs_msgs/mirs_msgs/srv/detail/basic_command__rosidl_typesupport_fastrtps_cpp.hpp
[1.347s] -- Up-to-date: /home/oumuika/Documents/mirs_msgs/install/mirs_msgs/include/mirs_msgs/mirs_msgs/srv/detail/parameter_update__rosidl_typesupport_fastrtps_cpp.hpp
[1.348s] -- Up-to-date: /home/oumuika/Documents/mirs_msgs/install/mirs_msgs/include/mirs_msgs/mirs_msgs/srv/detail/number_command__rosidl_typesupport_fastrtps_cpp.hpp
[1.348s] -- Up-to-date: /home/oumuika/Documents/mirs_msgs/install/mirs_msgs/include/mirs_msgs/mirs_msgs/srv/detail/dds_fastrtps
[1.348s] -- Up-to-date: /home/oumuika/Documents/mirs_msgs/install/mirs_msgs/include/mirs_msgs/mirs_msgs/srv/detail/params__rosidl_typesupport_fastrtps_cpp.hpp
[1.348s] -- Up-to-date: /home/oumuika/Documents/mirs_msgs/install/mirs_msgs/include/mirs_msgs/mirs_msgs/srv/detail/simple_command__rosidl_typesupport_fastrtps_cpp.hpp
[1.348s] -- Up-to-date: /home/oumuika/Documents/mirs_msgs/install/mirs_msgs/lib/libmirs_msgs__rosidl_typesupport_fastrtps_cpp.so
[1.348s] -- Up-to-date: /home/oumuika/Documents/mirs_msgs/install/mirs_msgs/include/mirs_msgs/mirs_msgs
[1.348s] -- Up-to-date: /home/oumuika/Documents/mirs_msgs/install/mirs_msgs/include/mirs_msgs/mirs_msgs/msg
[1.348s] -- Up-to-date: /home/oumuika/Documents/mirs_msgs/install/mirs_msgs/include/mirs_msgs/mirs_msgs/msg/detail
[1.348s] -- Up-to-date: /home/oumuika/Documents/mirs_msgs/install/mirs_msgs/include/mirs_msgs/mirs_msgs/msg/detail/basic_param__rosidl_typesupport_introspection_cpp.hpp
[1.348s] -- Up-to-date: /home/oumuika/Documents/mirs_msgs/install/mirs_msgs/include/mirs_msgs/mirs_msgs/msg/detail/basic_param__type_support.cpp
[1.348s] -- Up-to-date: /home/oumuika/Documents/mirs_msgs/install/mirs_msgs/include/mirs_msgs/mirs_msgs/srv
[1.349s] -- Up-to-date: /home/oumuika/Documents/mirs_msgs/install/mirs_msgs/include/mirs_msgs/mirs_msgs/srv/detail
[1.349s] -- Up-to-date: /home/oumuika/Documents/mirs_msgs/install/mirs_msgs/include/mirs_msgs/mirs_msgs/srv/detail/basic_command__type_support.cpp
[1.349s] -- Up-to-date: /home/oumuika/Documents/mirs_msgs/install/mirs_msgs/include/mirs_msgs/mirs_msgs/srv/detail/number_command__rosidl_typesupport_introspection_cpp.hpp
[1.349s] -- Up-to-date: /home/oumuika/Documents/mirs_msgs/install/mirs_msgs/include/mirs_msgs/mirs_msgs/srv/detail/simple_command__rosidl_typesupport_introspection_cpp.hpp
[1.349s] -- Up-to-date: /home/oumuika/Documents/mirs_msgs/install/mirs_msgs/include/mirs_msgs/mirs_msgs/srv/detail/parameter_update__type_support.cpp
[1.349s] -- Up-to-date: /home/oumuika/Documents/mirs_msgs/install/mirs_msgs/include/mirs_msgs/mirs_msgs/srv/detail/params__rosidl_typesupport_introspection_cpp.hpp
[1.349s] -- Up-to-date: /home/oumuika/Documents/mirs_msgs/install/mirs_msgs/include/mirs_msgs/mirs_msgs/srv/detail/number_command__type_support.cpp
[1.349s] -- Up-to-date: /home/oumuika/Documents/mirs_msgs/install/mirs_msgs/include/mirs_msgs/mirs_msgs/srv/detail/params__type_support.cpp
[1.349s] -- Up-to-date: /home/oumuika/Documents/mirs_msgs/install/mirs_msgs/include/mirs_msgs/mirs_msgs/srv/detail/parameter_update__rosidl_typesupport_introspection_cpp.hpp
[1.349s] -- Up-to-date: /home/oumuika/Documents/mirs_msgs/install/mirs_msgs/include/mirs_msgs/mirs_msgs/srv/detail/simple_command__type_support.cpp
[1.349s] -- Up-to-date: /home/oumuika/Documents/mirs_msgs/install/mirs_msgs/include/mirs_msgs/mirs_msgs/srv/detail/basic_command__rosidl_typesupport_introspection_cpp.hpp
[1.350s] -- Up-to-date: /home/oumuika/Documents/mirs_msgs/install/mirs_msgs/lib/libmirs_msgs__rosidl_typesupport_introspection_cpp.so
[1.350s] -- Up-to-date: /home/oumuika/Documents/mirs_msgs/install/mirs_msgs/lib/libmirs_msgs__rosidl_typesupport_cpp.so
[1.350s] -- Up-to-date: /home/oumuika/Documents/mirs_msgs/install/mirs_msgs/share/mirs_msgs/environment/pythonpath.sh
[1.350s] -- Installing: /home/oumuika/Documents/mirs_msgs/install/mirs_msgs/share/mirs_msgs/environment/pythonpath.dsv
[1.350s] -- Up-to-date: /home/oumuika/Documents/mirs_msgs/install/mirs_msgs/local/lib/python3.10/dist-packages/mirs_msgs-0.0.1-py3.10.egg-info
[1.350s] -- Installing: /home/oumuika/Documents/mirs_msgs/install/mirs_msgs/local/lib/python3.10/dist-packages/mirs_msgs-0.0.1-py3.10.egg-info/SOURCES.txt
[1.350s] -- Installing: /home/oumuika/Documents/mirs_msgs/install/mirs_msgs/local/lib/python3.10/dist-packages/mirs_msgs-0.0.1-py3.10.egg-info/top_level.txt
[1.350s] -- Installing: /home/oumuika/Documents/mirs_msgs/install/mirs_msgs/local/lib/python3.10/dist-packages/mirs_msgs-0.0.1-py3.10.egg-info/PKG-INFO
[1.350s] -- Installing: /home/oumuika/Documents/mirs_msgs/install/mirs_msgs/local/lib/python3.10/dist-packages/mirs_msgs-0.0.1-py3.10.egg-info/dependency_links.txt
[1.350s] -- Up-to-date: /home/oumuika/Documents/mirs_msgs/install/mirs_msgs/local/lib/python3.10/dist-packages/mirs_msgs
[1.350s] -- Installing: /home/oumuika/Documents/mirs_msgs/install/mirs_msgs/local/lib/python3.10/dist-packages/mirs_msgs/__init__.py
[1.350s] -- Up-to-date: /home/oumuika/Documents/mirs_msgs/install/mirs_msgs/local/lib/python3.10/dist-packages/mirs_msgs/libmirs_msgs__rosidl_generator_py.so
[1.350s] -- Up-to-date: /home/oumuika/Documents/mirs_msgs/install/mirs_msgs/local/lib/python3.10/dist-packages/mirs_msgs/mirs_msgs_s__rosidl_typesupport_c.cpython-310-x86_64-linux-gnu.so
[1.351s] -- Up-to-date: /home/oumuika/Documents/mirs_msgs/install/mirs_msgs/local/lib/python3.10/dist-packages/mirs_msgs/msg
[1.351s] -- Up-to-date: /home/oumuika/Documents/mirs_msgs/install/mirs_msgs/local/lib/python3.10/dist-packages/mirs_msgs/msg/__init__.py
[1.351s] -- Up-to-date: /home/oumuika/Documents/mirs_msgs/install/mirs_msgs/local/lib/python3.10/dist-packages/mirs_msgs/msg/_basic_param_s.c
[1.351s] -- Up-to-date: /home/oumuika/Documents/mirs_msgs/install/mirs_msgs/local/lib/python3.10/dist-packages/mirs_msgs/msg/_basic_param.py
[1.351s] -- Up-to-date: /home/oumuika/Documents/mirs_msgs/install/mirs_msgs/local/lib/python3.10/dist-packages/mirs_msgs/srv
[1.351s] -- Up-to-date: /home/oumuika/Documents/mirs_msgs/install/mirs_msgs/local/lib/python3.10/dist-packages/mirs_msgs/srv/__init__.py
[1.351s] -- Up-to-date: /home/oumuika/Documents/mirs_msgs/install/mirs_msgs/local/lib/python3.10/dist-packages/mirs_msgs/srv/_simple_command.py
[1.351s] -- Up-to-date: /home/oumuika/Documents/mirs_msgs/install/mirs_msgs/local/lib/python3.10/dist-packages/mirs_msgs/srv/_basic_command_s.c
[1.351s] -- Up-to-date: /home/oumuika/Documents/mirs_msgs/install/mirs_msgs/local/lib/python3.10/dist-packages/mirs_msgs/srv/_parameter_update.py
[1.351s] -- Up-to-date: /home/oumuika/Documents/mirs_msgs/install/mirs_msgs/local/lib/python3.10/dist-packages/mirs_msgs/srv/_params.py
[1.351s] -- Up-to-date: /home/oumuika/Documents/mirs_msgs/install/mirs_msgs/local/lib/python3.10/dist-packages/mirs_msgs/srv/_number_command.py
[1.351s] -- Up-to-date: /home/oumuika/Documents/mirs_msgs/install/mirs_msgs/local/lib/python3.10/dist-packages/mirs_msgs/srv/_params_s.c
[1.351s] -- Up-to-date: /home/oumuika/Documents/mirs_msgs/install/mirs_msgs/local/lib/python3.10/dist-packages/mirs_msgs/srv/_basic_command.py
[1.352s] -- Up-to-date: /home/oumuika/Documents/mirs_msgs/install/mirs_msgs/local/lib/python3.10/dist-packages/mirs_msgs/srv/_parameter_update_s.c
[1.352s] -- Up-to-date: /home/oumuika/Documents/mirs_msgs/install/mirs_msgs/local/lib/python3.10/dist-packages/mirs_msgs/srv/_simple_command_s.c
[1.352s] -- Up-to-date: /home/oumuika/Documents/mirs_msgs/install/mirs_msgs/local/lib/python3.10/dist-packages/mirs_msgs/srv/_number_command_s.c
[1.352s] -- Up-to-date: /home/oumuika/Documents/mirs_msgs/install/mirs_msgs/local/lib/python3.10/dist-packages/mirs_msgs/_mirs_msgs_s.ep.rosidl_typesupport_introspection_c.c
[1.352s] -- Up-to-date: /home/oumuika/Documents/mirs_msgs/install/mirs_msgs/local/lib/python3.10/dist-packages/mirs_msgs/_mirs_msgs_s.ep.rosidl_typesupport_c.c
[1.352s] -- Up-to-date: /home/oumuika/Documents/mirs_msgs/install/mirs_msgs/local/lib/python3.10/dist-packages/mirs_msgs/_mirs_msgs_s.ep.rosidl_typesupport_fastrtps_c.c
[1.352s] -- Up-to-date: /home/oumuika/Documents/mirs_msgs/install/mirs_msgs/local/lib/python3.10/dist-packages/mirs_msgs/mirs_msgs_s__rosidl_typesupport_fastrtps_c.cpython-310-x86_64-linux-gnu.so
[1.352s] -- Up-to-date: /home/oumuika/Documents/mirs_msgs/install/mirs_msgs/local/lib/python3.10/dist-packages/mirs_msgs/mirs_msgs_s__rosidl_typesupport_introspection_c.cpython-310-x86_64-linux-gnu.so
[1.375s] Listing '/home/oumuika/Documents/mirs_msgs/install/mirs_msgs/local/lib/python3.10/dist-packages/mirs_msgs'...
[1.375s] Compiling '/home/oumuika/Documents/mirs_msgs/install/mirs_msgs/local/lib/python3.10/dist-packages/mirs_msgs/__init__.py'...
[1.375s] Listing '/home/oumuika/Documents/mirs_msgs/install/mirs_msgs/local/lib/python3.10/dist-packages/mirs_msgs/msg'...
[1.375s] Listing '/home/oumuika/Documents/mirs_msgs/install/mirs_msgs/local/lib/python3.10/dist-packages/mirs_msgs/srv'...
[1.379s] -- Up-to-date: /home/oumuika/Documents/mirs_msgs/install/mirs_msgs/local/lib/python3.10/dist-packages/mirs_msgs/mirs_msgs_s__rosidl_typesupport_fastrtps_c.cpython-310-x86_64-linux-gnu.so
[1.380s] -- Up-to-date: /home/oumuika/Documents/mirs_msgs/install/mirs_msgs/local/lib/python3.10/dist-packages/mirs_msgs/mirs_msgs_s__rosidl_typesupport_introspection_c.cpython-310-x86_64-linux-gnu.so
[1.380s] -- Up-to-date: /home/oumuika/Documents/mirs_msgs/install/mirs_msgs/local/lib/python3.10/dist-packages/mirs_msgs/mirs_msgs_s__rosidl_typesupport_c.cpython-310-x86_64-linux-gnu.so
[1.381s] -- Up-to-date: /home/oumuika/Documents/mirs_msgs/install/mirs_msgs/lib/libmirs_msgs__rosidl_generator_py.so
[1.381s] -- Up-to-date: /home/oumuika/Documents/mirs_msgs/install/mirs_msgs/share/mirs_msgs/srv/Params.idl
[1.381s] -- Up-to-date: /home/oumuika/Documents/mirs_msgs/install/mirs_msgs/share/mirs_msgs/srv/ParameterUpdate.idl
[1.382s] -- Up-to-date: /home/oumuika/Documents/mirs_msgs/install/mirs_msgs/share/mirs_msgs/srv/SimpleCommand.idl
[1.382s] -- Up-to-date: /home/oumuika/Documents/mirs_msgs/install/mirs_msgs/share/mirs_msgs/srv/BasicCommand.idl
[1.382s] -- Up-to-date: /home/oumuika/Documents/mirs_msgs/install/mirs_msgs/share/mirs_msgs/srv/NumberCommand.idl
[1.382s] -- Up-to-date: /home/oumuika/Documents/mirs_msgs/install/mirs_msgs/share/mirs_msgs/msg/BasicParam.idl
[1.382s] -- Up-to-date: /home/oumuika/Documents/mirs_msgs/install/mirs_msgs/share/mirs_msgs/srv/Params.srv
[1.382s] -- Up-to-date: /home/oumuika/Documents/mirs_msgs/install/mirs_msgs/share/mirs_msgs/srv/Params_Request.msg
[1.382s] -- Up-to-date: /home/oumuika/Documents/mirs_msgs/install/mirs_msgs/share/mirs_msgs/srv/Params_Response.msg
[1.382s] -- Up-to-date: /home/oumuika/Documents/mirs_msgs/install/mirs_msgs/share/mirs_msgs/srv/ParameterUpdate.srv
[1.382s] -- Up-to-date: /home/oumuika/Documents/mirs_msgs/install/mirs_msgs/share/mirs_msgs/srv/ParameterUpdate_Request.msg
[1.382s] -- Up-to-date: /home/oumuika/Documents/mirs_msgs/install/mirs_msgs/share/mirs_msgs/srv/ParameterUpdate_Response.msg
[1.382s] -- Up-to-date: /home/oumuika/Documents/mirs_msgs/install/mirs_msgs/share/mirs_msgs/srv/SimpleCommand.srv
[1.382s] -- Up-to-date: /home/oumuika/Documents/mirs_msgs/install/mirs_msgs/share/mirs_msgs/srv/SimpleCommand_Request.msg
[1.383s] -- Up-to-date: /home/oumuika/Documents/mirs_msgs/install/mirs_msgs/share/mirs_msgs/srv/SimpleCommand_Response.msg
[1.383s] -- Up-to-date: /home/oumuika/Documents/mirs_msgs/install/mirs_msgs/share/mirs_msgs/srv/BasicCommand.srv
[1.383s] -- Up-to-date: /home/oumuika/Documents/mirs_msgs/install/mirs_msgs/share/mirs_msgs/srv/BasicCommand_Request.msg
[1.383s] -- Up-to-date: /home/oumuika/Documents/mirs_msgs/install/mirs_msgs/share/mirs_msgs/srv/BasicCommand_Response.msg
[1.383s] -- Up-to-date: /home/oumuika/Documents/mirs_msgs/install/mirs_msgs/share/mirs_msgs/srv/NumberCommand.srv
[1.383s] -- Up-to-date: /home/oumuika/Documents/mirs_msgs/install/mirs_msgs/share/mirs_msgs/srv/NumberCommand_Request.msg
[1.383s] -- Up-to-date: /home/oumuika/Documents/mirs_msgs/install/mirs_msgs/share/mirs_msgs/srv/NumberCommand_Response.msg
[1.383s] -- Up-to-date: /home/oumuika/Documents/mirs_msgs/install/mirs_msgs/share/mirs_msgs/msg/BasicParam.msg
[1.383s] -- Installing: /home/oumuika/Documents/mirs_msgs/install/mirs_msgs/share/ament_index/resource_index/package_run_dependencies/mirs_msgs
[1.383s] -- Up-to-date: /home/oumuika/Documents/mirs_msgs/install/mirs_msgs/share/ament_index/resource_index/parent_prefix_path/mirs_msgs
[1.383s] -- Up-to-date: /home/oumuika/Documents/mirs_msgs/install/mirs_msgs/share/mirs_msgs/environment/ament_prefix_path.sh
[1.383s] -- Installing: /home/oumuika/Documents/mirs_msgs/install/mirs_msgs/share/mirs_msgs/environment/ament_prefix_path.dsv
[1.384s] -- Up-to-date: /home/oumuika/Documents/mirs_msgs/install/mirs_msgs/share/mirs_msgs/environment/path.sh
[1.384s] -- Installing: /home/oumuika/Documents/mirs_msgs/install/mirs_msgs/share/mirs_msgs/environment/path.dsv
[1.384s] -- Up-to-date: /home/oumuika/Documents/mirs_msgs/install/mirs_msgs/share/mirs_msgs/local_setup.bash
[1.384s] -- Up-to-date: /home/oumuika/Documents/mirs_msgs/install/mirs_msgs/share/mirs_msgs/local_setup.sh
[1.384s] -- Up-to-date: /home/oumuika/Documents/mirs_msgs/install/mirs_msgs/share/mirs_msgs/local_setup.zsh
[1.384s] -- Installing: /home/oumuika/Documents/mirs_msgs/install/mirs_msgs/share/mirs_msgs/local_setup.dsv
[1.384s] -- Installing: /home/oumuika/Documents/mirs_msgs/install/mirs_msgs/share/mirs_msgs/package.dsv
[1.384s] -- Up-to-date: /home/oumuika/Documents/mirs_msgs/install/mirs_msgs/share/ament_index/resource_index/packages/mirs_msgs
[1.384s] -- Up-to-date: /home/oumuika/Documents/mirs_msgs/install/mirs_msgs/share/mirs_msgs/cmake/export_mirs_msgs__rosidl_generator_cExport.cmake
[1.384s] -- Up-to-date: /home/oumuika/Documents/mirs_msgs/install/mirs_msgs/share/mirs_msgs/cmake/export_mirs_msgs__rosidl_generator_cExport-noconfig.cmake
[1.385s] -- Up-to-date: /home/oumuika/Documents/mirs_msgs/install/mirs_msgs/share/mirs_msgs/cmake/export_mirs_msgs__rosidl_typesupport_fastrtps_cExport.cmake
[1.385s] -- Up-to-date: /home/oumuika/Documents/mirs_msgs/install/mirs_msgs/share/mirs_msgs/cmake/export_mirs_msgs__rosidl_typesupport_fastrtps_cExport-noconfig.cmake
[1.385s] -- Up-to-date: /home/oumuika/Documents/mirs_msgs/install/mirs_msgs/share/mirs_msgs/cmake/mirs_msgs__rosidl_typesupport_introspection_cExport.cmake
[1.385s] -- Up-to-date: /home/oumuika/Documents/mirs_msgs/install/mirs_msgs/share/mirs_msgs/cmake/mirs_msgs__rosidl_typesupport_introspection_cExport-noconfig.cmake
[1.385s] -- Up-to-date: /home/oumuika/Documents/mirs_msgs/install/mirs_msgs/share/mirs_msgs/cmake/mirs_msgs__rosidl_typesupport_cExport.cmake
[1.385s] -- Up-to-date: /home/oumuika/Documents/mirs_msgs/install/mirs_msgs/share/mirs_msgs/cmake/mirs_msgs__rosidl_typesupport_cExport-noconfig.cmake
[1.385s] -- Up-to-date: /home/oumuika/Documents/mirs_msgs/install/mirs_msgs/share/mirs_msgs/cmake/export_mirs_msgs__rosidl_generator_cppExport.cmake
[1.385s] -- Up-to-date: /home/oumuika/Documents/mirs_msgs/install/mirs_msgs/share/mirs_msgs/cmake/export_mirs_msgs__rosidl_typesupport_fastrtps_cppExport.cmake
[1.385s] -- Up-to-date: /home/oumuika/Documents/mirs_msgs/install/mirs_msgs/share/mirs_msgs/cmake/export_mirs_msgs__rosidl_typesupport_fastrtps_cppExport-noconfig.cmake
[1.385s] -- Up-to-date: /home/oumuika/Documents/mirs_msgs/install/mirs_msgs/share/mirs_msgs/cmake/mirs_msgs__rosidl_typesupport_introspection_cppExport.cmake
[1.386s] -- Up-to-date: /home/oumuika/Documents/mirs_msgs/install/mirs_msgs/share/mirs_msgs/cmake/mirs_msgs__rosidl_typesupport_introspection_cppExport-noconfig.cmake
[1.386s] -- Up-to-date: /home/oumuika/Documents/mirs_msgs/install/mirs_msgs/share/mirs_msgs/cmake/mirs_msgs__rosidl_typesupport_cppExport.cmake
[1.386s] -- Up-to-date: /home/oumuika/Documents/mirs_msgs/install/mirs_msgs/share/mirs_msgs/cmake/mirs_msgs__rosidl_typesupport_cppExport-noconfig.cmake
[1.386s] -- Up-to-date: /home/oumuika/Documents/mirs_msgs/install/mirs_msgs/share/mirs_msgs/cmake/export_mirs_msgs__rosidl_generator_pyExport.cmake
[1.386s] -- Up-to-date: /home/oumuika/Documents/mirs_msgs/install/mirs_msgs/share/mirs_msgs/cmake/export_mirs_msgs__rosidl_generator_pyExport-noconfig.cmake
[1.386s] -- Up-to-date: /home/oumuika/Documents/mirs_msgs/install/mirs_msgs/share/mirs_msgs/cmake/rosidl_cmake-extras.cmake
[1.386s] -- Up-to-date: /home/oumuika/Documents/mirs_msgs/install/mirs_msgs/share/mirs_msgs/cmake/ament_cmake_export_include_directories-extras.cmake
[1.387s] -- Up-to-date: /home/oumuika/Documents/mirs_msgs/install/mirs_msgs/share/mirs_msgs/cmake/ament_cmake_export_libraries-extras.cmake
[1.387s] -- Up-to-date: /home/oumuika/Documents/mirs_msgs/install/mirs_msgs/share/mirs_msgs/cmake/ament_cmake_export_targets-extras.cmake
[1.387s] -- Up-to-date: /home/oumuika/Documents/mirs_msgs/install/mirs_msgs/share/mirs_msgs/cmake/rosidl_cmake_export_typesupport_targets-extras.cmake
[1.387s] -- Up-to-date: /home/oumuika/Documents/mirs_msgs/install/mirs_msgs/share/mirs_msgs/cmake/ament_cmake_export_dependencies-extras.cmake
[1.387s] -- Up-to-date: /home/oumuika/Documents/mirs_msgs/install/mirs_msgs/share/mirs_msgs/cmake/rosidl_cmake_export_typesupport_libraries-extras.cmake
[1.387s] -- Up-to-date: /home/oumuika/Documents/mirs_msgs/install/mirs_msgs/share/mirs_msgs/cmake/mirs_msgsConfig.cmake
[1.387s] -- Up-to-date: /home/oumuika/Documents/mirs_msgs/install/mirs_msgs/share/mirs_msgs/cmake/mirs_msgsConfig-version.cmake
[1.387s] -- Installing: /home/oumuika/Documents/mirs_msgs/install/mirs_msgs/share/mirs_msgs/package.xml
[1.389s] Invoked command in '/home/oumuika/Documents/mirs_msgs/build/mirs_msgs' returned '0': CMAKE_PREFIX_PATH=/opt/ros/humble /usr/bin/cmake --install /home/oumuika/Documents/mirs_msgs/build/mirs_msgs
