[0.009s] Invoking command in '/home/oumuika/Documents/mirs_msgs/build/mirs_msgs': CMAKE_PREFIX_PATH=/opt/ros/humble /usr/bin/cmake --build /home/oumuika/Documents/mirs_msgs/build/mirs_msgs -- -j16 -l16
[0.034s] -- Found ament_cmake: 1.3.10 (/opt/ros/humble/share/ament_cmake/cmake)
[0.132s] -- Found rosidl_default_generators: 1.2.0 (/opt/ros/humble/share/rosidl_default_generators/cmake)
[0.134s] -- Using all available rosidl_typesupport_c: rosidl_typesupport_fastrtps_c;rosidl_typesupport_introspection_c
[0.138s] -- Found rosidl_adapter: 3.1.5 (/opt/ros/humble/share/rosidl_adapter/cmake)
[0.172s] -- Using all available rosidl_typesupport_cpp: rosidl_typesupport_fastrtps_cpp;rosidl_typesupport_introspection_cpp
[0.492s] -- Found ament_cmake_ros: 0.10.0 (/opt/ros/humble/share/ament_cmake_ros/cmake)
[0.672s] -- Using all available rosidl_typesupport_c: rosidl_typesupport_fastrtps_c;rosidl_typesupport_introspection_c
[0.909s] -- Using all available rosidl_typesupport_cpp: rosidl_typesupport_fastrtps_cpp;rosidl_typesupport_introspection_cpp
[0.928s] -- Found python_cmake_module: 0.10.0 (/opt/ros/humble/share/python_cmake_module/cmake)
[0.950s] -- Using PYTHON_EXECUTABLE: /usr/bin/python3
[0.951s] -- Using PYTHON_INCLUDE_DIRS: /usr/include/python3.10
[0.951s] -- Using PYTHON_LIBRARIES: /usr/lib/x86_64-linux-gnu/libpython3.10.so
[0.986s] -- Configuring done
[1.032s] -- Generating done
[1.035s] -- Build files have been written to: /home/oumuika/Documents/mirs_msgs/build/mirs_msgs
[1.061s] [  1%] [34m[1mGenerating C code for ROS interfaces[0m
[1.069s] [  2%] [34m[1mGenerating C++ code for ROS interfaces[0m
[1.080s] [  2%] Built target ament_cmake_python_copy_mirs_msgs
[1.283s] running egg_info
[1.284s] writing mirs_msgs.egg-info/PKG-INFO
[1.284s] writing dependency_links to mirs_msgs.egg-info/dependency_links.txt
[1.284s] writing top-level names to mirs_msgs.egg-info/top_level.txt
[1.286s] reading manifest file 'mirs_msgs.egg-info/SOURCES.txt'
[1.286s] writing manifest file 'mirs_msgs.egg-info/SOURCES.txt'
[1.305s] [  2%] Built target ament_cmake_python_build_mirs_msgs_egg
[1.918s] [  2%] Built target mirs_msgs__cpp
[1.930s] [  3%] [34m[1mGenerating C++ type support dispatch for ROS interfaces[0m
[1.934s] [  5%] [34m[1mGenerating C++ introspection for ROS interfaces[0m
[1.934s] [  5%] [34m[1mGenerating C++ type support for eProsima Fast-RTPS[0m
[1.949s] [35m[1mConsolidate compiler generated dependencies of target mirs_msgs__rosidl_generator_c[0m
[1.962s] [  8%] [32mBuilding C object CMakeFiles/mirs_msgs__rosidl_generator_c.dir/rosidl_generator_c/mirs_msgs/srv/detail/params__functions.c.o[0m
[1.963s] [  8%] [32mBuilding C object CMakeFiles/mirs_msgs__rosidl_generator_c.dir/rosidl_generator_c/mirs_msgs/srv/detail/parameter_update__functions.c.o[0m
[1.963s] [ 11%] [32mBuilding C object CMakeFiles/mirs_msgs__rosidl_generator_c.dir/rosidl_generator_c/mirs_msgs/srv/detail/basic_command__functions.c.o[0m
[1.963s] [ 11%] [32mBuilding C object CMakeFiles/mirs_msgs__rosidl_generator_c.dir/rosidl_generator_c/mirs_msgs/srv/detail/number_command__functions.c.o[0m
[1.963s] [ 11%] [32mBuilding C object CMakeFiles/mirs_msgs__rosidl_generator_c.dir/rosidl_generator_c/mirs_msgs/srv/detail/simple_command__functions.c.o[0m
[1.964s] [ 13%] [32mBuilding C object CMakeFiles/mirs_msgs__rosidl_generator_c.dir/rosidl_generator_c/mirs_msgs/msg/detail/basic_param__functions.c.o[0m
[1.964s] [ 14%] [32mBuilding C object CMakeFiles/mirs_msgs__rosidl_generator_c.dir/rosidl_generator_c/mirs_msgs/action/detail/trigger__functions.c.o[0m
[1.964s] [ 14%] [32mBuilding C object CMakeFiles/mirs_msgs__rosidl_generator_c.dir/rosidl_generator_c/mirs_msgs/action/detail/parameter_trigger__functions.c.o[0m
[2.085s] [ 16%] [32m[1mLinking C shared library libmirs_msgs__rosidl_generator_c.so[0m
[2.120s] [ 16%] Built target mirs_msgs__rosidl_generator_c
[2.130s] [ 17%] [34m[1mGenerating C type support for eProsima Fast-RTPS[0m
[2.130s] [ 18%] [34m[1mGenerating C type support dispatch for ROS interfaces[0m
[2.130s] [ 19%] [34m[1mGenerating C introspection for ROS interfaces[0m
[2.427s] [35m[1mConsolidate compiler generated dependencies of target mirs_msgs__rosidl_typesupport_cpp[0m
[2.444s] [ 20%] [32mBuilding CXX object CMakeFiles/mirs_msgs__rosidl_typesupport_cpp.dir/rosidl_typesupport_cpp/mirs_msgs/srv/params__type_support.cpp.o[0m
[2.445s] [ 21%] [32mBuilding CXX object CMakeFiles/mirs_msgs__rosidl_typesupport_cpp.dir/rosidl_typesupport_cpp/mirs_msgs/srv/parameter_update__type_support.cpp.o[0m
[2.445s] [ 22%] [32mBuilding CXX object CMakeFiles/mirs_msgs__rosidl_typesupport_cpp.dir/rosidl_typesupport_cpp/mirs_msgs/srv/basic_command__type_support.cpp.o[0m
[2.447s] [ 25%] [32mBuilding CXX object CMakeFiles/mirs_msgs__rosidl_typesupport_cpp.dir/rosidl_typesupport_cpp/mirs_msgs/srv/number_command__type_support.cpp.o[0m
[2.447s] [ 25%] [32mBuilding CXX object CMakeFiles/mirs_msgs__rosidl_typesupport_cpp.dir/rosidl_typesupport_cpp/mirs_msgs/srv/simple_command__type_support.cpp.o[0m
[2.447s] [ 26%] [32mBuilding CXX object CMakeFiles/mirs_msgs__rosidl_typesupport_cpp.dir/rosidl_typesupport_cpp/mirs_msgs/msg/basic_param__type_support.cpp.o[0m
[2.447s] [ 28%] [32mBuilding CXX object CMakeFiles/mirs_msgs__rosidl_typesupport_cpp.dir/rosidl_typesupport_cpp/mirs_msgs/action/parameter_trigger__type_support.cpp.o[0m
[2.447s] [ 28%] [32mBuilding CXX object CMakeFiles/mirs_msgs__rosidl_typesupport_cpp.dir/rosidl_typesupport_cpp/mirs_msgs/action/trigger__type_support.cpp.o[0m
[2.656s] [35m[1mConsolidate compiler generated dependencies of target mirs_msgs__rosidl_typesupport_introspection_cpp[0m
[2.683s] [ 29%] [32mBuilding CXX object CMakeFiles/mirs_msgs__rosidl_typesupport_introspection_cpp.dir/rosidl_typesupport_introspection_cpp/mirs_msgs/srv/detail/params__type_support.cpp.o[0m
[2.693s] [ 31%] [32mBuilding CXX object CMakeFiles/mirs_msgs__rosidl_typesupport_introspection_cpp.dir/rosidl_typesupport_introspection_cpp/mirs_msgs/srv/detail/simple_command__type_support.cpp.o[0m
[2.694s] [ 32%] [32mBuilding CXX object CMakeFiles/mirs_msgs__rosidl_typesupport_introspection_cpp.dir/rosidl_typesupport_introspection_cpp/mirs_msgs/srv/detail/parameter_update__type_support.cpp.o[0m
[2.694s] [ 33%] [32mBuilding CXX object CMakeFiles/mirs_msgs__rosidl_typesupport_introspection_cpp.dir/rosidl_typesupport_introspection_cpp/mirs_msgs/srv/detail/basic_command__type_support.cpp.o[0m
[2.699s] [35m[1mConsolidate compiler generated dependencies of target mirs_msgs__rosidl_typesupport_c[0m
[2.718s] [ 34%] [32mBuilding CXX object CMakeFiles/mirs_msgs__rosidl_typesupport_c.dir/rosidl_typesupport_c/mirs_msgs/srv/params__type_support.cpp.o[0m
[2.735s] [ 35%] [32mBuilding CXX object CMakeFiles/mirs_msgs__rosidl_typesupport_introspection_cpp.dir/rosidl_typesupport_introspection_cpp/mirs_msgs/srv/detail/number_command__type_support.cpp.o[0m
[2.759s] [ 36%] [32mBuilding CXX object CMakeFiles/mirs_msgs__rosidl_typesupport_c.dir/rosidl_typesupport_c/mirs_msgs/srv/parameter_update__type_support.cpp.o[0m
[2.759s] [ 37%] [32mBuilding CXX object CMakeFiles/mirs_msgs__rosidl_typesupport_introspection_cpp.dir/rosidl_typesupport_introspection_cpp/mirs_msgs/action/detail/trigger__type_support.cpp.o[0m
[2.760s] [ 39%] [32mBuilding CXX object CMakeFiles/mirs_msgs__rosidl_typesupport_introspection_cpp.dir/rosidl_typesupport_introspection_cpp/mirs_msgs/msg/detail/basic_param__type_support.cpp.o[0m
[2.761s] [ 40%] [32mBuilding CXX object CMakeFiles/mirs_msgs__rosidl_typesupport_c.dir/rosidl_typesupport_c/mirs_msgs/srv/simple_command__type_support.cpp.o[0m
[2.767s] [ 41%] [32mBuilding CXX object CMakeFiles/mirs_msgs__rosidl_typesupport_c.dir/rosidl_typesupport_c/mirs_msgs/srv/basic_command__type_support.cpp.o[0m
[2.771s] [ 42%] [32mBuilding CXX object CMakeFiles/mirs_msgs__rosidl_typesupport_c.dir/rosidl_typesupport_c/mirs_msgs/srv/number_command__type_support.cpp.o[0m
[2.820s] [ 43%] [32mBuilding CXX object CMakeFiles/mirs_msgs__rosidl_typesupport_c.dir/rosidl_typesupport_c/mirs_msgs/msg/basic_param__type_support.cpp.o[0m
[2.820s] [ 44%] [32mBuilding CXX object CMakeFiles/mirs_msgs__rosidl_typesupport_introspection_cpp.dir/rosidl_typesupport_introspection_cpp/mirs_msgs/action/detail/parameter_trigger__type_support.cpp.o[0m
[2.837s] [ 45%] [32mBuilding CXX object CMakeFiles/mirs_msgs__rosidl_typesupport_c.dir/rosidl_typesupport_c/mirs_msgs/action/trigger__type_support.cpp.o[0m
[2.870s] [ 47%] [32mBuilding CXX object CMakeFiles/mirs_msgs__rosidl_typesupport_c.dir/rosidl_typesupport_c/mirs_msgs/action/parameter_trigger__type_support.cpp.o[0m
[2.915s] [35m[1mConsolidate compiler generated dependencies of target mirs_msgs__rosidl_typesupport_fastrtps_cpp[0m
[2.945s] [ 48%] [32mBuilding CXX object CMakeFiles/mirs_msgs__rosidl_typesupport_fastrtps_cpp.dir/rosidl_typesupport_fastrtps_cpp/mirs_msgs/srv/detail/dds_fastrtps/params__type_support.cpp.o[0m
[2.945s] [ 49%] [32mBuilding CXX object CMakeFiles/mirs_msgs__rosidl_typesupport_fastrtps_cpp.dir/rosidl_typesupport_fastrtps_cpp/mirs_msgs/srv/detail/dds_fastrtps/parameter_update__type_support.cpp.o[0m
[2.950s] [ 50%] [32m[1mLinking CXX shared library libmirs_msgs__rosidl_typesupport_c.so[0m
[2.961s] [ 51%] [32mBuilding CXX object CMakeFiles/mirs_msgs__rosidl_typesupport_fastrtps_cpp.dir/rosidl_typesupport_fastrtps_cpp/mirs_msgs/srv/detail/dds_fastrtps/simple_command__type_support.cpp.o[0m
[2.971s] [ 52%] [32mBuilding CXX object CMakeFiles/mirs_msgs__rosidl_typesupport_fastrtps_cpp.dir/rosidl_typesupport_fastrtps_cpp/mirs_msgs/srv/detail/dds_fastrtps/basic_command__type_support.cpp.o[0m
[2.990s] [ 54%] [32m[1mLinking CXX shared library libmirs_msgs__rosidl_typesupport_cpp.so[0m
[3.019s] [ 54%] Built target mirs_msgs__rosidl_typesupport_c
[3.040s] [ 55%] [32mBuilding CXX object CMakeFiles/mirs_msgs__rosidl_typesupport_fastrtps_cpp.dir/rosidl_typesupport_fastrtps_cpp/mirs_msgs/srv/detail/dds_fastrtps/number_command__type_support.cpp.o[0m
[3.066s] [ 55%] Built target mirs_msgs__rosidl_typesupport_cpp
[3.091s] [ 56%] [32mBuilding CXX object CMakeFiles/mirs_msgs__rosidl_typesupport_fastrtps_cpp.dir/rosidl_typesupport_fastrtps_cpp/mirs_msgs/msg/detail/dds_fastrtps/basic_param__type_support.cpp.o[0m
[3.131s] [ 57%] [32mBuilding CXX object CMakeFiles/mirs_msgs__rosidl_typesupport_fastrtps_cpp.dir/rosidl_typesupport_fastrtps_cpp/mirs_msgs/action/detail/dds_fastrtps/trigger__type_support.cpp.o[0m
[3.138s] [ 58%] [32mBuilding CXX object CMakeFiles/mirs_msgs__rosidl_typesupport_fastrtps_cpp.dir/rosidl_typesupport_fastrtps_cpp/mirs_msgs/action/detail/dds_fastrtps/parameter_trigger__type_support.cpp.o[0m
[3.187s] [35m[1mConsolidate compiler generated dependencies of target mirs_msgs__rosidl_typesupport_fastrtps_c[0m
[3.204s] [35m[1mConsolidate compiler generated dependencies of target mirs_msgs__rosidl_typesupport_introspection_c[0m
[3.216s] [ 60%] [32mBuilding CXX object CMakeFiles/mirs_msgs__rosidl_typesupport_fastrtps_c.dir/rosidl_typesupport_fastrtps_c/mirs_msgs/srv/detail/params__type_support_c.cpp.o[0m
[3.216s] [ 60%] [32mBuilding CXX object CMakeFiles/mirs_msgs__rosidl_typesupport_fastrtps_c.dir/rosidl_typesupport_fastrtps_c/mirs_msgs/srv/detail/simple_command__type_support_c.cpp.o[0m
[3.224s] [ 62%] [32mBuilding CXX object CMakeFiles/mirs_msgs__rosidl_typesupport_fastrtps_c.dir/rosidl_typesupport_fastrtps_c/mirs_msgs/srv/detail/parameter_update__type_support_c.cpp.o[0m
[3.225s] [ 64%] [32mBuilding CXX object CMakeFiles/mirs_msgs__rosidl_typesupport_fastrtps_c.dir/rosidl_typesupport_fastrtps_c/mirs_msgs/srv/detail/number_command__type_support_c.cpp.o[0m
[3.225s] [ 63%] [32mBuilding CXX object CMakeFiles/mirs_msgs__rosidl_typesupport_fastrtps_c.dir/rosidl_typesupport_fastrtps_c/mirs_msgs/srv/detail/basic_command__type_support_c.cpp.o[0m
[3.231s] [ 65%] [32mBuilding C object CMakeFiles/mirs_msgs__rosidl_typesupport_introspection_c.dir/rosidl_typesupport_introspection_c/mirs_msgs/srv/detail/params__type_support.c.o[0m
[3.296s] [ 66%] [32mBuilding C object CMakeFiles/mirs_msgs__rosidl_typesupport_introspection_c.dir/rosidl_typesupport_introspection_c/mirs_msgs/srv/detail/parameter_update__type_support.c.o[0m
[3.403s] [ 67%] [32mBuilding C object CMakeFiles/mirs_msgs__rosidl_typesupport_introspection_c.dir/rosidl_typesupport_introspection_c/mirs_msgs/srv/detail/simple_command__type_support.c.o[0m
[3.407s] [ 68%] [32mBuilding CXX object CMakeFiles/mirs_msgs__rosidl_typesupport_fastrtps_c.dir/rosidl_typesupport_fastrtps_c/mirs_msgs/msg/detail/basic_param__type_support_c.cpp.o[0m
[3.442s] [ 70%] [32mBuilding C object CMakeFiles/mirs_msgs__rosidl_typesupport_introspection_c.dir/rosidl_typesupport_introspection_c/mirs_msgs/srv/detail/basic_command__type_support.c.o[0m
[3.450s] [ 71%] [32mBuilding CXX object CMakeFiles/mirs_msgs__rosidl_typesupport_fastrtps_c.dir/rosidl_typesupport_fastrtps_c/mirs_msgs/action/detail/trigger__type_support_c.cpp.o[0m
[3.454s] [ 72%] [32mBuilding CXX object CMakeFiles/mirs_msgs__rosidl_typesupport_fastrtps_c.dir/rosidl_typesupport_fastrtps_c/mirs_msgs/action/detail/parameter_trigger__type_support_c.cpp.o[0m
[3.477s] [ 73%] [32mBuilding C object CMakeFiles/mirs_msgs__rosidl_typesupport_introspection_c.dir/rosidl_typesupport_introspection_c/mirs_msgs/srv/detail/number_command__type_support.c.o[0m
[3.489s] [ 74%] [32m[1mLinking CXX shared library libmirs_msgs__rosidl_typesupport_introspection_cpp.so[0m
[3.494s] [ 75%] [32mBuilding C object CMakeFiles/mirs_msgs__rosidl_typesupport_introspection_c.dir/rosidl_typesupport_introspection_c/mirs_msgs/action/detail/trigger__type_support.c.o[0m
[3.502s] [ 77%] [32mBuilding C object CMakeFiles/mirs_msgs__rosidl_typesupport_introspection_c.dir/rosidl_typesupport_introspection_c/mirs_msgs/msg/detail/basic_param__type_support.c.o[0m
[3.528s] [ 78%] [32mBuilding C object CMakeFiles/mirs_msgs__rosidl_typesupport_introspection_c.dir/rosidl_typesupport_introspection_c/mirs_msgs/action/detail/parameter_trigger__type_support.c.o[0m
[3.589s] [ 79%] [32m[1mLinking C shared library libmirs_msgs__rosidl_typesupport_introspection_c.so[0m
[3.615s] [ 79%] Built target mirs_msgs__rosidl_typesupport_introspection_cpp
[3.624s] [ 79%] Built target mirs_msgs__rosidl_typesupport_introspection_c
[3.755s] [ 80%] [32m[1mLinking CXX shared library libmirs_msgs__rosidl_typesupport_fastrtps_cpp.so[0m
[3.814s] [ 81%] [32m[1mLinking CXX shared library libmirs_msgs__rosidl_typesupport_fastrtps_c.so[0m
[3.822s] [ 81%] Built target mirs_msgs__rosidl_typesupport_fastrtps_cpp
[3.882s] [ 81%] Built target mirs_msgs__rosidl_typesupport_fastrtps_c
[3.901s] [ 81%] Built target mirs_msgs
[3.919s] [ 82%] [34m[1mGenerating Python code for ROS interfaces[0m
[5.532s] [ 82%] Built target mirs_msgs__py
[5.543s] [35m[1mConsolidate compiler generated dependencies of target mirs_msgs__rosidl_generator_py[0m
[5.561s] [ 85%] [32mBuilding C object CMakeFiles/mirs_msgs__rosidl_generator_py.dir/rosidl_generator_py/mirs_msgs/srv/_params_s.c.o[0m
[5.561s] [ 85%] [32mBuilding C object CMakeFiles/mirs_msgs__rosidl_generator_py.dir/rosidl_generator_py/mirs_msgs/srv/_parameter_update_s.c.o[0m
[5.561s] [ 86%] [32mBuilding C object CMakeFiles/mirs_msgs__rosidl_generator_py.dir/rosidl_generator_py/mirs_msgs/srv/_basic_command_s.c.o[0m
[5.562s] [ 87%] [32mBuilding C object CMakeFiles/mirs_msgs__rosidl_generator_py.dir/rosidl_generator_py/mirs_msgs/srv/_simple_command_s.c.o[0m
[5.562s] [ 89%] [32mBuilding C object CMakeFiles/mirs_msgs__rosidl_generator_py.dir/rosidl_generator_py/mirs_msgs/action/_trigger_s.c.o[0m
[5.562s] [ 89%] [32mBuilding C object CMakeFiles/mirs_msgs__rosidl_generator_py.dir/rosidl_generator_py/mirs_msgs/srv/_number_command_s.c.o[0m
[5.562s] [ 90%] [32mBuilding C object CMakeFiles/mirs_msgs__rosidl_generator_py.dir/rosidl_generator_py/mirs_msgs/msg/_basic_param_s.c.o[0m
[5.565s] [ 91%] [32mBuilding C object CMakeFiles/mirs_msgs__rosidl_generator_py.dir/rosidl_generator_py/mirs_msgs/action/_parameter_trigger_s.c.o[0m
[5.683s] [ 93%] [32m[1mLinking C shared library rosidl_generator_py/mirs_msgs/libmirs_msgs__rosidl_generator_py.so[0m
[5.722s] [ 93%] Built target mirs_msgs__rosidl_generator_py
[5.732s] [35m[1mConsolidate compiler generated dependencies of target mirs_msgs__rosidl_typesupport_fastrtps_c__pyext[0m
[5.732s] [35m[1mConsolidate compiler generated dependencies of target mirs_msgs__rosidl_typesupport_c__pyext[0m
[5.733s] [35m[1mConsolidate compiler generated dependencies of target mirs_msgs__rosidl_typesupport_introspection_c__pyext[0m
[5.744s] [ 95%] [32mBuilding C object CMakeFiles/mirs_msgs__rosidl_typesupport_fastrtps_c__pyext.dir/rosidl_generator_py/mirs_msgs/_mirs_msgs_s.ep.rosidl_typesupport_fastrtps_c.c.o[0m
[5.744s] [ 95%] [32mBuilding C object CMakeFiles/mirs_msgs__rosidl_typesupport_c__pyext.dir/rosidl_generator_py/mirs_msgs/_mirs_msgs_s.ep.rosidl_typesupport_c.c.o[0m
[5.745s] [ 96%] [32mBuilding C object CMakeFiles/mirs_msgs__rosidl_typesupport_introspection_c__pyext.dir/rosidl_generator_py/mirs_msgs/_mirs_msgs_s.ep.rosidl_typesupport_introspection_c.c.o[0m
[5.891s] [ 98%] [32m[1mLinking C shared library rosidl_generator_py/mirs_msgs/mirs_msgs_s__rosidl_typesupport_introspection_c.cpython-310-x86_64-linux-gnu.so[0m
[5.891s] [ 98%] [32m[1mLinking C shared library rosidl_generator_py/mirs_msgs/mirs_msgs_s__rosidl_typesupport_c.cpython-310-x86_64-linux-gnu.so[0m
[5.892s] [100%] [32m[1mLinking C shared library rosidl_generator_py/mirs_msgs/mirs_msgs_s__rosidl_typesupport_fastrtps_c.cpython-310-x86_64-linux-gnu.so[0m
[5.930s] [100%] Built target mirs_msgs__rosidl_typesupport_introspection_c__pyext
[5.930s] [100%] Built target mirs_msgs__rosidl_typesupport_fastrtps_c__pyext
[5.930s] [100%] Built target mirs_msgs__rosidl_typesupport_c__pyext
[5.942s] Invoked command in '/home/oumuika/Documents/mirs_msgs/build/mirs_msgs' returned '0': CMAKE_PREFIX_PATH=/opt/ros/humble /usr/bin/cmake --build /home/oumuika/Documents/mirs_msgs/build/mirs_msgs -- -j16 -l16
[6.122s] Invoking command in '/home/oumuika/Documents/mirs_msgs/build/mirs_msgs': CMAKE_PREFIX_PATH=/opt/ros/humble /usr/bin/cmake --install /home/oumuika/Documents/mirs_msgs/build/mirs_msgs
[6.129s] -- Install configuration: ""
[6.129s] -- Installing: /home/oumuika/Documents/mirs_msgs/install/mirs_msgs/share/ament_index/resource_index/rosidl_interfaces/mirs_msgs
[6.129s] -- Up-to-date: /home/oumuika/Documents/mirs_msgs/install/mirs_msgs/include/mirs_msgs/mirs_msgs
[6.129s] -- Up-to-date: /home/oumuika/Documents/mirs_msgs/install/mirs_msgs/include/mirs_msgs/mirs_msgs/msg
[6.129s] -- Up-to-date: /home/oumuika/Documents/mirs_msgs/install/mirs_msgs/include/mirs_msgs/mirs_msgs/msg/detail
[6.129s] -- Installing: /home/oumuika/Documents/mirs_msgs/install/mirs_msgs/include/mirs_msgs/mirs_msgs/msg/detail/basic_param__functions.c
[6.129s] -- Installing: /home/oumuika/Documents/mirs_msgs/install/mirs_msgs/include/mirs_msgs/mirs_msgs/msg/detail/basic_param__type_support.h
[6.129s] -- Installing: /home/oumuika/Documents/mirs_msgs/install/mirs_msgs/include/mirs_msgs/mirs_msgs/msg/detail/basic_param__struct.h
[6.129s] -- Installing: /home/oumuika/Documents/mirs_msgs/install/mirs_msgs/include/mirs_msgs/mirs_msgs/msg/detail/basic_param__functions.h
[6.130s] -- Up-to-date: /home/oumuika/Documents/mirs_msgs/install/mirs_msgs/include/mirs_msgs/mirs_msgs/msg/rosidl_generator_c__visibility_control.h
[6.130s] -- Installing: /home/oumuika/Documents/mirs_msgs/install/mirs_msgs/include/mirs_msgs/mirs_msgs/msg/basic_param.h
[6.130s] -- Up-to-date: /home/oumuika/Documents/mirs_msgs/install/mirs_msgs/include/mirs_msgs/mirs_msgs/srv
[6.130s] -- Installing: /home/oumuika/Documents/mirs_msgs/install/mirs_msgs/include/mirs_msgs/mirs_msgs/srv/number_command.h
[6.130s] -- Installing: /home/oumuika/Documents/mirs_msgs/install/mirs_msgs/include/mirs_msgs/mirs_msgs/srv/simple_command.h
[6.130s] -- Up-to-date: /home/oumuika/Documents/mirs_msgs/install/mirs_msgs/include/mirs_msgs/mirs_msgs/srv/detail
[6.130s] -- Installing: /home/oumuika/Documents/mirs_msgs/install/mirs_msgs/include/mirs_msgs/mirs_msgs/srv/detail/parameter_update__functions.c
[6.130s] -- Installing: /home/oumuika/Documents/mirs_msgs/install/mirs_msgs/include/mirs_msgs/mirs_msgs/srv/detail/number_command__functions.h
[6.130s] -- Installing: /home/oumuika/Documents/mirs_msgs/install/mirs_msgs/include/mirs_msgs/mirs_msgs/srv/detail/simple_command__functions.h
[6.131s] -- Installing: /home/oumuika/Documents/mirs_msgs/install/mirs_msgs/include/mirs_msgs/mirs_msgs/srv/detail/basic_command__struct.h
[6.131s] -- Installing: /home/oumuika/Documents/mirs_msgs/install/mirs_msgs/include/mirs_msgs/mirs_msgs/srv/detail/simple_command__struct.h
[6.131s] -- Installing: /home/oumuika/Documents/mirs_msgs/install/mirs_msgs/include/mirs_msgs/mirs_msgs/srv/detail/number_command__type_support.h
[6.131s] -- Installing: /home/oumuika/Documents/mirs_msgs/install/mirs_msgs/include/mirs_msgs/mirs_msgs/srv/detail/number_command__struct.h
[6.131s] -- Installing: /home/oumuika/Documents/mirs_msgs/install/mirs_msgs/include/mirs_msgs/mirs_msgs/srv/detail/params__functions.h
[6.132s] -- Installing: /home/oumuika/Documents/mirs_msgs/install/mirs_msgs/include/mirs_msgs/mirs_msgs/srv/detail/simple_command__functions.c
[6.132s] -- Installing: /home/oumuika/Documents/mirs_msgs/install/mirs_msgs/include/mirs_msgs/mirs_msgs/srv/detail/params__functions.c
[6.132s] -- Installing: /home/oumuika/Documents/mirs_msgs/install/mirs_msgs/include/mirs_msgs/mirs_msgs/srv/detail/parameter_update__struct.h
[6.132s] -- Installing: /home/oumuika/Documents/mirs_msgs/install/mirs_msgs/include/mirs_msgs/mirs_msgs/srv/detail/parameter_update__type_support.h
[6.132s] -- Installing: /home/oumuika/Documents/mirs_msgs/install/mirs_msgs/include/mirs_msgs/mirs_msgs/srv/detail/basic_command__functions.h
[6.132s] -- Installing: /home/oumuika/Documents/mirs_msgs/install/mirs_msgs/include/mirs_msgs/mirs_msgs/srv/detail/number_command__functions.c
[6.133s] -- Installing: /home/oumuika/Documents/mirs_msgs/install/mirs_msgs/include/mirs_msgs/mirs_msgs/srv/detail/simple_command__type_support.h
[6.133s] -- Installing: /home/oumuika/Documents/mirs_msgs/install/mirs_msgs/include/mirs_msgs/mirs_msgs/srv/detail/basic_command__type_support.h
[6.133s] -- Installing: /home/oumuika/Documents/mirs_msgs/install/mirs_msgs/include/mirs_msgs/mirs_msgs/srv/detail/params__struct.h
[6.133s] -- Installing: /home/oumuika/Documents/mirs_msgs/install/mirs_msgs/include/mirs_msgs/mirs_msgs/srv/detail/basic_command__functions.c
[6.133s] -- Installing: /home/oumuika/Documents/mirs_msgs/install/mirs_msgs/include/mirs_msgs/mirs_msgs/srv/detail/params__type_support.h
[6.133s] -- Installing: /home/oumuika/Documents/mirs_msgs/install/mirs_msgs/include/mirs_msgs/mirs_msgs/srv/detail/parameter_update__functions.h
[6.134s] -- Installing: /home/oumuika/Documents/mirs_msgs/install/mirs_msgs/include/mirs_msgs/mirs_msgs/srv/params.h
[6.134s] -- Installing: /home/oumuika/Documents/mirs_msgs/install/mirs_msgs/include/mirs_msgs/mirs_msgs/srv/parameter_update.h
[6.134s] -- Installing: /home/oumuika/Documents/mirs_msgs/install/mirs_msgs/include/mirs_msgs/mirs_msgs/srv/basic_command.h
[6.134s] -- Installing: /home/oumuika/Documents/mirs_msgs/install/mirs_msgs/include/mirs_msgs/mirs_msgs/action
[6.134s] -- Installing: /home/oumuika/Documents/mirs_msgs/install/mirs_msgs/include/mirs_msgs/mirs_msgs/action/detail
[6.134s] -- Installing: /home/oumuika/Documents/mirs_msgs/install/mirs_msgs/include/mirs_msgs/mirs_msgs/action/detail/trigger__functions.c
[6.134s] -- Installing: /home/oumuika/Documents/mirs_msgs/install/mirs_msgs/include/mirs_msgs/mirs_msgs/action/detail/trigger__struct.h
[6.134s] -- Installing: /home/oumuika/Documents/mirs_msgs/install/mirs_msgs/include/mirs_msgs/mirs_msgs/action/detail/trigger__functions.h
[6.135s] -- Installing: /home/oumuika/Documents/mirs_msgs/install/mirs_msgs/include/mirs_msgs/mirs_msgs/action/detail/parameter_trigger__struct.h
[6.135s] -- Installing: /home/oumuika/Documents/mirs_msgs/install/mirs_msgs/include/mirs_msgs/mirs_msgs/action/detail/parameter_trigger__functions.h
[6.135s] -- Installing: /home/oumuika/Documents/mirs_msgs/install/mirs_msgs/include/mirs_msgs/mirs_msgs/action/detail/parameter_trigger__type_support.h
[6.135s] -- Installing: /home/oumuika/Documents/mirs_msgs/install/mirs_msgs/include/mirs_msgs/mirs_msgs/action/detail/parameter_trigger__functions.c
[6.135s] -- Installing: /home/oumuika/Documents/mirs_msgs/install/mirs_msgs/include/mirs_msgs/mirs_msgs/action/detail/trigger__type_support.h
[6.135s] -- Installing: /home/oumuika/Documents/mirs_msgs/install/mirs_msgs/include/mirs_msgs/mirs_msgs/action/parameter_trigger.h
[6.135s] -- Installing: /home/oumuika/Documents/mirs_msgs/install/mirs_msgs/include/mirs_msgs/mirs_msgs/action/trigger.h
[6.136s] -- Up-to-date: /home/oumuika/Documents/mirs_msgs/install/mirs_msgs/share/mirs_msgs/environment/library_path.sh
[6.136s] -- Installing: /home/oumuika/Documents/mirs_msgs/install/mirs_msgs/share/mirs_msgs/environment/library_path.dsv
[6.136s] -- Installing: /home/oumuika/Documents/mirs_msgs/install/mirs_msgs/lib/libmirs_msgs__rosidl_generator_c.so
[6.137s] -- Set runtime path of "/home/oumuika/Documents/mirs_msgs/install/mirs_msgs/lib/libmirs_msgs__rosidl_generator_c.so" to ""
[6.137s] -- Up-to-date: /home/oumuika/Documents/mirs_msgs/install/mirs_msgs/include/mirs_msgs/mirs_msgs
[6.137s] -- Up-to-date: /home/oumuika/Documents/mirs_msgs/install/mirs_msgs/include/mirs_msgs/mirs_msgs/msg
[6.137s] -- Up-to-date: /home/oumuika/Documents/mirs_msgs/install/mirs_msgs/include/mirs_msgs/mirs_msgs/msg/detail
[6.137s] -- Installing: /home/oumuika/Documents/mirs_msgs/install/mirs_msgs/include/mirs_msgs/mirs_msgs/msg/detail/basic_param__rosidl_typesupport_fastrtps_c.h
[6.137s] -- Up-to-date: /home/oumuika/Documents/mirs_msgs/install/mirs_msgs/include/mirs_msgs/mirs_msgs/msg/rosidl_typesupport_fastrtps_c__visibility_control.h
[6.137s] -- Up-to-date: /home/oumuika/Documents/mirs_msgs/install/mirs_msgs/include/mirs_msgs/mirs_msgs/srv
[6.137s] -- Up-to-date: /home/oumuika/Documents/mirs_msgs/install/mirs_msgs/include/mirs_msgs/mirs_msgs/srv/detail
[6.137s] -- Installing: /home/oumuika/Documents/mirs_msgs/install/mirs_msgs/include/mirs_msgs/mirs_msgs/srv/detail/params__rosidl_typesupport_fastrtps_c.h
[6.137s] -- Installing: /home/oumuika/Documents/mirs_msgs/install/mirs_msgs/include/mirs_msgs/mirs_msgs/srv/detail/simple_command__rosidl_typesupport_fastrtps_c.h
[6.137s] -- Installing: /home/oumuika/Documents/mirs_msgs/install/mirs_msgs/include/mirs_msgs/mirs_msgs/srv/detail/number_command__rosidl_typesupport_fastrtps_c.h
[6.138s] -- Installing: /home/oumuika/Documents/mirs_msgs/install/mirs_msgs/include/mirs_msgs/mirs_msgs/srv/detail/parameter_update__rosidl_typesupport_fastrtps_c.h
[6.138s] -- Installing: /home/oumuika/Documents/mirs_msgs/install/mirs_msgs/include/mirs_msgs/mirs_msgs/srv/detail/basic_command__rosidl_typesupport_fastrtps_c.h
[6.138s] -- Up-to-date: /home/oumuika/Documents/mirs_msgs/install/mirs_msgs/include/mirs_msgs/mirs_msgs/action
[6.138s] -- Up-to-date: /home/oumuika/Documents/mirs_msgs/install/mirs_msgs/include/mirs_msgs/mirs_msgs/action/detail
[6.138s] -- Installing: /home/oumuika/Documents/mirs_msgs/install/mirs_msgs/include/mirs_msgs/mirs_msgs/action/detail/trigger__rosidl_typesupport_fastrtps_c.h
[6.138s] -- Installing: /home/oumuika/Documents/mirs_msgs/install/mirs_msgs/include/mirs_msgs/mirs_msgs/action/detail/parameter_trigger__rosidl_typesupport_fastrtps_c.h
[6.138s] -- Installing: /home/oumuika/Documents/mirs_msgs/install/mirs_msgs/lib/libmirs_msgs__rosidl_typesupport_fastrtps_c.so
[6.139s] -- Set runtime path of "/home/oumuika/Documents/mirs_msgs/install/mirs_msgs/lib/libmirs_msgs__rosidl_typesupport_fastrtps_c.so" to ""
[6.139s] -- Up-to-date: /home/oumuika/Documents/mirs_msgs/install/mirs_msgs/include/mirs_msgs/mirs_msgs
[6.139s] -- Up-to-date: /home/oumuika/Documents/mirs_msgs/install/mirs_msgs/include/mirs_msgs/mirs_msgs/msg
[6.139s] -- Up-to-date: /home/oumuika/Documents/mirs_msgs/install/mirs_msgs/include/mirs_msgs/mirs_msgs/msg/detail
[6.139s] -- Installing: /home/oumuika/Documents/mirs_msgs/install/mirs_msgs/include/mirs_msgs/mirs_msgs/msg/detail/basic_param__rosidl_typesupport_introspection_c.h
[6.139s] -- Installing: /home/oumuika/Documents/mirs_msgs/install/mirs_msgs/include/mirs_msgs/mirs_msgs/msg/detail/basic_param__type_support.c
[6.139s] -- Up-to-date: /home/oumuika/Documents/mirs_msgs/install/mirs_msgs/include/mirs_msgs/mirs_msgs/msg/rosidl_typesupport_introspection_c__visibility_control.h
[6.139s] -- Up-to-date: /home/oumuika/Documents/mirs_msgs/install/mirs_msgs/include/mirs_msgs/mirs_msgs/srv
[6.140s] -- Up-to-date: /home/oumuika/Documents/mirs_msgs/install/mirs_msgs/include/mirs_msgs/mirs_msgs/srv/detail
[6.140s] -- Installing: /home/oumuika/Documents/mirs_msgs/install/mirs_msgs/include/mirs_msgs/mirs_msgs/srv/detail/basic_command__type_support.c
[6.140s] -- Installing: /home/oumuika/Documents/mirs_msgs/install/mirs_msgs/include/mirs_msgs/mirs_msgs/srv/detail/basic_command__rosidl_typesupport_introspection_c.h
[6.140s] -- Installing: /home/oumuika/Documents/mirs_msgs/install/mirs_msgs/include/mirs_msgs/mirs_msgs/srv/detail/parameter_update__rosidl_typesupport_introspection_c.h
[6.140s] -- Installing: /home/oumuika/Documents/mirs_msgs/install/mirs_msgs/include/mirs_msgs/mirs_msgs/srv/detail/parameter_update__type_support.c
[6.140s] -- Installing: /home/oumuika/Documents/mirs_msgs/install/mirs_msgs/include/mirs_msgs/mirs_msgs/srv/detail/params__type_support.c
[6.140s] -- Installing: /home/oumuika/Documents/mirs_msgs/install/mirs_msgs/include/mirs_msgs/mirs_msgs/srv/detail/number_command__type_support.c
[6.141s] -- Installing: /home/oumuika/Documents/mirs_msgs/install/mirs_msgs/include/mirs_msgs/mirs_msgs/srv/detail/params__rosidl_typesupport_introspection_c.h
[6.141s] -- Installing: /home/oumuika/Documents/mirs_msgs/install/mirs_msgs/include/mirs_msgs/mirs_msgs/srv/detail/simple_command__rosidl_typesupport_introspection_c.h
[6.141s] -- Installing: /home/oumuika/Documents/mirs_msgs/install/mirs_msgs/include/mirs_msgs/mirs_msgs/srv/detail/simple_command__type_support.c
[6.141s] -- Installing: /home/oumuika/Documents/mirs_msgs/install/mirs_msgs/include/mirs_msgs/mirs_msgs/srv/detail/number_command__rosidl_typesupport_introspection_c.h
[6.141s] -- Up-to-date: /home/oumuika/Documents/mirs_msgs/install/mirs_msgs/include/mirs_msgs/mirs_msgs/action
[6.141s] -- Up-to-date: /home/oumuika/Documents/mirs_msgs/install/mirs_msgs/include/mirs_msgs/mirs_msgs/action/detail
[6.141s] -- Installing: /home/oumuika/Documents/mirs_msgs/install/mirs_msgs/include/mirs_msgs/mirs_msgs/action/detail/trigger__type_support.c
[6.141s] -- Installing: /home/oumuika/Documents/mirs_msgs/install/mirs_msgs/include/mirs_msgs/mirs_msgs/action/detail/trigger__rosidl_typesupport_introspection_c.h
[6.142s] -- Installing: /home/oumuika/Documents/mirs_msgs/install/mirs_msgs/include/mirs_msgs/mirs_msgs/action/detail/parameter_trigger__rosidl_typesupport_introspection_c.h
[6.142s] -- Installing: /home/oumuika/Documents/mirs_msgs/install/mirs_msgs/include/mirs_msgs/mirs_msgs/action/detail/parameter_trigger__type_support.c
[6.142s] -- Installing: /home/oumuika/Documents/mirs_msgs/install/mirs_msgs/lib/libmirs_msgs__rosidl_typesupport_introspection_c.so
[6.142s] -- Set runtime path of "/home/oumuika/Documents/mirs_msgs/install/mirs_msgs/lib/libmirs_msgs__rosidl_typesupport_introspection_c.so" to ""
[6.143s] -- Installing: /home/oumuika/Documents/mirs_msgs/install/mirs_msgs/lib/libmirs_msgs__rosidl_typesupport_c.so
[6.143s] -- Set runtime path of "/home/oumuika/Documents/mirs_msgs/install/mirs_msgs/lib/libmirs_msgs__rosidl_typesupport_c.so" to ""
[6.143s] -- Up-to-date: /home/oumuika/Documents/mirs_msgs/install/mirs_msgs/include/mirs_msgs/mirs_msgs
[6.143s] -- Up-to-date: /home/oumuika/Documents/mirs_msgs/install/mirs_msgs/include/mirs_msgs/mirs_msgs/msg
[6.143s] -- Up-to-date: /home/oumuika/Documents/mirs_msgs/install/mirs_msgs/include/mirs_msgs/mirs_msgs/msg/detail
[6.143s] -- Installing: /home/oumuika/Documents/mirs_msgs/install/mirs_msgs/include/mirs_msgs/mirs_msgs/msg/detail/basic_param__traits.hpp
[6.143s] -- Installing: /home/oumuika/Documents/mirs_msgs/install/mirs_msgs/include/mirs_msgs/mirs_msgs/msg/detail/basic_param__struct.hpp
[6.144s] -- Installing: /home/oumuika/Documents/mirs_msgs/install/mirs_msgs/include/mirs_msgs/mirs_msgs/msg/detail/basic_param__builder.hpp
[6.144s] -- Installing: /home/oumuika/Documents/mirs_msgs/install/mirs_msgs/include/mirs_msgs/mirs_msgs/msg/basic_param.hpp
[6.144s] -- Up-to-date: /home/oumuika/Documents/mirs_msgs/install/mirs_msgs/include/mirs_msgs/mirs_msgs/srv
[6.144s] -- Installing: /home/oumuika/Documents/mirs_msgs/install/mirs_msgs/include/mirs_msgs/mirs_msgs/srv/simple_command.hpp
[6.144s] -- Up-to-date: /home/oumuika/Documents/mirs_msgs/install/mirs_msgs/include/mirs_msgs/mirs_msgs/srv/detail
[6.144s] -- Installing: /home/oumuika/Documents/mirs_msgs/install/mirs_msgs/include/mirs_msgs/mirs_msgs/srv/detail/parameter_update__traits.hpp
[6.144s] -- Installing: /home/oumuika/Documents/mirs_msgs/install/mirs_msgs/include/mirs_msgs/mirs_msgs/srv/detail/parameter_update__struct.hpp
[6.144s] -- Installing: /home/oumuika/Documents/mirs_msgs/install/mirs_msgs/include/mirs_msgs/mirs_msgs/srv/detail/simple_command__builder.hpp
[6.145s] -- Installing: /home/oumuika/Documents/mirs_msgs/install/mirs_msgs/include/mirs_msgs/mirs_msgs/srv/detail/number_command__builder.hpp
[6.145s] -- Installing: /home/oumuika/Documents/mirs_msgs/install/mirs_msgs/include/mirs_msgs/mirs_msgs/srv/detail/parameter_update__builder.hpp
[6.145s] -- Installing: /home/oumuika/Documents/mirs_msgs/install/mirs_msgs/include/mirs_msgs/mirs_msgs/srv/detail/number_command__traits.hpp
[6.145s] -- Installing: /home/oumuika/Documents/mirs_msgs/install/mirs_msgs/include/mirs_msgs/mirs_msgs/srv/detail/basic_command__traits.hpp
[6.145s] -- Installing: /home/oumuika/Documents/mirs_msgs/install/mirs_msgs/include/mirs_msgs/mirs_msgs/srv/detail/params__struct.hpp
[6.145s] -- Installing: /home/oumuika/Documents/mirs_msgs/install/mirs_msgs/include/mirs_msgs/mirs_msgs/srv/detail/number_command__struct.hpp
[6.146s] -- Installing: /home/oumuika/Documents/mirs_msgs/install/mirs_msgs/include/mirs_msgs/mirs_msgs/srv/detail/basic_command__builder.hpp
[6.146s] -- Installing: /home/oumuika/Documents/mirs_msgs/install/mirs_msgs/include/mirs_msgs/mirs_msgs/srv/detail/params__traits.hpp
[6.146s] -- Installing: /home/oumuika/Documents/mirs_msgs/install/mirs_msgs/include/mirs_msgs/mirs_msgs/srv/detail/params__builder.hpp
[6.146s] -- Installing: /home/oumuika/Documents/mirs_msgs/install/mirs_msgs/include/mirs_msgs/mirs_msgs/srv/detail/simple_command__struct.hpp
[6.146s] -- Installing: /home/oumuika/Documents/mirs_msgs/install/mirs_msgs/include/mirs_msgs/mirs_msgs/srv/detail/simple_command__traits.hpp
[6.146s] -- Installing: /home/oumuika/Documents/mirs_msgs/install/mirs_msgs/include/mirs_msgs/mirs_msgs/srv/detail/basic_command__struct.hpp
[6.147s] -- Installing: /home/oumuika/Documents/mirs_msgs/install/mirs_msgs/include/mirs_msgs/mirs_msgs/srv/basic_command.hpp
[6.147s] -- Installing: /home/oumuika/Documents/mirs_msgs/install/mirs_msgs/include/mirs_msgs/mirs_msgs/srv/params.hpp
[6.147s] -- Installing: /home/oumuika/Documents/mirs_msgs/install/mirs_msgs/include/mirs_msgs/mirs_msgs/srv/number_command.hpp
[6.147s] -- Installing: /home/oumuika/Documents/mirs_msgs/install/mirs_msgs/include/mirs_msgs/mirs_msgs/srv/parameter_update.hpp
[6.147s] -- Up-to-date: /home/oumuika/Documents/mirs_msgs/install/mirs_msgs/include/mirs_msgs/mirs_msgs/action
[6.147s] -- Up-to-date: /home/oumuika/Documents/mirs_msgs/install/mirs_msgs/include/mirs_msgs/mirs_msgs/action/detail
[6.147s] -- Installing: /home/oumuika/Documents/mirs_msgs/install/mirs_msgs/include/mirs_msgs/mirs_msgs/action/detail/parameter_trigger__builder.hpp
[6.147s] -- Installing: /home/oumuika/Documents/mirs_msgs/install/mirs_msgs/include/mirs_msgs/mirs_msgs/action/detail/parameter_trigger__traits.hpp
[6.148s] -- Installing: /home/oumuika/Documents/mirs_msgs/install/mirs_msgs/include/mirs_msgs/mirs_msgs/action/detail/trigger__builder.hpp
[6.148s] -- Installing: /home/oumuika/Documents/mirs_msgs/install/mirs_msgs/include/mirs_msgs/mirs_msgs/action/detail/trigger__struct.hpp
[6.148s] -- Installing: /home/oumuika/Documents/mirs_msgs/install/mirs_msgs/include/mirs_msgs/mirs_msgs/action/detail/parameter_trigger__struct.hpp
[6.148s] -- Installing: /home/oumuika/Documents/mirs_msgs/install/mirs_msgs/include/mirs_msgs/mirs_msgs/action/detail/trigger__traits.hpp
[6.148s] -- Installing: /home/oumuika/Documents/mirs_msgs/install/mirs_msgs/include/mirs_msgs/mirs_msgs/action/trigger.hpp
[6.148s] -- Installing: /home/oumuika/Documents/mirs_msgs/install/mirs_msgs/include/mirs_msgs/mirs_msgs/action/parameter_trigger.hpp
[6.148s] -- Up-to-date: /home/oumuika/Documents/mirs_msgs/install/mirs_msgs/include/mirs_msgs/mirs_msgs
[6.149s] -- Up-to-date: /home/oumuika/Documents/mirs_msgs/install/mirs_msgs/include/mirs_msgs/mirs_msgs/msg
[6.149s] -- Up-to-date: /home/oumuika/Documents/mirs_msgs/install/mirs_msgs/include/mirs_msgs/mirs_msgs/msg/detail
[6.149s] -- Installing: /home/oumuika/Documents/mirs_msgs/install/mirs_msgs/include/mirs_msgs/mirs_msgs/msg/detail/basic_param__rosidl_typesupport_fastrtps_cpp.hpp
[6.149s] -- Up-to-date: /home/oumuika/Documents/mirs_msgs/install/mirs_msgs/include/mirs_msgs/mirs_msgs/msg/detail/dds_fastrtps
[6.149s] -- Up-to-date: /home/oumuika/Documents/mirs_msgs/install/mirs_msgs/include/mirs_msgs/mirs_msgs/msg/rosidl_typesupport_fastrtps_cpp__visibility_control.h
[6.149s] -- Up-to-date: /home/oumuika/Documents/mirs_msgs/install/mirs_msgs/include/mirs_msgs/mirs_msgs/srv
[6.149s] -- Up-to-date: /home/oumuika/Documents/mirs_msgs/install/mirs_msgs/include/mirs_msgs/mirs_msgs/srv/detail
[6.149s] -- Installing: /home/oumuika/Documents/mirs_msgs/install/mirs_msgs/include/mirs_msgs/mirs_msgs/srv/detail/basic_command__rosidl_typesupport_fastrtps_cpp.hpp
[6.149s] -- Installing: /home/oumuika/Documents/mirs_msgs/install/mirs_msgs/include/mirs_msgs/mirs_msgs/srv/detail/parameter_update__rosidl_typesupport_fastrtps_cpp.hpp
[6.149s] -- Installing: /home/oumuika/Documents/mirs_msgs/install/mirs_msgs/include/mirs_msgs/mirs_msgs/srv/detail/number_command__rosidl_typesupport_fastrtps_cpp.hpp
[6.149s] -- Up-to-date: /home/oumuika/Documents/mirs_msgs/install/mirs_msgs/include/mirs_msgs/mirs_msgs/srv/detail/dds_fastrtps
[6.149s] -- Installing: /home/oumuika/Documents/mirs_msgs/install/mirs_msgs/include/mirs_msgs/mirs_msgs/srv/detail/params__rosidl_typesupport_fastrtps_cpp.hpp
[6.150s] -- Installing: /home/oumuika/Documents/mirs_msgs/install/mirs_msgs/include/mirs_msgs/mirs_msgs/srv/detail/simple_command__rosidl_typesupport_fastrtps_cpp.hpp
[6.150s] -- Up-to-date: /home/oumuika/Documents/mirs_msgs/install/mirs_msgs/include/mirs_msgs/mirs_msgs/action
[6.150s] -- Up-to-date: /home/oumuika/Documents/mirs_msgs/install/mirs_msgs/include/mirs_msgs/mirs_msgs/action/detail
[6.150s] -- Installing: /home/oumuika/Documents/mirs_msgs/install/mirs_msgs/include/mirs_msgs/mirs_msgs/action/detail/trigger__rosidl_typesupport_fastrtps_cpp.hpp
[6.150s] -- Installing: /home/oumuika/Documents/mirs_msgs/install/mirs_msgs/include/mirs_msgs/mirs_msgs/action/detail/parameter_trigger__rosidl_typesupport_fastrtps_cpp.hpp
[6.150s] -- Installing: /home/oumuika/Documents/mirs_msgs/install/mirs_msgs/include/mirs_msgs/mirs_msgs/action/detail/dds_fastrtps
[6.150s] -- Installing: /home/oumuika/Documents/mirs_msgs/install/mirs_msgs/lib/libmirs_msgs__rosidl_typesupport_fastrtps_cpp.so
[6.151s] -- Set runtime path of "/home/oumuika/Documents/mirs_msgs/install/mirs_msgs/lib/libmirs_msgs__rosidl_typesupport_fastrtps_cpp.so" to ""
[6.151s] -- Up-to-date: /home/oumuika/Documents/mirs_msgs/install/mirs_msgs/include/mirs_msgs/mirs_msgs
[6.151s] -- Up-to-date: /home/oumuika/Documents/mirs_msgs/install/mirs_msgs/include/mirs_msgs/mirs_msgs/msg
[6.152s] -- Up-to-date: /home/oumuika/Documents/mirs_msgs/install/mirs_msgs/include/mirs_msgs/mirs_msgs/msg/detail
[6.152s] -- Installing: /home/oumuika/Documents/mirs_msgs/install/mirs_msgs/include/mirs_msgs/mirs_msgs/msg/detail/basic_param__rosidl_typesupport_introspection_cpp.hpp
[6.152s] -- Installing: /home/oumuika/Documents/mirs_msgs/install/mirs_msgs/include/mirs_msgs/mirs_msgs/msg/detail/basic_param__type_support.cpp
[6.152s] -- Up-to-date: /home/oumuika/Documents/mirs_msgs/install/mirs_msgs/include/mirs_msgs/mirs_msgs/srv
[6.152s] -- Up-to-date: /home/oumuika/Documents/mirs_msgs/install/mirs_msgs/include/mirs_msgs/mirs_msgs/srv/detail
[6.152s] -- Installing: /home/oumuika/Documents/mirs_msgs/install/mirs_msgs/include/mirs_msgs/mirs_msgs/srv/detail/basic_command__type_support.cpp
[6.152s] -- Installing: /home/oumuika/Documents/mirs_msgs/install/mirs_msgs/include/mirs_msgs/mirs_msgs/srv/detail/number_command__rosidl_typesupport_introspection_cpp.hpp
[6.152s] -- Installing: /home/oumuika/Documents/mirs_msgs/install/mirs_msgs/include/mirs_msgs/mirs_msgs/srv/detail/simple_command__rosidl_typesupport_introspection_cpp.hpp
[6.152s] -- Installing: /home/oumuika/Documents/mirs_msgs/install/mirs_msgs/include/mirs_msgs/mirs_msgs/srv/detail/parameter_update__type_support.cpp
[6.153s] -- Installing: /home/oumuika/Documents/mirs_msgs/install/mirs_msgs/include/mirs_msgs/mirs_msgs/srv/detail/params__rosidl_typesupport_introspection_cpp.hpp
[6.153s] -- Installing: /home/oumuika/Documents/mirs_msgs/install/mirs_msgs/include/mirs_msgs/mirs_msgs/srv/detail/number_command__type_support.cpp
[6.153s] -- Installing: /home/oumuika/Documents/mirs_msgs/install/mirs_msgs/include/mirs_msgs/mirs_msgs/srv/detail/params__type_support.cpp
[6.153s] -- Installing: /home/oumuika/Documents/mirs_msgs/install/mirs_msgs/include/mirs_msgs/mirs_msgs/srv/detail/parameter_update__rosidl_typesupport_introspection_cpp.hpp
[6.153s] -- Installing: /home/oumuika/Documents/mirs_msgs/install/mirs_msgs/include/mirs_msgs/mirs_msgs/srv/detail/simple_command__type_support.cpp
[6.153s] -- Installing: /home/oumuika/Documents/mirs_msgs/install/mirs_msgs/include/mirs_msgs/mirs_msgs/srv/detail/basic_command__rosidl_typesupport_introspection_cpp.hpp
[6.153s] -- Up-to-date: /home/oumuika/Documents/mirs_msgs/install/mirs_msgs/include/mirs_msgs/mirs_msgs/action
[6.154s] -- Up-to-date: /home/oumuika/Documents/mirs_msgs/install/mirs_msgs/include/mirs_msgs/mirs_msgs/action/detail
[6.154s] -- Installing: /home/oumuika/Documents/mirs_msgs/install/mirs_msgs/include/mirs_msgs/mirs_msgs/action/detail/trigger__type_support.cpp
[6.154s] -- Installing: /home/oumuika/Documents/mirs_msgs/install/mirs_msgs/include/mirs_msgs/mirs_msgs/action/detail/parameter_trigger__rosidl_typesupport_introspection_cpp.hpp
[6.154s] -- Installing: /home/oumuika/Documents/mirs_msgs/install/mirs_msgs/include/mirs_msgs/mirs_msgs/action/detail/trigger__rosidl_typesupport_introspection_cpp.hpp
[6.154s] -- Installing: /home/oumuika/Documents/mirs_msgs/install/mirs_msgs/include/mirs_msgs/mirs_msgs/action/detail/parameter_trigger__type_support.cpp
[6.154s] -- Installing: /home/oumuika/Documents/mirs_msgs/install/mirs_msgs/lib/libmirs_msgs__rosidl_typesupport_introspection_cpp.so
[6.155s] -- Set runtime path of "/home/oumuika/Documents/mirs_msgs/install/mirs_msgs/lib/libmirs_msgs__rosidl_typesupport_introspection_cpp.so" to ""
[6.155s] -- Installing: /home/oumuika/Documents/mirs_msgs/install/mirs_msgs/lib/libmirs_msgs__rosidl_typesupport_cpp.so
[6.155s] -- Set runtime path of "/home/oumuika/Documents/mirs_msgs/install/mirs_msgs/lib/libmirs_msgs__rosidl_typesupport_cpp.so" to ""
[6.156s] -- Up-to-date: /home/oumuika/Documents/mirs_msgs/install/mirs_msgs/share/mirs_msgs/environment/pythonpath.sh
[6.156s] -- Installing: /home/oumuika/Documents/mirs_msgs/install/mirs_msgs/share/mirs_msgs/environment/pythonpath.dsv
[6.156s] -- Up-to-date: /home/oumuika/Documents/mirs_msgs/install/mirs_msgs/local/lib/python3.10/dist-packages/mirs_msgs-0.0.1-py3.10.egg-info
[6.156s] -- Installing: /home/oumuika/Documents/mirs_msgs/install/mirs_msgs/local/lib/python3.10/dist-packages/mirs_msgs-0.0.1-py3.10.egg-info/SOURCES.txt
[6.156s] -- Installing: /home/oumuika/Documents/mirs_msgs/install/mirs_msgs/local/lib/python3.10/dist-packages/mirs_msgs-0.0.1-py3.10.egg-info/top_level.txt
[6.156s] -- Installing: /home/oumuika/Documents/mirs_msgs/install/mirs_msgs/local/lib/python3.10/dist-packages/mirs_msgs-0.0.1-py3.10.egg-info/PKG-INFO
[6.156s] -- Installing: /home/oumuika/Documents/mirs_msgs/install/mirs_msgs/local/lib/python3.10/dist-packages/mirs_msgs-0.0.1-py3.10.egg-info/dependency_links.txt
[6.156s] -- Up-to-date: /home/oumuika/Documents/mirs_msgs/install/mirs_msgs/local/lib/python3.10/dist-packages/mirs_msgs
[6.157s] -- Installing: /home/oumuika/Documents/mirs_msgs/install/mirs_msgs/local/lib/python3.10/dist-packages/mirs_msgs/__init__.py
[6.157s] -- Installing: /home/oumuika/Documents/mirs_msgs/install/mirs_msgs/local/lib/python3.10/dist-packages/mirs_msgs/libmirs_msgs__rosidl_generator_py.so
[6.157s] -- Installing: /home/oumuika/Documents/mirs_msgs/install/mirs_msgs/local/lib/python3.10/dist-packages/mirs_msgs/mirs_msgs_s__rosidl_typesupport_c.cpython-310-x86_64-linux-gnu.so
[6.157s] -- Up-to-date: /home/oumuika/Documents/mirs_msgs/install/mirs_msgs/local/lib/python3.10/dist-packages/mirs_msgs/msg
[6.157s] -- Installing: /home/oumuika/Documents/mirs_msgs/install/mirs_msgs/local/lib/python3.10/dist-packages/mirs_msgs/msg/__init__.py
[6.157s] -- Installing: /home/oumuika/Documents/mirs_msgs/install/mirs_msgs/local/lib/python3.10/dist-packages/mirs_msgs/msg/_basic_param_s.c
[6.158s] -- Installing: /home/oumuika/Documents/mirs_msgs/install/mirs_msgs/local/lib/python3.10/dist-packages/mirs_msgs/msg/_basic_param.py
[6.158s] -- Up-to-date: /home/oumuika/Documents/mirs_msgs/install/mirs_msgs/local/lib/python3.10/dist-packages/mirs_msgs/srv
[6.158s] -- Installing: /home/oumuika/Documents/mirs_msgs/install/mirs_msgs/local/lib/python3.10/dist-packages/mirs_msgs/srv/__init__.py
[6.158s] -- Installing: /home/oumuika/Documents/mirs_msgs/install/mirs_msgs/local/lib/python3.10/dist-packages/mirs_msgs/srv/_simple_command.py
[6.158s] -- Installing: /home/oumuika/Documents/mirs_msgs/install/mirs_msgs/local/lib/python3.10/dist-packages/mirs_msgs/srv/_basic_command_s.c
[6.158s] -- Installing: /home/oumuika/Documents/mirs_msgs/install/mirs_msgs/local/lib/python3.10/dist-packages/mirs_msgs/srv/_parameter_update.py
[6.158s] -- Installing: /home/oumuika/Documents/mirs_msgs/install/mirs_msgs/local/lib/python3.10/dist-packages/mirs_msgs/srv/_params.py
[6.159s] -- Installing: /home/oumuika/Documents/mirs_msgs/install/mirs_msgs/local/lib/python3.10/dist-packages/mirs_msgs/srv/_number_command.py
[6.159s] -- Installing: /home/oumuika/Documents/mirs_msgs/install/mirs_msgs/local/lib/python3.10/dist-packages/mirs_msgs/srv/_params_s.c
[6.159s] -- Installing: /home/oumuika/Documents/mirs_msgs/install/mirs_msgs/local/lib/python3.10/dist-packages/mirs_msgs/srv/_basic_command.py
[6.159s] -- Installing: /home/oumuika/Documents/mirs_msgs/install/mirs_msgs/local/lib/python3.10/dist-packages/mirs_msgs/srv/_parameter_update_s.c
[6.159s] -- Installing: /home/oumuika/Documents/mirs_msgs/install/mirs_msgs/local/lib/python3.10/dist-packages/mirs_msgs/srv/_simple_command_s.c
[6.159s] -- Installing: /home/oumuika/Documents/mirs_msgs/install/mirs_msgs/local/lib/python3.10/dist-packages/mirs_msgs/srv/_number_command_s.c
[6.160s] -- Installing: /home/oumuika/Documents/mirs_msgs/install/mirs_msgs/local/lib/python3.10/dist-packages/mirs_msgs/_mirs_msgs_s.ep.rosidl_typesupport_introspection_c.c
[6.160s] -- Installing: /home/oumuika/Documents/mirs_msgs/install/mirs_msgs/local/lib/python3.10/dist-packages/mirs_msgs/_mirs_msgs_s.ep.rosidl_typesupport_c.c
[6.160s] -- Installing: /home/oumuika/Documents/mirs_msgs/install/mirs_msgs/local/lib/python3.10/dist-packages/mirs_msgs/_mirs_msgs_s.ep.rosidl_typesupport_fastrtps_c.c
[6.161s] -- Installing: /home/oumuika/Documents/mirs_msgs/install/mirs_msgs/local/lib/python3.10/dist-packages/mirs_msgs/mirs_msgs_s__rosidl_typesupport_fastrtps_c.cpython-310-x86_64-linux-gnu.so
[6.161s] -- Installing: /home/oumuika/Documents/mirs_msgs/install/mirs_msgs/local/lib/python3.10/dist-packages/mirs_msgs/action
[6.161s] -- Installing: /home/oumuika/Documents/mirs_msgs/install/mirs_msgs/local/lib/python3.10/dist-packages/mirs_msgs/action/_trigger_s.c
[6.161s] -- Installing: /home/oumuika/Documents/mirs_msgs/install/mirs_msgs/local/lib/python3.10/dist-packages/mirs_msgs/action/__init__.py
[6.161s] -- Installing: /home/oumuika/Documents/mirs_msgs/install/mirs_msgs/local/lib/python3.10/dist-packages/mirs_msgs/action/_parameter_trigger_s.c
[6.162s] -- Installing: /home/oumuika/Documents/mirs_msgs/install/mirs_msgs/local/lib/python3.10/dist-packages/mirs_msgs/action/_trigger.py
[6.162s] -- Installing: /home/oumuika/Documents/mirs_msgs/install/mirs_msgs/local/lib/python3.10/dist-packages/mirs_msgs/action/_parameter_trigger.py
[6.162s] -- Installing: /home/oumuika/Documents/mirs_msgs/install/mirs_msgs/local/lib/python3.10/dist-packages/mirs_msgs/mirs_msgs_s__rosidl_typesupport_introspection_c.cpython-310-x86_64-linux-gnu.so
[6.202s] Listing '/home/oumuika/Documents/mirs_msgs/install/mirs_msgs/local/lib/python3.10/dist-packages/mirs_msgs'...
[6.203s] Compiling '/home/oumuika/Documents/mirs_msgs/install/mirs_msgs/local/lib/python3.10/dist-packages/mirs_msgs/__init__.py'...
[6.203s] Listing '/home/oumuika/Documents/mirs_msgs/install/mirs_msgs/local/lib/python3.10/dist-packages/mirs_msgs/action'...
[6.203s] Compiling '/home/oumuika/Documents/mirs_msgs/install/mirs_msgs/local/lib/python3.10/dist-packages/mirs_msgs/action/__init__.py'...
[6.203s] Compiling '/home/oumuika/Documents/mirs_msgs/install/mirs_msgs/local/lib/python3.10/dist-packages/mirs_msgs/action/_parameter_trigger.py'...
[6.203s] Compiling '/home/oumuika/Documents/mirs_msgs/install/mirs_msgs/local/lib/python3.10/dist-packages/mirs_msgs/action/_trigger.py'...
[6.203s] Listing '/home/oumuika/Documents/mirs_msgs/install/mirs_msgs/local/lib/python3.10/dist-packages/mirs_msgs/msg'...
[6.203s] Compiling '/home/oumuika/Documents/mirs_msgs/install/mirs_msgs/local/lib/python3.10/dist-packages/mirs_msgs/msg/__init__.py'...
[6.203s] Compiling '/home/oumuika/Documents/mirs_msgs/install/mirs_msgs/local/lib/python3.10/dist-packages/mirs_msgs/msg/_basic_param.py'...
[6.203s] Listing '/home/oumuika/Documents/mirs_msgs/install/mirs_msgs/local/lib/python3.10/dist-packages/mirs_msgs/srv'...
[6.203s] Compiling '/home/oumuika/Documents/mirs_msgs/install/mirs_msgs/local/lib/python3.10/dist-packages/mirs_msgs/srv/__init__.py'...
[6.203s] Compiling '/home/oumuika/Documents/mirs_msgs/install/mirs_msgs/local/lib/python3.10/dist-packages/mirs_msgs/srv/_basic_command.py'...
[6.204s] Compiling '/home/oumuika/Documents/mirs_msgs/install/mirs_msgs/local/lib/python3.10/dist-packages/mirs_msgs/srv/_number_command.py'...
[6.204s] Compiling '/home/oumuika/Documents/mirs_msgs/install/mirs_msgs/local/lib/python3.10/dist-packages/mirs_msgs/srv/_parameter_update.py'...
[6.204s] Compiling '/home/oumuika/Documents/mirs_msgs/install/mirs_msgs/local/lib/python3.10/dist-packages/mirs_msgs/srv/_params.py'...
[6.204s] Compiling '/home/oumuika/Documents/mirs_msgs/install/mirs_msgs/local/lib/python3.10/dist-packages/mirs_msgs/srv/_simple_command.py'...
[6.206s] -- Installing: /home/oumuika/Documents/mirs_msgs/install/mirs_msgs/local/lib/python3.10/dist-packages/mirs_msgs/mirs_msgs_s__rosidl_typesupport_fastrtps_c.cpython-310-x86_64-linux-gnu.so
[6.206s] -- Set runtime path of "/home/oumuika/Documents/mirs_msgs/install/mirs_msgs/local/lib/python3.10/dist-packages/mirs_msgs/mirs_msgs_s__rosidl_typesupport_fastrtps_c.cpython-310-x86_64-linux-gnu.so" to ""
[6.207s] -- Installing: /home/oumuika/Documents/mirs_msgs/install/mirs_msgs/local/lib/python3.10/dist-packages/mirs_msgs/mirs_msgs_s__rosidl_typesupport_introspection_c.cpython-310-x86_64-linux-gnu.so
[6.207s] -- Set runtime path of "/home/oumuika/Documents/mirs_msgs/install/mirs_msgs/local/lib/python3.10/dist-packages/mirs_msgs/mirs_msgs_s__rosidl_typesupport_introspection_c.cpython-310-x86_64-linux-gnu.so" to ""
[6.207s] -- Installing: /home/oumuika/Documents/mirs_msgs/install/mirs_msgs/local/lib/python3.10/dist-packages/mirs_msgs/mirs_msgs_s__rosidl_typesupport_c.cpython-310-x86_64-linux-gnu.so
[6.208s] -- Set runtime path of "/home/oumuika/Documents/mirs_msgs/install/mirs_msgs/local/lib/python3.10/dist-packages/mirs_msgs/mirs_msgs_s__rosidl_typesupport_c.cpython-310-x86_64-linux-gnu.so" to ""
[6.208s] -- Installing: /home/oumuika/Documents/mirs_msgs/install/mirs_msgs/lib/libmirs_msgs__rosidl_generator_py.so
[6.208s] -- Set runtime path of "/home/oumuika/Documents/mirs_msgs/install/mirs_msgs/lib/libmirs_msgs__rosidl_generator_py.so" to ""
[6.209s] -- Up-to-date: /home/oumuika/Documents/mirs_msgs/install/mirs_msgs/share/mirs_msgs/srv/Params.idl
[6.209s] -- Up-to-date: /home/oumuika/Documents/mirs_msgs/install/mirs_msgs/share/mirs_msgs/srv/ParameterUpdate.idl
[6.209s] -- Up-to-date: /home/oumuika/Documents/mirs_msgs/install/mirs_msgs/share/mirs_msgs/srv/SimpleCommand.idl
[6.209s] -- Up-to-date: /home/oumuika/Documents/mirs_msgs/install/mirs_msgs/share/mirs_msgs/srv/BasicCommand.idl
[6.209s] -- Up-to-date: /home/oumuika/Documents/mirs_msgs/install/mirs_msgs/share/mirs_msgs/srv/NumberCommand.idl
[6.209s] -- Up-to-date: /home/oumuika/Documents/mirs_msgs/install/mirs_msgs/share/mirs_msgs/msg/BasicParam.idl
[6.209s] -- Installing: /home/oumuika/Documents/mirs_msgs/install/mirs_msgs/share/mirs_msgs/action/Trigger.idl
[6.209s] -- Installing: /home/oumuika/Documents/mirs_msgs/install/mirs_msgs/share/mirs_msgs/action/ParameterTrigger.idl
[6.210s] -- Up-to-date: /home/oumuika/Documents/mirs_msgs/install/mirs_msgs/share/mirs_msgs/srv/Params.srv
[6.210s] -- Up-to-date: /home/oumuika/Documents/mirs_msgs/install/mirs_msgs/share/mirs_msgs/srv/Params_Request.msg
[6.210s] -- Up-to-date: /home/oumuika/Documents/mirs_msgs/install/mirs_msgs/share/mirs_msgs/srv/Params_Response.msg
[6.210s] -- Up-to-date: /home/oumuika/Documents/mirs_msgs/install/mirs_msgs/share/mirs_msgs/srv/ParameterUpdate.srv
[6.210s] -- Up-to-date: /home/oumuika/Documents/mirs_msgs/install/mirs_msgs/share/mirs_msgs/srv/ParameterUpdate_Request.msg
[6.210s] -- Up-to-date: /home/oumuika/Documents/mirs_msgs/install/mirs_msgs/share/mirs_msgs/srv/ParameterUpdate_Response.msg
[6.210s] -- Up-to-date: /home/oumuika/Documents/mirs_msgs/install/mirs_msgs/share/mirs_msgs/srv/SimpleCommand.srv
[6.210s] -- Up-to-date: /home/oumuika/Documents/mirs_msgs/install/mirs_msgs/share/mirs_msgs/srv/SimpleCommand_Request.msg
[6.210s] -- Up-to-date: /home/oumuika/Documents/mirs_msgs/install/mirs_msgs/share/mirs_msgs/srv/SimpleCommand_Response.msg
[6.211s] -- Up-to-date: /home/oumuika/Documents/mirs_msgs/install/mirs_msgs/share/mirs_msgs/srv/BasicCommand.srv
[6.211s] -- Up-to-date: /home/oumuika/Documents/mirs_msgs/install/mirs_msgs/share/mirs_msgs/srv/BasicCommand_Request.msg
[6.211s] -- Up-to-date: /home/oumuika/Documents/mirs_msgs/install/mirs_msgs/share/mirs_msgs/srv/BasicCommand_Response.msg
[6.211s] -- Up-to-date: /home/oumuika/Documents/mirs_msgs/install/mirs_msgs/share/mirs_msgs/srv/NumberCommand.srv
[6.211s] -- Up-to-date: /home/oumuika/Documents/mirs_msgs/install/mirs_msgs/share/mirs_msgs/srv/NumberCommand_Request.msg
[6.211s] -- Up-to-date: /home/oumuika/Documents/mirs_msgs/install/mirs_msgs/share/mirs_msgs/srv/NumberCommand_Response.msg
[6.211s] -- Up-to-date: /home/oumuika/Documents/mirs_msgs/install/mirs_msgs/share/mirs_msgs/msg/BasicParam.msg
[6.211s] -- Installing: /home/oumuika/Documents/mirs_msgs/install/mirs_msgs/share/mirs_msgs/action/Trigger.action
[6.211s] -- Installing: /home/oumuika/Documents/mirs_msgs/install/mirs_msgs/share/mirs_msgs/action/ParameterTrigger.action
[6.211s] -- Up-to-date: /home/oumuika/Documents/mirs_msgs/install/mirs_msgs/share/ament_index/resource_index/package_run_dependencies/mirs_msgs
[6.212s] -- Up-to-date: /home/oumuika/Documents/mirs_msgs/install/mirs_msgs/share/ament_index/resource_index/parent_prefix_path/mirs_msgs
[6.212s] -- Up-to-date: /home/oumuika/Documents/mirs_msgs/install/mirs_msgs/share/mirs_msgs/environment/ament_prefix_path.sh
[6.212s] -- Installing: /home/oumuika/Documents/mirs_msgs/install/mirs_msgs/share/mirs_msgs/environment/ament_prefix_path.dsv
[6.212s] -- Up-to-date: /home/oumuika/Documents/mirs_msgs/install/mirs_msgs/share/mirs_msgs/environment/path.sh
[6.212s] -- Installing: /home/oumuika/Documents/mirs_msgs/install/mirs_msgs/share/mirs_msgs/environment/path.dsv
[6.212s] -- Up-to-date: /home/oumuika/Documents/mirs_msgs/install/mirs_msgs/share/mirs_msgs/local_setup.bash
[6.212s] -- Up-to-date: /home/oumuika/Documents/mirs_msgs/install/mirs_msgs/share/mirs_msgs/local_setup.sh
[6.212s] -- Up-to-date: /home/oumuika/Documents/mirs_msgs/install/mirs_msgs/share/mirs_msgs/local_setup.zsh
[6.212s] -- Installing: /home/oumuika/Documents/mirs_msgs/install/mirs_msgs/share/mirs_msgs/local_setup.dsv
[6.213s] -- Installing: /home/oumuika/Documents/mirs_msgs/install/mirs_msgs/share/mirs_msgs/package.dsv
[6.213s] -- Up-to-date: /home/oumuika/Documents/mirs_msgs/install/mirs_msgs/share/ament_index/resource_index/packages/mirs_msgs
[6.213s] -- Old export file "/home/oumuika/Documents/mirs_msgs/install/mirs_msgs/share/mirs_msgs/cmake/export_mirs_msgs__rosidl_generator_cExport.cmake" will be replaced.  Removing files [/home/oumuika/Documents/mirs_msgs/install/mirs_msgs/share/mirs_msgs/cmake/export_mirs_msgs__rosidl_generator_cExport-noconfig.cmake].
[6.213s] -- Installing: /home/oumuika/Documents/mirs_msgs/install/mirs_msgs/share/mirs_msgs/cmake/export_mirs_msgs__rosidl_generator_cExport.cmake
[6.213s] -- Installing: /home/oumuika/Documents/mirs_msgs/install/mirs_msgs/share/mirs_msgs/cmake/export_mirs_msgs__rosidl_generator_cExport-noconfig.cmake
[6.213s] -- Old export file "/home/oumuika/Documents/mirs_msgs/install/mirs_msgs/share/mirs_msgs/cmake/export_mirs_msgs__rosidl_typesupport_fastrtps_cExport.cmake" will be replaced.  Removing files [/home/oumuika/Documents/mirs_msgs/install/mirs_msgs/share/mirs_msgs/cmake/export_mirs_msgs__rosidl_typesupport_fastrtps_cExport-noconfig.cmake].
[6.213s] -- Installing: /home/oumuika/Documents/mirs_msgs/install/mirs_msgs/share/mirs_msgs/cmake/export_mirs_msgs__rosidl_typesupport_fastrtps_cExport.cmake
[6.213s] -- Installing: /home/oumuika/Documents/mirs_msgs/install/mirs_msgs/share/mirs_msgs/cmake/export_mirs_msgs__rosidl_typesupport_fastrtps_cExport-noconfig.cmake
[6.214s] -- Old export file "/home/oumuika/Documents/mirs_msgs/install/mirs_msgs/share/mirs_msgs/cmake/mirs_msgs__rosidl_typesupport_introspection_cExport.cmake" will be replaced.  Removing files [/home/oumuika/Documents/mirs_msgs/install/mirs_msgs/share/mirs_msgs/cmake/mirs_msgs__rosidl_typesupport_introspection_cExport-noconfig.cmake].
[6.214s] -- Installing: /home/oumuika/Documents/mirs_msgs/install/mirs_msgs/share/mirs_msgs/cmake/mirs_msgs__rosidl_typesupport_introspection_cExport.cmake
[6.214s] -- Installing: /home/oumuika/Documents/mirs_msgs/install/mirs_msgs/share/mirs_msgs/cmake/mirs_msgs__rosidl_typesupport_introspection_cExport-noconfig.cmake
[6.214s] -- Old export file "/home/oumuika/Documents/mirs_msgs/install/mirs_msgs/share/mirs_msgs/cmake/mirs_msgs__rosidl_typesupport_cExport.cmake" will be replaced.  Removing files [/home/oumuika/Documents/mirs_msgs/install/mirs_msgs/share/mirs_msgs/cmake/mirs_msgs__rosidl_typesupport_cExport-noconfig.cmake].
[6.214s] -- Installing: /home/oumuika/Documents/mirs_msgs/install/mirs_msgs/share/mirs_msgs/cmake/mirs_msgs__rosidl_typesupport_cExport.cmake
[6.214s] -- Installing: /home/oumuika/Documents/mirs_msgs/install/mirs_msgs/share/mirs_msgs/cmake/mirs_msgs__rosidl_typesupport_cExport-noconfig.cmake
[6.214s] -- Installing: /home/oumuika/Documents/mirs_msgs/install/mirs_msgs/share/mirs_msgs/cmake/export_mirs_msgs__rosidl_generator_cppExport.cmake
[6.214s] -- Old export file "/home/oumuika/Documents/mirs_msgs/install/mirs_msgs/share/mirs_msgs/cmake/export_mirs_msgs__rosidl_typesupport_fastrtps_cppExport.cmake" will be replaced.  Removing files [/home/oumuika/Documents/mirs_msgs/install/mirs_msgs/share/mirs_msgs/cmake/export_mirs_msgs__rosidl_typesupport_fastrtps_cppExport-noconfig.cmake].
[6.214s] -- Installing: /home/oumuika/Documents/mirs_msgs/install/mirs_msgs/share/mirs_msgs/cmake/export_mirs_msgs__rosidl_typesupport_fastrtps_cppExport.cmake
[6.215s] -- Installing: /home/oumuika/Documents/mirs_msgs/install/mirs_msgs/share/mirs_msgs/cmake/export_mirs_msgs__rosidl_typesupport_fastrtps_cppExport-noconfig.cmake
[6.215s] -- Old export file "/home/oumuika/Documents/mirs_msgs/install/mirs_msgs/share/mirs_msgs/cmake/mirs_msgs__rosidl_typesupport_introspection_cppExport.cmake" will be replaced.  Removing files [/home/oumuika/Documents/mirs_msgs/install/mirs_msgs/share/mirs_msgs/cmake/mirs_msgs__rosidl_typesupport_introspection_cppExport-noconfig.cmake].
[6.215s] -- Installing: /home/oumuika/Documents/mirs_msgs/install/mirs_msgs/share/mirs_msgs/cmake/mirs_msgs__rosidl_typesupport_introspection_cppExport.cmake
[6.215s] -- Installing: /home/oumuika/Documents/mirs_msgs/install/mirs_msgs/share/mirs_msgs/cmake/mirs_msgs__rosidl_typesupport_introspection_cppExport-noconfig.cmake
[6.215s] -- Old export file "/home/oumuika/Documents/mirs_msgs/install/mirs_msgs/share/mirs_msgs/cmake/mirs_msgs__rosidl_typesupport_cppExport.cmake" will be replaced.  Removing files [/home/oumuika/Documents/mirs_msgs/install/mirs_msgs/share/mirs_msgs/cmake/mirs_msgs__rosidl_typesupport_cppExport-noconfig.cmake].
[6.215s] -- Installing: /home/oumuika/Documents/mirs_msgs/install/mirs_msgs/share/mirs_msgs/cmake/mirs_msgs__rosidl_typesupport_cppExport.cmake
[6.215s] -- Installing: /home/oumuika/Documents/mirs_msgs/install/mirs_msgs/share/mirs_msgs/cmake/mirs_msgs__rosidl_typesupport_cppExport-noconfig.cmake
[6.215s] -- Old export file "/home/oumuika/Documents/mirs_msgs/install/mirs_msgs/share/mirs_msgs/cmake/export_mirs_msgs__rosidl_generator_pyExport.cmake" will be replaced.  Removing files [/home/oumuika/Documents/mirs_msgs/install/mirs_msgs/share/mirs_msgs/cmake/export_mirs_msgs__rosidl_generator_pyExport-noconfig.cmake].
[6.216s] -- Installing: /home/oumuika/Documents/mirs_msgs/install/mirs_msgs/share/mirs_msgs/cmake/export_mirs_msgs__rosidl_generator_pyExport.cmake
[6.216s] -- Installing: /home/oumuika/Documents/mirs_msgs/install/mirs_msgs/share/mirs_msgs/cmake/export_mirs_msgs__rosidl_generator_pyExport-noconfig.cmake
[6.216s] -- Installing: /home/oumuika/Documents/mirs_msgs/install/mirs_msgs/share/mirs_msgs/cmake/rosidl_cmake-extras.cmake
[6.216s] -- Installing: /home/oumuika/Documents/mirs_msgs/install/mirs_msgs/share/mirs_msgs/cmake/ament_cmake_export_dependencies-extras.cmake
[6.216s] -- Up-to-date: /home/oumuika/Documents/mirs_msgs/install/mirs_msgs/share/mirs_msgs/cmake/ament_cmake_export_include_directories-extras.cmake
[6.216s] -- Up-to-date: /home/oumuika/Documents/mirs_msgs/install/mirs_msgs/share/mirs_msgs/cmake/ament_cmake_export_libraries-extras.cmake
[6.216s] -- Up-to-date: /home/oumuika/Documents/mirs_msgs/install/mirs_msgs/share/mirs_msgs/cmake/ament_cmake_export_targets-extras.cmake
[6.216s] -- Up-to-date: /home/oumuika/Documents/mirs_msgs/install/mirs_msgs/share/mirs_msgs/cmake/rosidl_cmake_export_typesupport_targets-extras.cmake
[6.216s] -- Up-to-date: /home/oumuika/Documents/mirs_msgs/install/mirs_msgs/share/mirs_msgs/cmake/rosidl_cmake_export_typesupport_libraries-extras.cmake
[6.216s] -- Installing: /home/oumuika/Documents/mirs_msgs/install/mirs_msgs/share/mirs_msgs/cmake/mirs_msgsConfig.cmake
[6.216s] -- Up-to-date: /home/oumuika/Documents/mirs_msgs/install/mirs_msgs/share/mirs_msgs/cmake/mirs_msgsConfig-version.cmake
[6.217s] -- Up-to-date: /home/oumuika/Documents/mirs_msgs/install/mirs_msgs/share/mirs_msgs/package.xml
[6.218s] Invoked command in '/home/oumuika/Documents/mirs_msgs/build/mirs_msgs' returned '0': CMAKE_PREFIX_PATH=/opt/ros/humble /usr/bin/cmake --install /home/oumuika/Documents/mirs_msgs/build/mirs_msgs
