[0.074s] DEBUG:colcon:Command line arguments: ['/usr/bin/colcon', 'build']
[0.074s] DEBUG:colcon:Parsed command line arguments: Namespace(log_base=None, log_level=None, verb_name='build', build_base='build', install_base='install', merge_install=False, symlink_install=False, test_result_base=None, continue_on_error=False, executor='parallel', parallel_workers=16, event_handlers=None, ignore_user_meta=False, metas=['./colcon.meta'], base_paths=['.'], packages_ignore=None, packages_ignore_regex=None, paths=None, packages_up_to=None, packages_up_to_regex=None, packages_above=None, packages_above_and_dependencies=None, packages_above_depth=None, packages_select_by_dep=None, packages_skip_by_dep=None, packages_skip_up_to=None, packages_select_build_failed=False, packages_skip_build_finished=False, packages_select_test_failures=False, packages_skip_test_passed=False, packages_select=None, packages_skip=None, packages_select_regex=None, packages_skip_regex=None, packages_start=None, packages_end=None, allow_overriding=[], cmake_args=None, cmake_target=None, cmake_target_skip_unavailable=False, cmake_clean_cache=False, cmake_clean_first=False, cmake_force_configure=False, ament_cmake_args=None, catkin_cmake_args=None, catkin_skip_building_tests=False, verb_parser=<colcon_defaults.argument_parser.defaults.DefaultArgumentsDecorator object at 0x71b8b6ddd7b0>, verb_extension=<colcon_core.verb.build.BuildVerb object at 0x71b8b6ddceb0>, main=<bound method BuildVerb.main of <colcon_core.verb.build.BuildVerb object at 0x71b8b6ddceb0>>)
[0.209s] Level 1:colcon.colcon_core.package_discovery:discover_packages(colcon_meta) check parameters
[0.209s] Level 1:colcon.colcon_core.package_discovery:discover_packages(recursive) check parameters
[0.209s] Level 1:colcon.colcon_core.package_discovery:discover_packages(ignore) check parameters
[0.209s] Level 1:colcon.colcon_core.package_discovery:discover_packages(path) check parameters
[0.209s] Level 1:colcon.colcon_core.package_discovery:discover_packages(colcon_meta) discover
[0.209s] Level 1:colcon.colcon_core.package_discovery:discover_packages(recursive) discover
[0.209s] INFO:colcon.colcon_core.package_discovery:Crawling recursively for packages in '/home/oumuika/Documents/mirs_msgs'
[0.209s] Level 1:colcon.colcon_core.package_identification:_identify(.) by extensions ['ignore', 'ignore_ament_install']
[0.209s] Level 1:colcon.colcon_core.package_identification:_identify(.) by extension 'ignore'
[0.209s] Level 1:colcon.colcon_core.package_identification:_identify(.) by extension 'ignore_ament_install'
[0.209s] Level 1:colcon.colcon_core.package_identification:_identify(.) by extensions ['colcon_pkg']
[0.209s] Level 1:colcon.colcon_core.package_identification:_identify(.) by extension 'colcon_pkg'
[0.209s] Level 1:colcon.colcon_core.package_identification:_identify(.) by extensions ['colcon_meta']
[0.209s] Level 1:colcon.colcon_core.package_identification:_identify(.) by extension 'colcon_meta'
[0.209s] Level 1:colcon.colcon_core.package_identification:_identify(.) by extensions ['ros']
[0.209s] Level 1:colcon.colcon_core.package_identification:_identify(.) by extension 'ros'
[0.219s] DEBUG:colcon.colcon_core.package_identification:Package '.' with type 'ros.ament_cmake' and name 'mirs_msgs'
[0.219s] Level 1:colcon.colcon_core.package_discovery:discover_packages(recursive) using defaults
[0.219s] Level 1:colcon.colcon_core.package_discovery:discover_packages(ignore) discover
[0.219s] Level 1:colcon.colcon_core.package_discovery:discover_packages(ignore) using defaults
[0.219s] Level 1:colcon.colcon_core.package_discovery:discover_packages(path) discover
[0.219s] Level 1:colcon.colcon_core.package_discovery:discover_packages(path) using defaults
[0.233s] Level 1:colcon.colcon_core.package_discovery:discover_packages(prefix_path) check parameters
[0.233s] Level 1:colcon.colcon_core.package_discovery:discover_packages(prefix_path) discover
[0.235s] DEBUG:colcon.colcon_installed_package_information.package_discovery:Found 406 installed packages in /opt/ros/humble
[0.243s] Level 1:colcon.colcon_core.package_discovery:discover_packages(prefix_path) using defaults
[0.280s] Level 5:colcon.colcon_core.verb:set package 'mirs_msgs' build argument 'cmake_args' from command line to 'None'
[0.280s] Level 5:colcon.colcon_core.verb:set package 'mirs_msgs' build argument 'cmake_target' from command line to 'None'
[0.280s] Level 5:colcon.colcon_core.verb:set package 'mirs_msgs' build argument 'cmake_target_skip_unavailable' from command line to 'False'
[0.280s] Level 5:colcon.colcon_core.verb:set package 'mirs_msgs' build argument 'cmake_clean_cache' from command line to 'False'
[0.280s] Level 5:colcon.colcon_core.verb:set package 'mirs_msgs' build argument 'cmake_clean_first' from command line to 'False'
[0.280s] Level 5:colcon.colcon_core.verb:set package 'mirs_msgs' build argument 'cmake_force_configure' from command line to 'False'
[0.280s] Level 5:colcon.colcon_core.verb:set package 'mirs_msgs' build argument 'ament_cmake_args' from command line to 'None'
[0.280s] Level 5:colcon.colcon_core.verb:set package 'mirs_msgs' build argument 'catkin_cmake_args' from command line to 'None'
[0.280s] Level 5:colcon.colcon_core.verb:set package 'mirs_msgs' build argument 'catkin_skip_building_tests' from command line to 'False'
[0.280s] DEBUG:colcon.colcon_core.verb:Building package 'mirs_msgs' with the following arguments: {'ament_cmake_args': None, 'build_base': '/home/oumuika/Documents/mirs_msgs/build/mirs_msgs', 'catkin_cmake_args': None, 'catkin_skip_building_tests': False, 'cmake_args': None, 'cmake_clean_cache': False, 'cmake_clean_first': False, 'cmake_force_configure': False, 'cmake_target': None, 'cmake_target_skip_unavailable': False, 'install_base': '/home/oumuika/Documents/mirs_msgs/install/mirs_msgs', 'merge_install': False, 'path': '/home/oumuika/Documents/mirs_msgs', 'symlink_install': False, 'test_result_base': None}
[0.280s] INFO:colcon.colcon_core.executor:Executing jobs using 'parallel' executor
[0.281s] DEBUG:colcon.colcon_parallel_executor.executor.parallel:run_until_complete
[0.281s] INFO:colcon.colcon_ros.task.ament_cmake.build:Building ROS package in '/home/oumuika/Documents/mirs_msgs' with build type 'ament_cmake'
[0.281s] INFO:colcon.colcon_cmake.task.cmake.build:Building CMake package in '/home/oumuika/Documents/mirs_msgs'
[0.283s] INFO:colcon.colcon_core.plugin_system:Skipping extension 'colcon_core.shell.bat': Not used on non-Windows systems
[0.283s] INFO:colcon.colcon_core.shell:Skip shell extension 'powershell' for command environment: Not usable outside of PowerShell
[0.283s] DEBUG:colcon.colcon_core.shell:Skip shell extension 'dsv' for command environment
[0.291s] DEBUG:colcon.colcon_core.event_handler.log_command:Invoking command in '/home/oumuika/Documents/mirs_msgs/build/mirs_msgs': CMAKE_PREFIX_PATH=/opt/ros/humble /usr/bin/cmake --build /home/oumuika/Documents/mirs_msgs/build/mirs_msgs -- -j16 -l16
[6.224s] DEBUG:colcon.colcon_core.event_handler.log_command:Invoked command in '/home/oumuika/Documents/mirs_msgs/build/mirs_msgs' returned '0': CMAKE_PREFIX_PATH=/opt/ros/humble /usr/bin/cmake --build /home/oumuika/Documents/mirs_msgs/build/mirs_msgs -- -j16 -l16
[6.404s] DEBUG:colcon.colcon_core.event_handler.log_command:Invoking command in '/home/oumuika/Documents/mirs_msgs/build/mirs_msgs': CMAKE_PREFIX_PATH=/opt/ros/humble /usr/bin/cmake --install /home/oumuika/Documents/mirs_msgs/build/mirs_msgs
[6.500s] Level 1:colcon.colcon_core.environment:create_environment_scripts_only(mirs_msgs)
[6.500s] DEBUG:colcon.colcon_core.event_handler.log_command:Invoked command in '/home/oumuika/Documents/mirs_msgs/build/mirs_msgs' returned '0': CMAKE_PREFIX_PATH=/opt/ros/humble /usr/bin/cmake --install /home/oumuika/Documents/mirs_msgs/build/mirs_msgs
[6.502s] Level 1:colcon.colcon_core.environment:checking '/home/oumuika/Documents/mirs_msgs/install/mirs_msgs' for CMake module files
[6.502s] Level 1:colcon.colcon_core.environment:checking '/home/oumuika/Documents/mirs_msgs/install/mirs_msgs' for CMake config files
[6.503s] Level 1:colcon.colcon_core.shell:create_environment_hook('mirs_msgs', 'cmake_prefix_path')
[6.503s] INFO:colcon.colcon_core.shell:Creating environment hook '/home/oumuika/Documents/mirs_msgs/install/mirs_msgs/share/mirs_msgs/hook/cmake_prefix_path.ps1'
[6.503s] INFO:colcon.colcon_core.shell:Creating environment descriptor '/home/oumuika/Documents/mirs_msgs/install/mirs_msgs/share/mirs_msgs/hook/cmake_prefix_path.dsv'
[6.504s] INFO:colcon.colcon_core.shell:Creating environment hook '/home/oumuika/Documents/mirs_msgs/install/mirs_msgs/share/mirs_msgs/hook/cmake_prefix_path.sh'
[6.504s] Level 1:colcon.colcon_core.environment:checking '/home/oumuika/Documents/mirs_msgs/install/mirs_msgs/lib'
[6.504s] Level 1:colcon.colcon_core.shell:create_environment_hook('mirs_msgs', 'ld_library_path_lib')
[6.505s] INFO:colcon.colcon_core.shell:Creating environment hook '/home/oumuika/Documents/mirs_msgs/install/mirs_msgs/share/mirs_msgs/hook/ld_library_path_lib.ps1'
[6.505s] INFO:colcon.colcon_core.shell:Creating environment descriptor '/home/oumuika/Documents/mirs_msgs/install/mirs_msgs/share/mirs_msgs/hook/ld_library_path_lib.dsv'
[6.505s] INFO:colcon.colcon_core.shell:Creating environment hook '/home/oumuika/Documents/mirs_msgs/install/mirs_msgs/share/mirs_msgs/hook/ld_library_path_lib.sh'
[6.505s] Level 1:colcon.colcon_core.environment:checking '/home/oumuika/Documents/mirs_msgs/install/mirs_msgs/bin'
[6.505s] Level 1:colcon.colcon_core.environment:checking '/home/oumuika/Documents/mirs_msgs/install/mirs_msgs/lib/pkgconfig/mirs_msgs.pc'
[6.506s] Level 1:colcon.colcon_core.environment:checking '/home/oumuika/Documents/mirs_msgs/install/mirs_msgs/lib/python3.10/site-packages'
[6.506s] Level 1:colcon.colcon_core.environment:checking '/home/oumuika/Documents/mirs_msgs/install/mirs_msgs/bin'
[6.506s] INFO:colcon.colcon_core.shell:Creating package script '/home/oumuika/Documents/mirs_msgs/install/mirs_msgs/share/mirs_msgs/package.ps1'
[6.507s] INFO:colcon.colcon_core.shell:Creating package descriptor '/home/oumuika/Documents/mirs_msgs/install/mirs_msgs/share/mirs_msgs/package.dsv'
[6.507s] INFO:colcon.colcon_core.shell:Creating package script '/home/oumuika/Documents/mirs_msgs/install/mirs_msgs/share/mirs_msgs/package.sh'
[6.507s] INFO:colcon.colcon_core.shell:Creating package script '/home/oumuika/Documents/mirs_msgs/install/mirs_msgs/share/mirs_msgs/package.bash'
[6.508s] INFO:colcon.colcon_core.shell:Creating package script '/home/oumuika/Documents/mirs_msgs/install/mirs_msgs/share/mirs_msgs/package.zsh'
[6.508s] Level 1:colcon.colcon_core.environment:create_file_with_runtime_dependencies(/home/oumuika/Documents/mirs_msgs/install/mirs_msgs/share/colcon-core/packages/mirs_msgs)
[6.674s] Level 1:colcon.colcon_core.environment:create_environment_scripts_only(mirs_msgs)
[6.674s] Level 1:colcon.colcon_core.environment:checking '/home/oumuika/Documents/mirs_msgs/install/mirs_msgs' for CMake module files
[6.675s] Level 1:colcon.colcon_core.environment:checking '/home/oumuika/Documents/mirs_msgs/install/mirs_msgs' for CMake config files
[6.675s] Level 1:colcon.colcon_core.shell:create_environment_hook('mirs_msgs', 'cmake_prefix_path')
[6.676s] INFO:colcon.colcon_core.shell:Creating environment hook '/home/oumuika/Documents/mirs_msgs/install/mirs_msgs/share/mirs_msgs/hook/cmake_prefix_path.ps1'
[6.676s] INFO:colcon.colcon_core.shell:Creating environment descriptor '/home/oumuika/Documents/mirs_msgs/install/mirs_msgs/share/mirs_msgs/hook/cmake_prefix_path.dsv'
[6.676s] INFO:colcon.colcon_core.shell:Creating environment hook '/home/oumuika/Documents/mirs_msgs/install/mirs_msgs/share/mirs_msgs/hook/cmake_prefix_path.sh'
[6.677s] Level 1:colcon.colcon_core.environment:checking '/home/oumuika/Documents/mirs_msgs/install/mirs_msgs/lib'
[6.677s] Level 1:colcon.colcon_core.shell:create_environment_hook('mirs_msgs', 'ld_library_path_lib')
[6.677s] INFO:colcon.colcon_core.shell:Creating environment hook '/home/oumuika/Documents/mirs_msgs/install/mirs_msgs/share/mirs_msgs/hook/ld_library_path_lib.ps1'
[6.677s] INFO:colcon.colcon_core.shell:Creating environment descriptor '/home/oumuika/Documents/mirs_msgs/install/mirs_msgs/share/mirs_msgs/hook/ld_library_path_lib.dsv'
[6.677s] INFO:colcon.colcon_core.shell:Creating environment hook '/home/oumuika/Documents/mirs_msgs/install/mirs_msgs/share/mirs_msgs/hook/ld_library_path_lib.sh'
[6.678s] Level 1:colcon.colcon_core.environment:checking '/home/oumuika/Documents/mirs_msgs/install/mirs_msgs/bin'
[6.678s] Level 1:colcon.colcon_core.environment:checking '/home/oumuika/Documents/mirs_msgs/install/mirs_msgs/lib/pkgconfig/mirs_msgs.pc'
[6.678s] Level 1:colcon.colcon_core.environment:checking '/home/oumuika/Documents/mirs_msgs/install/mirs_msgs/lib/python3.10/site-packages'
[6.678s] Level 1:colcon.colcon_core.environment:checking '/home/oumuika/Documents/mirs_msgs/install/mirs_msgs/bin'
[6.678s] INFO:colcon.colcon_core.shell:Creating package script '/home/oumuika/Documents/mirs_msgs/install/mirs_msgs/share/mirs_msgs/package.ps1'
[6.679s] INFO:colcon.colcon_core.shell:Creating package descriptor '/home/oumuika/Documents/mirs_msgs/install/mirs_msgs/share/mirs_msgs/package.dsv'
[6.679s] INFO:colcon.colcon_core.shell:Creating package script '/home/oumuika/Documents/mirs_msgs/install/mirs_msgs/share/mirs_msgs/package.sh'
[6.679s] INFO:colcon.colcon_core.shell:Creating package script '/home/oumuika/Documents/mirs_msgs/install/mirs_msgs/share/mirs_msgs/package.bash'
[6.680s] INFO:colcon.colcon_core.shell:Creating package script '/home/oumuika/Documents/mirs_msgs/install/mirs_msgs/share/mirs_msgs/package.zsh'
[6.680s] Level 1:colcon.colcon_core.environment:create_file_with_runtime_dependencies(/home/oumuika/Documents/mirs_msgs/install/mirs_msgs/share/colcon-core/packages/mirs_msgs)
[6.680s] DEBUG:colcon.colcon_parallel_executor.executor.parallel:closing loop
[6.680s] DEBUG:colcon.colcon_parallel_executor.executor.parallel:loop closed
[6.681s] DEBUG:colcon.colcon_parallel_executor.executor.parallel:run_until_complete finished with '0'
[6.681s] DEBUG:colcon.colcon_core.event_reactor:joining thread
[6.685s] INFO:colcon.colcon_core.plugin_system:Skipping extension 'colcon_notification.desktop_notification.terminal_notifier': Not used on non-Darwin systems
[6.686s] INFO:colcon.colcon_core.plugin_system:Skipping extension 'colcon_notification.desktop_notification.win32': Not used on non-Windows systems
[6.686s] INFO:colcon.colcon_notification.desktop_notification:Sending desktop notification using 'notify2'
[6.693s] DEBUG:colcon.colcon_core.event_reactor:joined thread
[6.693s] INFO:colcon.colcon_core.shell:Creating prefix script '/home/oumuika/Documents/mirs_msgs/install/local_setup.ps1'
[6.694s] INFO:colcon.colcon_core.shell:Creating prefix util module '/home/oumuika/Documents/mirs_msgs/install/_local_setup_util_ps1.py'
[6.695s] INFO:colcon.colcon_core.shell:Creating prefix chain script '/home/oumuika/Documents/mirs_msgs/install/setup.ps1'
[6.696s] INFO:colcon.colcon_core.shell:Creating prefix script '/home/oumuika/Documents/mirs_msgs/install/local_setup.sh'
[6.696s] INFO:colcon.colcon_core.shell:Creating prefix util module '/home/oumuika/Documents/mirs_msgs/install/_local_setup_util_sh.py'
[6.697s] INFO:colcon.colcon_core.shell:Creating prefix chain script '/home/oumuika/Documents/mirs_msgs/install/setup.sh'
[6.697s] INFO:colcon.colcon_core.shell:Creating prefix script '/home/oumuika/Documents/mirs_msgs/install/local_setup.bash'
[6.698s] INFO:colcon.colcon_core.shell:Creating prefix chain script '/home/oumuika/Documents/mirs_msgs/install/setup.bash'
[6.698s] INFO:colcon.colcon_core.shell:Creating prefix script '/home/oumuika/Documents/mirs_msgs/install/local_setup.zsh'
[6.699s] INFO:colcon.colcon_core.shell:Creating prefix chain script '/home/oumuika/Documents/mirs_msgs/install/setup.zsh'
